root - INFO - Datetime limit: 09/22/2020, 21:16:57
root - INFO - Setting up the instagram and twitter accounts
root - INFO - found result!
root - INFO - https://images.craigslist.org/00606_jrdhsmH5v3E_0lM0t2_600x450.jpg
root - INFO - found result!
root - INFO - https://images.craigslist.org/00B0B_gho5XbUvlBK_0CI0t2_600x450.jpg
root - INFO - found result!
root - INFO - https://images.craigslist.org/01414_dHn9V1vXfFI_0CI0t2_600x450.jpg
root - INFO - found result!
root - INFO - https://images.craigslist.org/01212_jxNWNc5Il22_0CI0pO_600x450.jpg
root - INFO - found result!
root - INFO - https://images.craigslist.org/00c0c_KJSe0gcZ6I_0CI0o2_600x450.jpg
root - INFO - found result!
root - INFO - https://images.craigslist.org/00N0N_ARNXkJkmLT_0CI0t2_600x450.jpg
root - INFO - found result!
root - INFO - https://images.craigslist.org/00w0w_i8cuvTrDHx2_0jm0ew_600x450.jpg
root - INFO - found result!
root - INFO - https://images.craigslist.org/00u0u_aghDjcAnlRG_0CI0t2_600x450.jpg
root - INFO - found result!
root - INFO - https://images.craigslist.org/01010_dn1xr2c5aXM_0CI0t2_600x450.jpg
root - INFO - found result!
root - INFO - https://images.craigslist.org/01111_3kGYEWr213e_0CI0t2_600x450.jpg
root - INFO - found result!
root - INFO - https://images.craigslist.org/00B0B_aX4AXQ85vRy_0t20lM_600x450.jpg
root - INFO - found result!
root - INFO - https://images.craigslist.org/00D0D_2uH9FYveWyN_0t20CI_600x450.jpg
root - INFO - found result!
root - INFO - https://images.craigslist.org/00D0D_2uH9FYveWyN_0t20CI_600x450.jpg
root - INFO - found result!
root - INFO - https://images.craigslist.org/00H0H_k2AmPLgAqvq_0jm0ew_600x450.jpg
root - INFO - found result!
root - INFO - https://images.craigslist.org/00q0q_h29aLkfH5id_0CI0t2_600x450.jpg
root - INFO - found result!
root - INFO - https://images.craigslist.org/01616_jqryUgGdrE2_0CI0t2_600x450.jpg
root - INFO - found result!
root - INFO - https://images.craigslist.org/00202_eeWTqkm2Chc_06K054_600x450.jpg
root - INFO - found result!
root - INFO - https://images.craigslist.org/00u0u_4uKT7f3UFCw_0CI0t2_600x450.jpg
root - INFO - found result!
root - INFO - https://images.craigslist.org/00202_krEpHIXsjzz_0CI0t2_600x450.jpg
root - INFO - found result!
root - INFO - https://images.craigslist.org/00A0A_eLFTUGwIDjH_0ak0ak_600x450.jpg
root - INFO - found result!
root - INFO - https://images.craigslist.org/00D0D_6u0bm5MtJia_0lM0t2_600x450.jpg
root - INFO - found result!
root - INFO - https://images.craigslist.org/00H0H_d7jThcUjAe6_0CI0t2_600x450.jpg
root - INFO - found result!
root - INFO - https://images.craigslist.org/01515_16BoYMbaqqA_0CI0sb_600x450.jpg
