root - INFO - Datetime limit: 08/22/2020, 20:00:03
root - INFO - Setting up the instagram and twitter accounts
instabot version: 0.117.0 - INFO - Instabot version: 0.117.0 Started
instabot version: 0.117.0 - DEBUG - Bot imported from /usr/local/lib/python3.7/dist-packages/instabot/bot/bot.py
instabot version: 0.117.0 - INFO - Not yet logged in starting: PRE-LOGIN FLOW!
instabot version: 0.117.0 - DEBUG - POST to endpoint: accounts/get_prefill_candidates/ returned response: <Response [200]>
instabot version: 0.117.0 - DEBUG - POST to endpoint: qe/sync/ returned response: <Response [200]>
instabot version: 0.117.0 - DEBUG - POST to endpoint: launcher/sync/ returned response: <Response [200]>
instabot version: 0.117.0 - DEBUG - POST to endpoint: accounts/contact_point_prefill/ returned response: <Response [200]>
instabot version: 0.117.0 - DEBUG - POST to endpoint: accounts/login/ returned response: <Response [200]>
instabot version: 0.117.0 - INFO - Logged-in successfully as 'carbotsocial@gmail.com'!
instabot version: 0.117.0 - INFO - LOGIN FLOW! Just logged-in: True
instabot version: 0.117.0 - DEBUG - POST to endpoint: qe/sync/ returned response: <Response [200]>
instabot version: 0.117.0 - DEBUG - POST to endpoint: launcher/sync/ returned response: <Response [200]>
instabot version: 0.117.0 - DEBUG - GET to endpoint: zr/token/result/?device_id=android-893358fb12fb41e0&token_hash=&custom_device_id=android-893358fb12fb41e0&fetch_reason=token_expired returned response: <Response [200]>
instabot version: 0.117.0 - DEBUG - GET to endpoint: multiple_accounts/get_account_family/ returned response: <Response [200]>
instabot version: 0.117.0 - DEBUG - POST to endpoint: qe/sync/ returned response: <Response [200]>
instabot version: 0.117.0 - DEBUG - GET to endpoint: igtv/browse_feed/?prefetch=1 returned response: <Response [200]>
instabot version: 0.117.0 - DEBUG - POST to endpoint: creatives/ar_class/ returned response: <Response [200]>
instabot version: 0.117.0 - DEBUG - POST to endpoint: feed/reels_tray/ returned response: <Response [200]>
instabot version: 0.117.0 - DEBUG - POST to endpoint: feed/timeline/ returned response: <Response [200]>
instabot version: 0.117.0 - DEBUG - GET to endpoint: media/blocked/ returned response: <Response [200]>
instabot version: 0.117.0 - DEBUG - GET to endpoint: news/inbox/ returned response: <Response [200]>
instabot version: 0.117.0 - DEBUG - GET to endpoint: loom/fetch_config/ returned response: <Response [200]>
instabot version: 0.117.0 - DEBUG - GET to endpoint: scores/bootstrap/users/?surfaces=["autocomplete_user_list","coefficient_besties_list_ranking","coefficient_rank_recipient_user_suggestion","coefficient_ios_section_test_bootstrap_ranking","coefficient_direct_recipients_ranking_variant_2"] returned response: <Response [200]>
instabot version: 0.117.0 - DEBUG - GET to endpoint: business/eligibility/get_monetization_products_eligibility_data/?product_types=branded_content returned response: <Response [200]>
instabot version: 0.117.0 - DEBUG - GET to endpoint: business/branded_content/should_require_professional_account/ returned response: <Response [200]>
instabot version: 0.117.0 - DEBUG - GET to endpoint: linked_accounts/get_linkage_status/ returned response: <Response [200]>
instabot version: 0.117.0 - DEBUG - GET to endpoint: locations/request_country/ returned response: <Response [200]>
instabot version: 0.117.0 - DEBUG - GET to endpoint: qp/get_cooldowns/?signed_body=signed_body=4b9c516a5410a3bc128e09c6104a7f042146b9c2023870560c63a43a7f66781c.4&ig_sig_key_version=4&ig_sig_key_version=4 returned response: <Response [200]>
instabot version: 0.117.0 - DEBUG - GET to endpoint: users/arlink_download_info/?version_override=2.2.1 returned response: <Response [200]>
instabot version: 0.117.0 - DEBUG - GET to endpoint: users/40228321451/info/ returned response: <Response [200]>
instabot version: 0.117.0 - DEBUG - GET to endpoint: direct_v2/get_presence/ returned response: <Response [200]>
instabot version: 0.117.0 - DEBUG - GET to endpoint: direct_v2/inbox/?visual_message_return_type=unseen&thread_message_limit=10&persistentBadging=true&limit=20 returned response: <Response [200]>
instabot version: 0.117.0 - DEBUG - GET to endpoint: direct_v2/inbox/?visual_message_return_type=unseen&persistentBadging=true&limit=0 returned response: <Response [200]>
instabot version: 0.117.0 - DEBUG - GET to endpoint: discover/topical_explore/?is_prefetch=true&omit_cover_media=true&use_sectional_payload=true&timezone_offset=0&session_id=dd5b457a-9d92-46b2-9203-316137be94dc&include_fixed_destinations=true returned response: <Response [200]>
instabot version: 0.117.0 - DEBUG - POST to endpoint: notifications/badge/ returned response: <Response [200]>
instabot version: 0.117.0 - DEBUG - POST to endpoint: qp/batch_fetch/ returned response: <Response [200]>
instabot version: 0.117.0 - DEBUG - Loading Checkpoint file from: /home/pi/config/carbotsocial@gmail.com.checkpoint
root - INFO - Convert function
root - INFO - Pulling image from URL function
root - INFO - Requests status: 200
root - INFO - Found image url:https://images.craigslist.org/00O0O_eKkQG4EzoSI_0CI0t2_600x450.jpg
root - INFO - https://images.craigslist.org/00O0O_eKkQG4EzoSI_0CI0t2_600x450.jpg
instabot version: 0.117.0 - DEBUG - POST to endpoint: media/configure/? returned response: <Response [200]>
instabot version: 0.117.0 - DEBUG - POST to endpoint: qe/expose/ returned response: <Response [200]>
instabot version: 0.117.0 - INFO - Photo '/home/pi/Desktop/CarBot/00O0O_eKkQG4EzoSI_0CI0t2_600x450.jpg' is uploaded.
root - INFO - Convert function
root - INFO - Convert function
root - INFO - Convert function
root - INFO - Convert function
root - INFO - Convert function
root - INFO - Pulling image from URL function
root - INFO - Requests status: 200
root - INFO - Found image url:https://images.craigslist.org/00o0o_9VVTQ943Thx_0CI0t2_600x450.jpg
root - INFO - https://images.craigslist.org/00o0o_9VVTQ943Thx_0CI0t2_600x450.jpg
instabot version: 0.117.0 - DEBUG - POST to endpoint: media/configure/? returned response: <Response [200]>
instabot version: 0.117.0 - DEBUG - POST to endpoint: qe/expose/ returned response: <Response [200]>
instabot version: 0.117.0 - INFO - Photo '/home/pi/Desktop/CarBot/00o0o_9VVTQ943Thx_0CI0t2_600x450.jpg' is uploaded.
root - INFO - Convert function
root - INFO - Convert function
root - INFO - Convert function
root - INFO - Convert function
root - INFO - Convert function
root - INFO - Convert function
root - INFO - Convert function
root - INFO - Convert function
root - INFO - Convert function
root - INFO - Convert function
root - INFO - Convert function
root - INFO - Convert function
root - INFO - Convert function
root - INFO - Convert function
root - INFO - Convert function
root - INFO - Convert function
root - INFO - Convert function
root - INFO - Convert function
root - INFO - Convert function
root - INFO - Pulling image from URL function
root - INFO - Requests status: 200
root - INFO - Found image url:https://images.craigslist.org/00i0i_beGvleqax9e_0CI0t2_600x450.jpg
root - INFO - https://images.craigslist.org/00i0i_beGvleqax9e_0CI0t2_600x450.jpg
instabot version: 0.117.0 - DEBUG - POST to endpoint: media/configure/? returned response: <Response [200]>
instabot version: 0.117.0 - DEBUG - POST to endpoint: qe/expose/ returned response: <Response [200]>
instabot version: 0.117.0 - INFO - Photo '/home/pi/Desktop/CarBot/00i0i_beGvleqax9e_0CI0t2_600x450.jpg' is uploaded.
root - INFO - Convert function
root - INFO - Convert function
root - INFO - Convert function
root - INFO - Convert function
root - INFO - Convert function
root - INFO - Convert function
root - INFO - Convert function
root - INFO - Convert function
root - INFO - Convert function
root - INFO - Convert function
root - INFO - Convert function
root - INFO - Convert function
root - INFO - Convert function
root - INFO - Convert function
root - INFO - Convert function
root - INFO - Convert function
root - INFO - Convert function
root - INFO - Convert function
root - INFO - Pulling image from URL function
root - INFO - Requests status: 200
root - INFO - Found image url:https://images.craigslist.org/01414_4pnBzijN1Q1_0CI0t2_600x450.jpg
root - INFO - https://images.craigslist.org/01414_4pnBzijN1Q1_0CI0t2_600x450.jpg
instabot version: 0.117.0 - DEBUG - POST to endpoint: media/configure/? returned response: <Response [200]>
instabot version: 0.117.0 - DEBUG - POST to endpoint: qe/expose/ returned response: <Response [200]>
instabot version: 0.117.0 - INFO - Photo '/home/pi/Desktop/CarBot/01414_4pnBzijN1Q1_0CI0t2_600x450.jpg' is uploaded.
root - INFO - Convert function
root - INFO - Convert function
root - INFO - Convert function
root - INFO - Convert function
root - INFO - Convert function
root - INFO - Convert function
root - INFO - Convert function
root - INFO - Convert function
root - INFO - Convert function
root - INFO - Convert function
root - INFO - Convert function
root - INFO - Convert function
root - INFO - Convert function
root - INFO - Convert function
root - INFO - Convert function
root - INFO - Convert function
root - INFO - Convert function
root - INFO - Convert function
root - INFO - Convert function
root - INFO - Convert function
root - INFO - Convert function
root - INFO - Convert function
root - INFO - Convert function
root - INFO - Convert function
root - INFO - Convert function
root - INFO - Convert function
root - INFO - Pulling image from URL function
root - INFO - Requests status: 200
root - INFO - Found image url:https://images.craigslist.org/00n0n_7KuyPcIAKXU_0CI0t2_600x450.jpg
root - INFO - https://images.craigslist.org/00n0n_7KuyPcIAKXU_0CI0t2_600x450.jpg
instabot version: 0.117.0 - DEBUG - POST to endpoint: media/configure/? returned response: <Response [200]>
instabot version: 0.117.0 - DEBUG - POST to endpoint: qe/expose/ returned response: <Response [200]>
instabot version: 0.117.0 - INFO - Photo '/home/pi/Desktop/CarBot/00n0n_7KuyPcIAKXU_0CI0t2_600x450.jpg' is uploaded.
root - INFO - Convert function
root - INFO - Pulling image from URL function
root - INFO - Requests status: 200
root - INFO - Found image url:https://images.craigslist.org/01212_hZOI040AwEc_0gw0co_600x450.jpg
root - INFO - https://images.craigslist.org/01212_hZOI040AwEc_0gw0co_600x450.jpg
instabot version: 0.117.0 - DEBUG - POST to endpoint: media/configure/? returned response: <Response [200]>
instabot version: 0.117.0 - DEBUG - POST to endpoint: qe/expose/ returned response: <Response [200]>
instabot version: 0.117.0 - INFO - Photo '/home/pi/Desktop/CarBot/01212_hZOI040AwEc_0gw0co_600x450.jpg' is uploaded.
root - INFO - Convert function
root - INFO - Convert function
root - INFO - Convert function
root - INFO - Convert function
root - INFO - Convert function
root - INFO - Convert function
root - INFO - Convert function
root - INFO - Convert function
root - INFO - Convert function
root - INFO - Convert function
root - INFO - Convert function
root - INFO - Convert function
root - INFO - Convert function
root - INFO - Convert function
root - INFO - Convert function
root - INFO - Convert function
root - INFO - Convert function
root - INFO - Convert function
root - INFO - Convert function
root - INFO - Convert function
root - INFO - Convert function
root - INFO - Convert function
root - INFO - Convert function
root - INFO - Convert function
root - INFO - Convert function
root - INFO - Convert function
root - INFO - Convert function
root - INFO - Convert function
root - INFO - Convert function
root - INFO - Convert function
root - INFO - Convert function
root - INFO - Convert function
root - INFO - Convert function
root - INFO - Convert function
root - INFO - Convert function
root - INFO - Convert function
root - INFO - Convert function
root - INFO - Convert function
root - INFO - Convert function
root - INFO - Convert function
root - INFO - Convert function
root - INFO - Convert function
root - INFO - Convert function
root - INFO - Convert function
root - INFO - Convert function
root - INFO - Convert function
root - INFO - Convert function
root - INFO - Convert function
root - INFO - Convert function
root - INFO - Convert function
root - INFO - Convert function
root - INFO - Convert function
root - INFO - Convert function
root - INFO - Convert function
root - INFO - Convert function
root - INFO - Convert function
root - INFO - Convert function
root - INFO - Convert function
root - INFO - Convert function
root - INFO - Convert function
root - INFO - Convert function
root - INFO - Convert function
root - INFO - Convert function
root - INFO - Convert function
root - INFO - Convert function
root - INFO - Convert function
root - INFO - Convert function
root - INFO - Convert function
root - INFO - Convert function
root - INFO - Convert function
root - INFO - Convert function
root - INFO - Convert function
root - INFO - Convert function
root - INFO - Convert function
root - INFO - Convert function
root - INFO - Convert function
root - INFO - Convert function
root - INFO - Convert function
root - INFO - Convert function
root - INFO - Convert function
root - INFO - Convert function
root - INFO - Convert function
root - INFO - Convert function
root - INFO - Convert function
root - INFO - Convert function
root - INFO - Convert function
root - INFO - Convert function
root - INFO - Convert function
root - INFO - Convert function
root - INFO - Convert function
root - INFO - Convert function
root - INFO - Convert function
root - INFO - Convert function
root - INFO - Convert function
root - INFO - Convert function
root - INFO - Convert function
root - INFO - Convert function
root - INFO - Convert function
root - INFO - Convert function
root - INFO - Convert function
root - INFO - Convert function
root - INFO - Convert function
root - INFO - Convert function
root - INFO - Convert function
root - INFO - Convert function
root - INFO - Convert function
root - INFO - Convert function
root - INFO - Convert function
root - INFO - Convert function
root - INFO - Convert function
root - INFO - Convert function
root - INFO - Convert function
root - INFO - Convert function
root - INFO - Convert function
root - INFO - Convert function
root - INFO - Convert function
root - INFO - Convert function
root - INFO - Convert function
root - INFO - Convert function
root - INFO - Convert function
root - INFO - Convert function
root - INFO - Convert function
root - INFO - Convert function
root - INFO - Convert function
root - INFO - Convert function
root - INFO - Convert function
root - INFO - Convert function
root - INFO - Convert function
root - INFO - Convert function
root - INFO - Convert function
root - INFO - Convert function
root - INFO - Convert function
root - INFO - Convert function
root - INFO - Convert function
root - INFO - Convert function
root - INFO - Convert function
root - INFO - Convert function
root - INFO - Convert function
root - INFO - Convert function
root - INFO - Pulling image from URL function
root - INFO - Requests status: 200
root - INFO - Found image url:https://images.craigslist.org/00G0G_aUpmFFMHstN_0x20oM_600x450.jpg
root - INFO - https://images.craigslist.org/00G0G_aUpmFFMHstN_0x20oM_600x450.jpg
instabot version: 0.117.0 - DEBUG - POST to endpoint: media/configure/? returned response: <Response [200]>
instabot version: 0.117.0 - DEBUG - POST to endpoint: qe/expose/ returned response: <Response [200]>
instabot version: 0.117.0 - INFO - Photo '/home/pi/Desktop/CarBot/00G0G_aUpmFFMHstN_0x20oM_600x450.jpg' is uploaded.
root - INFO - Convert function
root - INFO - Convert function
root - INFO - Pulling image from URL function
root - INFO - Requests status: 200
root - INFO - Found image url:https://images.craigslist.org/00R0R_91faSMU3rHf_0CI0t2_600x450.jpg
root - INFO - https://images.craigslist.org/00R0R_91faSMU3rHf_0CI0t2_600x450.jpg
instabot version: 0.117.0 - DEBUG - POST to endpoint: media/configure/? returned response: <Response [200]>
instabot version: 0.117.0 - DEBUG - POST to endpoint: qe/expose/ returned response: <Response [200]>
instabot version: 0.117.0 - INFO - Photo '/home/pi/Desktop/CarBot/00R0R_91faSMU3rHf_0CI0t2_600x450.jpg' is uploaded.
root - INFO - Convert function
root - INFO - Convert function
root - INFO - Convert function
root - INFO - Convert function
root - INFO - Convert function
root - INFO - Convert function
root - INFO - Convert function
root - INFO - Convert function
root - INFO - Convert function
root - INFO - Convert function
root - INFO - Convert function
root - INFO - Convert function
root - INFO - Convert function
root - INFO - Convert function
root - INFO - Convert function
root - INFO - Convert function
root - INFO - Convert function
root - INFO - Convert function
root - INFO - Convert function
root - INFO - Convert function
root - INFO - Convert function
root - INFO - Convert function
root - INFO - Convert function
root - INFO - Convert function
root - INFO - Convert function
root - INFO - Pulling image from URL function
root - INFO - Requests status: 200
root - INFO - Found image url:https://images.craigslist.org/00W0W_98TQDna3P6Q_0CI0t2_600x450.jpg
root - INFO - https://images.craigslist.org/00W0W_98TQDna3P6Q_0CI0t2_600x450.jpg
instabot version: 0.117.0 - DEBUG - POST to endpoint: media/configure/? returned response: <Response [200]>
instabot version: 0.117.0 - DEBUG - POST to endpoint: qe/expose/ returned response: <Response [200]>
instabot version: 0.117.0 - INFO - Photo '/home/pi/Desktop/CarBot/00W0W_98TQDna3P6Q_0CI0t2_600x450.jpg' is uploaded.
root - INFO - Convert function
root - INFO - Pulling image from URL function
root - INFO - Requests status: 200
root - INFO - Found image url:https://images.craigslist.org/00P0P_kKR9onSbJkD_0CI0t2_600x450.jpg
root - INFO - https://images.craigslist.org/00P0P_kKR9onSbJkD_0CI0t2_600x450.jpg
instabot version: 0.117.0 - DEBUG - POST to endpoint: media/configure/? returned response: <Response [200]>
instabot version: 0.117.0 - DEBUG - POST to endpoint: qe/expose/ returned response: <Response [200]>
instabot version: 0.117.0 - INFO - Photo '/home/pi/Desktop/CarBot/00P0P_kKR9onSbJkD_0CI0t2_600x450.jpg' is uploaded.
root - INFO - Convert function
root - INFO - Convert function
root - INFO - Convert function
root - INFO - Convert function
root - INFO - Convert function
root - INFO - Convert function
root - INFO - Convert function
root - INFO - Convert function
root - INFO - Convert function
root - INFO - Convert function
root - INFO - Convert function
root - INFO - Convert function
root - INFO - Convert function
root - INFO - Convert function
root - INFO - Convert function
root - INFO - Convert function
root - INFO - Pulling image from URL function
root - INFO - Requests status: 200
root - INFO - Found image url:https://images.craigslist.org/00C0C_66tQ3RAaZAU_0CI0t2_600x450.jpg
root - INFO - https://images.craigslist.org/00C0C_66tQ3RAaZAU_0CI0t2_600x450.jpg
instabot version: 0.117.0 - DEBUG - POST to endpoint: media/configure/? returned response: <Response [200]>
instabot version: 0.117.0 - DEBUG - POST to endpoint: qe/expose/ returned response: <Response [200]>
instabot version: 0.117.0 - INFO - Photo '/home/pi/Desktop/CarBot/00C0C_66tQ3RAaZAU_0CI0t2_600x450.jpg' is uploaded.
root - INFO - Convert function
root - INFO - Pulling image from URL function
root - INFO - Requests status: 200
root - INFO - Found image url:https://images.craigslist.org/01616_1r6bQUIDwbI_0CI0sr_600x450.jpg
root - INFO - https://images.craigslist.org/01616_1r6bQUIDwbI_0CI0sr_600x450.jpg
instabot version: 0.117.0 - DEBUG - POST to endpoint: media/configure/? returned response: <Response [200]>
instabot version: 0.117.0 - DEBUG - POST to endpoint: qe/expose/ returned response: <Response [200]>
instabot version: 0.117.0 - INFO - Photo '/home/pi/Desktop/CarBot/01616_1r6bQUIDwbI_0CI0sr_600x450.jpg' is uploaded.
root - INFO - Convert function
root - INFO - Convert function
root - INFO - Convert function
root - INFO - Convert function
root - INFO - Convert function
root - INFO - Convert function
root - INFO - Convert function
root - INFO - Convert function
root - INFO - Convert function
root - INFO - Convert function
root - INFO - Convert function
root - INFO - Convert function
root - INFO - Convert function
root - INFO - Convert function
root - INFO - Convert function
root - INFO - Convert function
root - INFO - Convert function
root - INFO - Convert function
root - INFO - Convert function
root - INFO - Pulling image from URL function
root - INFO - Requests status: 200
root - INFO - Found image url:https://images.craigslist.org/00b0b_cSh4AdO1ozI_0CI0t2_600x450.jpg
root - INFO - https://images.craigslist.org/00b0b_cSh4AdO1ozI_0CI0t2_600x450.jpg
instabot version: 0.117.0 - DEBUG - POST to endpoint: media/configure/? returned response: <Response [200]>
instabot version: 0.117.0 - DEBUG - POST to endpoint: qe/expose/ returned response: <Response [200]>
instabot version: 0.117.0 - INFO - Photo '/home/pi/Desktop/CarBot/00b0b_cSh4AdO1ozI_0CI0t2_600x450.jpg' is uploaded.
root - INFO - Convert function
root - INFO - Convert function
root - INFO - Convert function
root - INFO - Convert function
root - INFO - Convert function
root - INFO - Convert function
root - INFO - Convert function
root - INFO - Convert function
root - INFO - Convert function
root - INFO - Convert function
root - INFO - Convert function
root - INFO - Convert function
root - INFO - Convert function
root - INFO - Convert function
root - INFO - Convert function
root - INFO - Pulling image from URL function
root - INFO - Requests status: 200
root - INFO - Found image url:https://images.craigslist.org/00v0v_lzzuaDLr0Cq_0lM0t2_600x450.jpg
root - INFO - https://images.craigslist.org/00v0v_lzzuaDLr0Cq_0lM0t2_600x450.jpg
instabot version: 0.117.0 - DEBUG - POST to endpoint: media/configure/? returned response: <Response [200]>
instabot version: 0.117.0 - DEBUG - POST to endpoint: qe/expose/ returned response: <Response [200]>
instabot version: 0.117.0 - INFO - Photo '/home/pi/Desktop/CarBot/00v0v_lzzuaDLr0Cq_0lM0t2_600x450.jpg' is uploaded.
root - INFO - Convert function
root - INFO - Convert function
root - INFO - Convert function
root - INFO - Convert function
root - INFO - Convert function
root - INFO - Convert function
root - INFO - Convert function
root - INFO - Convert function
root - INFO - Convert function
root - INFO - Convert function
root - INFO - Pulling image from URL function
root - INFO - Requests status: 200
root - INFO - Found image url:https://images.craigslist.org/00a0a_9AKscHdUIMj_0CI0t2_600x450.jpg
root - INFO - https://images.craigslist.org/00a0a_9AKscHdUIMj_0CI0t2_600x450.jpg
instabot version: 0.117.0 - DEBUG - POST to endpoint: media/configure/? returned response: <Response [200]>
instabot version: 0.117.0 - DEBUG - POST to endpoint: qe/expose/ returned response: <Response [200]>
instabot version: 0.117.0 - INFO - Photo '/home/pi/Desktop/CarBot/00a0a_9AKscHdUIMj_0CI0t2_600x450.jpg' is uploaded.
root - INFO - Convert function
root - INFO - Convert function
root - INFO - Convert function
root - INFO - Convert function
root - INFO - Convert function
root - INFO - Convert function
root - INFO - Convert function
root - INFO - Convert function
root - INFO - Convert function
root - INFO - Convert function
root - INFO - Convert function
root - INFO - Convert function
root - INFO - Convert function
root - INFO - Convert function
root - INFO - Convert function
root - INFO - Convert function
root - INFO - Convert function
root - INFO - Convert function
root - INFO - Convert function
root - INFO - Pulling image from URL function
root - INFO - Requests status: 200
root - INFO - Found image url:https://images.craigslist.org/00L0L_aN2METMHp6x_0CI0t2_600x450.jpg
root - INFO - https://images.craigslist.org/00L0L_aN2METMHp6x_0CI0t2_600x450.jpg
instabot version: 0.117.0 - DEBUG - POST to endpoint: media/configure/? returned response: <Response [200]>
instabot version: 0.117.0 - DEBUG - POST to endpoint: qe/expose/ returned response: <Response [200]>
instabot version: 0.117.0 - INFO - Photo '/home/pi/Desktop/CarBot/00L0L_aN2METMHp6x_0CI0t2_600x450.jpg' is uploaded.
root - INFO - Convert function
root - INFO - Convert function
root - INFO - Convert function
root - INFO - Convert function
root - INFO - Convert function
root - INFO - Convert function
root - INFO - Convert function
root - INFO - Convert function
root - INFO - Convert function
root - INFO - Convert function
root - INFO - Convert function
root - INFO - Convert function
root - INFO - Convert function
root - INFO - Convert function
root - INFO - Convert function
root - INFO - Convert function
root - INFO - Pulling image from URL function
root - INFO - Requests status: 200
root - INFO - Found image url:https://images.craigslist.org/00o0o_doqoU1Xb0s8_0CI0CI_600x450.jpg
root - INFO - https://images.craigslist.org/00o0o_doqoU1Xb0s8_0CI0CI_600x450.jpg
instabot version: 0.117.0 - DEBUG - POST to endpoint: media/configure/? returned response: <Response [200]>
instabot version: 0.117.0 - DEBUG - POST to endpoint: qe/expose/ returned response: <Response [200]>
instabot version: 0.117.0 - INFO - Photo '/home/pi/Desktop/CarBot/00o0o_doqoU1Xb0s8_0CI0CI_600x450.jpg' is uploaded.
root - INFO - Convert function
root - INFO - Convert function
root - INFO - Convert function
root - INFO - Convert function
root - INFO - Convert function
root - INFO - Convert function
root - INFO - Pulling image from URL function
root - INFO - Requests status: 200
root - INFO - Found image url:https://images.craigslist.org/00303_53Gp7Er0VdP_0CI0t2_600x450.jpg
root - INFO - https://images.craigslist.org/00303_53Gp7Er0VdP_0CI0t2_600x450.jpg
instabot version: 0.117.0 - DEBUG - POST to endpoint: media/configure/? returned response: <Response [200]>
instabot version: 0.117.0 - DEBUG - POST to endpoint: qe/expose/ returned response: <Response [200]>
instabot version: 0.117.0 - INFO - Photo '/home/pi/Desktop/CarBot/00303_53Gp7Er0VdP_0CI0t2_600x450.jpg' is uploaded.
root - INFO - Convert function
root - INFO - Pulling image from URL function
root - INFO - Requests status: 200
root - INFO - Found image url:https://images.craigslist.org/00Q0Q_9Vco5p84aHw_0CI0t2_600x450.jpg
root - INFO - https://images.craigslist.org/00Q0Q_9Vco5p84aHw_0CI0t2_600x450.jpg
instabot version: 0.117.0 - DEBUG - POST to endpoint: media/configure/? returned response: <Response [200]>
instabot version: 0.117.0 - DEBUG - POST to endpoint: qe/expose/ returned response: <Response [200]>
instabot version: 0.117.0 - INFO - Photo '/home/pi/Desktop/CarBot/00Q0Q_9Vco5p84aHw_0CI0t2_600x450.jpg' is uploaded.
root - INFO - Convert function
root - INFO - Convert function
root - INFO - Convert function
root - INFO - Convert function
root - INFO - Convert function
root - INFO - Convert function
root - INFO - Convert function
root - INFO - Convert function
root - INFO - Convert function
root - INFO - Convert function
root - INFO - Convert function
root - INFO - Convert function
root - INFO - Convert function
root - INFO - Pulling image from URL function
root - INFO - Requests status: 200
root - INFO - Found image url:https://images.craigslist.org/00D0D_1lljtfMKgc6_0CI0t2_600x450.jpg
root - INFO - https://images.craigslist.org/00D0D_1lljtfMKgc6_0CI0t2_600x450.jpg
instabot version: 0.117.0 - DEBUG - POST to endpoint: media/configure/? returned response: <Response [200]>
instabot version: 0.117.0 - DEBUG - POST to endpoint: qe/expose/ returned response: <Response [200]>
instabot version: 0.117.0 - INFO - Photo '/home/pi/Desktop/CarBot/00D0D_1lljtfMKgc6_0CI0t2_600x450.jpg' is uploaded.
root - INFO - Convert function
root - INFO - Convert function
root - INFO - Convert function
root - INFO - Convert function
root - INFO - Convert function
root - INFO - Convert function
root - INFO - Convert function
root - INFO - Convert function
root - INFO - Pulling image from URL function
root - INFO - Requests status: 200
root - INFO - Found image url:https://images.craigslist.org/00U0U_b5RsRs08n7c_0gw0co_600x450.jpg
root - INFO - https://images.craigslist.org/00U0U_b5RsRs08n7c_0gw0co_600x450.jpg
instabot version: 0.117.0 - DEBUG - POST to endpoint: media/configure/? returned response: <Response [200]>
instabot version: 0.117.0 - DEBUG - POST to endpoint: qe/expose/ returned response: <Response [200]>
instabot version: 0.117.0 - INFO - Photo '/home/pi/Desktop/CarBot/00U0U_b5RsRs08n7c_0gw0co_600x450.jpg' is uploaded.
root - INFO - Convert function
root - INFO - Convert function
root - INFO - Convert function
root - INFO - Convert function
root - INFO - Convert function
root - INFO - Convert function
python-craiglist - WARNING - 'clean' is not a valid option for auto_title_status
python-craiglist - WARNING - 'salvage' is not a valid option for auto_title_status
python-craiglist - WARNING - 'rebuilt' is not a valid option for auto_title_status
python-craiglist - WARNING - 'lien' is not a valid option for auto_title_status
root - INFO - Convert function
root - INFO - Pulling image from URL function
root - INFO - Requests status: 200
root - INFO - Found image url:https://images.craigslist.org/00a0a_6JHj2zWuSMe_0CI0t2_600x450.jpg
root - INFO - https://images.craigslist.org/00a0a_6JHj2zWuSMe_0CI0t2_600x450.jpg
instabot version: 0.117.0 - DEBUG - POST to endpoint: media/configure/? returned response: <Response [200]>
instabot version: 0.117.0 - DEBUG - POST to endpoint: qe/expose/ returned response: <Response [200]>
instabot version: 0.117.0 - INFO - Photo '/home/pi/Desktop/CarBot/00a0a_6JHj2zWuSMe_0CI0t2_600x450.jpg' is uploaded.
root - INFO - Convert function
root - INFO - Convert function
root - INFO - Convert function
root - INFO - Convert function
root - INFO - Convert function
root - INFO - Pulling image from URL function
root - INFO - Requests status: 200
root - INFO - Found image url:https://images.craigslist.org/00c0c_lSkGw9sks6l_0CI0t2_600x450.jpg
root - INFO - https://images.craigslist.org/00c0c_lSkGw9sks6l_0CI0t2_600x450.jpg
instabot version: 0.117.0 - DEBUG - POST to endpoint: media/configure/? returned response: <Response [200]>
instabot version: 0.117.0 - DEBUG - POST to endpoint: qe/expose/ returned response: <Response [200]>
instabot version: 0.117.0 - INFO - Photo '/home/pi/Desktop/CarBot/00c0c_lSkGw9sks6l_0CI0t2_600x450.jpg' is uploaded.
root - INFO - Convert function
root - INFO - Convert function
root - INFO - Convert function
root - INFO - Convert function
root - INFO - Convert function
root - INFO - Convert function
root - INFO - Convert function
root - INFO - Convert function
root - INFO - Convert function
root - INFO - Convert function
root - INFO - Convert function
root - INFO - Convert function
root - INFO - Convert function
root - INFO - Convert function
root - INFO - Convert function
root - INFO - Convert function
root - INFO - Convert function
root - INFO - Convert function
root - INFO - Convert function
root - INFO - Convert function
root - INFO - Convert function
root - INFO - Convert function
root - INFO - Convert function
root - INFO - Convert function
root - INFO - Convert function
root - INFO - Convert function
root - INFO - Convert function
root - INFO - Convert function
root - INFO - Pulling image from URL function
root - INFO - Requests status: 200
root - INFO - Found image url:https://images.craigslist.org/00i0i_5WnZMYF74k4_0CI0t2_600x450.jpg
root - INFO - https://images.craigslist.org/00i0i_5WnZMYF74k4_0CI0t2_600x450.jpg
instabot version: 0.117.0 - DEBUG - POST to endpoint: media/configure/? returned response: <Response [200]>
instabot version: 0.117.0 - DEBUG - POST to endpoint: qe/expose/ returned response: <Response [200]>
instabot version: 0.117.0 - INFO - Photo '/home/pi/Desktop/CarBot/00i0i_5WnZMYF74k4_0CI0t2_600x450.jpg' is uploaded.
root - INFO - Convert function
root - INFO - Pulling image from URL function
root - INFO - Requests status: 200
root - INFO - Found image url:https://images.craigslist.org/00J0J_dAexmDPhsOB_0CI0t2_600x450.jpg
root - INFO - https://images.craigslist.org/00J0J_dAexmDPhsOB_0CI0t2_600x450.jpg
instabot version: 0.117.0 - DEBUG - POST to endpoint: media/configure/? returned response: <Response [200]>
instabot version: 0.117.0 - DEBUG - POST to endpoint: qe/expose/ returned response: <Response [200]>
instabot version: 0.117.0 - INFO - Photo '/home/pi/Desktop/CarBot/00J0J_dAexmDPhsOB_0CI0t2_600x450.jpg' is uploaded.
root - INFO - Convert function
root - INFO - Convert function
root - INFO - Convert function
root - INFO - Convert function
root - INFO - Convert function
root - INFO - Convert function
root - INFO - Convert function
root - INFO - Convert function
root - INFO - Convert function
root - INFO - Convert function
root - INFO - Convert function
root - INFO - Convert function
root - INFO - Convert function
root - INFO - Convert function
root - INFO - Convert function
root - INFO - Convert function
root - INFO - Convert function
root - INFO - Convert function
root - INFO - Convert function
root - INFO - Convert function
root - INFO - Convert function
root - INFO - Convert function
root - INFO - Convert function
root - INFO - Convert function
root - INFO - Convert function
root - INFO - Convert function
root - INFO - Convert function
root - INFO - Convert function
root - INFO - Convert function
root - INFO - Convert function
root - INFO - Convert function
root - INFO - Convert function
root - INFO - Convert function
root - INFO - Convert function
instabot version: 0.117.0 - DEBUG - Saving Checkpoint file to: /home/pi/config/carbotsocial@gmail.com.checkpoint
instabot version: 0.117.0 - INFO - Total requests: 81
