root - INFO - Datetime limit: 08/22/2020, 16:27:35
root - INFO - Setting up the instagram and twitter accounts
instabot version: 0.117.0 - INFO - Instabot version: 0.117.0 Started
instabot version: 0.117.0 - DEBUG - Bot imported from /usr/local/lib/python3.7/dist-packages/instabot/bot/bot.py
instabot version: 0.117.0 - DEBUG - Loading uuids
instabot version: 0.117.0 - INFO - Recovery from /home/pi/Desktop/CarBot/PyCode/config/Swedish_Steel_Bot_uuid_and_cookie.json: COOKIE False - UUIDs True - TIMING, DEVICE and ...
- user-agent=Instagram 117.0.0.28.123 Android (28/9.0; 420dpi; 1080x1920; OnePlus; ONEPLUS A3003; OnePlus3; qcom; en_US; 180322800)
- phone_id=fa8b8c74-91b5-48fe-91ec-b16a97dd62d1
- uuid=0d5a3802-7f50-4f2c-847f-f9e23eb1f435
- client_session_id=20ac67aa-923f-4ec5-b3ef-92d2c55d46ba
- device_id=android-ce8f4586c9287142
instabot version: 0.117.0 - INFO - Not yet logged in starting: PRE-LOGIN FLOW!
instabot version: 0.117.0 - DEBUG - POST to endpoint: accounts/get_prefill_candidates/ returned response: <Response [200]>
instabot version: 0.117.0 - DEBUG - POST to endpoint: qe/sync/ returned response: <Response [200]>
instabot version: 0.117.0 - DEBUG - POST to endpoint: launcher/sync/ returned response: <Response [200]>
instabot version: 0.117.0 - DEBUG - POST to endpoint: accounts/contact_point_prefill/ returned response: <Response [200]>
instabot version: 0.117.0 - DEBUG - POST to endpoint: accounts/login/ returned response: <Response [200]>
instabot version: 0.117.0 - INFO - Logged-in successfully as 'Swedish_Steel_Bot'!
instabot version: 0.117.0 - INFO - LOGIN FLOW! Just logged-in: True
instabot version: 0.117.0 - DEBUG - POST to endpoint: qe/sync/ returned response: <Response [200]>
instabot version: 0.117.0 - DEBUG - POST to endpoint: launcher/sync/ returned response: <Response [200]>
instabot version: 0.117.0 - DEBUG - GET to endpoint: zr/token/result/?device_id=android-ce8f4586c9287142&token_hash=&custom_device_id=android-ce8f4586c9287142&fetch_reason=token_expired returned response: <Response [200]>
instabot version: 0.117.0 - DEBUG - GET to endpoint: multiple_accounts/get_account_family/ returned response: <Response [200]>
instabot version: 0.117.0 - DEBUG - POST to endpoint: qe/sync/ returned response: <Response [200]>
instabot version: 0.117.0 - DEBUG - GET to endpoint: igtv/browse_feed/?prefetch=1 returned response: <Response [200]>
instabot version: 0.117.0 - DEBUG - POST to endpoint: creatives/ar_class/ returned response: <Response [200]>
instabot version: 0.117.0 - DEBUG - POST to endpoint: feed/reels_tray/ returned response: <Response [200]>
instabot version: 0.117.0 - DEBUG - POST to endpoint: feed/timeline/ returned response: <Response [200]>
instabot version: 0.117.0 - DEBUG - GET to endpoint: media/blocked/ returned response: <Response [200]>
instabot version: 0.117.0 - DEBUG - GET to endpoint: news/inbox/ returned response: <Response [200]>
instabot version: 0.117.0 - DEBUG - GET to endpoint: loom/fetch_config/ returned response: <Response [200]>
instabot version: 0.117.0 - DEBUG - GET to endpoint: scores/bootstrap/users/?surfaces=["autocomplete_user_list","coefficient_besties_list_ranking","coefficient_rank_recipient_user_suggestion","coefficient_ios_section_test_bootstrap_ranking","coefficient_direct_recipients_ranking_variant_2"] returned response: <Response [200]>
instabot version: 0.117.0 - DEBUG - GET to endpoint: business/eligibility/get_monetization_products_eligibility_data/?product_types=branded_content returned response: <Response [200]>
instabot version: 0.117.0 - DEBUG - GET to endpoint: business/branded_content/should_require_professional_account/ returned response: <Response [200]>
instabot version: 0.117.0 - DEBUG - GET to endpoint: linked_accounts/get_linkage_status/ returned response: <Response [200]>
instabot version: 0.117.0 - DEBUG - GET to endpoint: locations/request_country/ returned response: <Response [200]>
instabot version: 0.117.0 - DEBUG - GET to endpoint: qp/get_cooldowns/?signed_body=signed_body=4b9c516a5410a3bc128e09c6104a7f042146b9c2023870560c63a43a7f66781c.4&ig_sig_key_version=4&ig_sig_key_version=4 returned response: <Response [200]>
instabot version: 0.117.0 - DEBUG - GET to endpoint: users/arlink_download_info/?version_override=2.2.1 returned response: <Response [200]>
instabot version: 0.117.0 - DEBUG - GET to endpoint: users/40503496731/info/ returned response: <Response [200]>
instabot version: 0.117.0 - DEBUG - GET to endpoint: direct_v2/get_presence/ returned response: <Response [200]>
instabot version: 0.117.0 - DEBUG - GET to endpoint: direct_v2/inbox/?visual_message_return_type=unseen&thread_message_limit=10&persistentBadging=true&limit=20 returned response: <Response [200]>
instabot version: 0.117.0 - DEBUG - GET to endpoint: direct_v2/inbox/?visual_message_return_type=unseen&persistentBadging=true&limit=0 returned response: <Response [200]>
instabot version: 0.117.0 - DEBUG - GET to endpoint: discover/topical_explore/?is_prefetch=true&omit_cover_media=true&use_sectional_payload=true&timezone_offset=0&session_id=20ac67aa-923f-4ec5-b3ef-92d2c55d46ba&include_fixed_destinations=true returned response: <Response [200]>
instabot version: 0.117.0 - DEBUG - POST to endpoint: notifications/badge/ returned response: <Response [200]>
instabot version: 0.117.0 - DEBUG - POST to endpoint: qp/batch_fetch/ returned response: <Response [200]>
instabot version: 0.117.0 - DEBUG - Loading Checkpoint file from: /home/pi/Desktop/CarBot/PyCode/config/Swedish_Steel_Bot.checkpoint
root - INFO - found result!
root - INFO - https://images.craigslist.org/00j0j_acXmA574JJ7_0CI0t2_600x450.jpg
instabot version: 0.117.0 - DEBUG - POST to endpoint: media/configure/? returned response: <Response [200]>
instabot version: 0.117.0 - DEBUG - POST to endpoint: qe/expose/ returned response: <Response [200]>
instabot version: 0.117.0 - INFO - Photo '/home/pi/Desktop/CarBot/00j0j_acXmA574JJ7_0CI0t2_600x450.jpg' is uploaded.
root - INFO - found result!
root - INFO - found result!
root - INFO - found result!
root - INFO - found result!
root - INFO - found result!
root - INFO - found result!
root - INFO - found result!
root - INFO - found result!
root - INFO - found result!
root - INFO - found result!
root - INFO - found result!
root - INFO - found result!
root - INFO - found result!
root - INFO - https://images.craigslist.org/00000_lRzIHIGrW39_0CI0t2_600x450.jpg
instabot version: 0.117.0 - DEBUG - POST to endpoint: media/configure/? returned response: <Response [200]>
instabot version: 0.117.0 - DEBUG - POST to endpoint: qe/expose/ returned response: <Response [200]>
instabot version: 0.117.0 - INFO - Photo '/home/pi/Desktop/CarBot/00000_lRzIHIGrW39_0CI0t2_600x450.jpg' is uploaded.
root - INFO - found result!
root - INFO - https://images.craigslist.org/00I0I_1v5TH35Uq0C_0q10eU_600x450.jpg
instabot version: 0.117.0 - DEBUG - POST to endpoint: media/configure/? returned response: <Response [200]>
instabot version: 0.117.0 - DEBUG - POST to endpoint: qe/expose/ returned response: <Response [200]>
instabot version: 0.117.0 - INFO - Photo '/home/pi/Desktop/CarBot/00I0I_1v5TH35Uq0C_0q10eU_600x450.jpg' is uploaded.
root - INFO - found result!
root - INFO - https://images.craigslist.org/00M0M_6XhZbzfVbeZ_0CI0t2_600x450.jpg
instabot version: 0.117.0 - DEBUG - POST to endpoint: media/configure/? returned response: <Response [200]>
instabot version: 0.117.0 - DEBUG - POST to endpoint: qe/expose/ returned response: <Response [200]>
instabot version: 0.117.0 - INFO - Photo '/home/pi/Desktop/CarBot/00M0M_6XhZbzfVbeZ_0CI0t2_600x450.jpg' is uploaded.
root - INFO - found result!
root - INFO - https://images.craigslist.org/00j0j_iNIRnZ0yHTU_0CI0lM_600x450.jpg
instabot version: 0.117.0 - DEBUG - POST to endpoint: media/configure/? returned response: <Response [200]>
instabot version: 0.117.0 - DEBUG - POST to endpoint: qe/expose/ returned response: <Response [200]>
instabot version: 0.117.0 - INFO - Photo '/home/pi/Desktop/CarBot/00j0j_iNIRnZ0yHTU_0CI0lM_600x450.jpg' is uploaded.
root - INFO - found result!
root - INFO - https://images.craigslist.org/00808_2qxCavc77o5_0CI0ik_600x450.jpg
instabot version: 0.117.0 - DEBUG - POST to endpoint: media/configure/? returned response: <Response [200]>
instabot version: 0.117.0 - DEBUG - POST to endpoint: qe/expose/ returned response: <Response [200]>
instabot version: 0.117.0 - INFO - Photo '/home/pi/Desktop/CarBot/00808_2qxCavc77o5_0CI0ik_600x450.jpg' is uploaded.
root - INFO - found result!
root - INFO - found result!
root - INFO - found result!
root - INFO - found result!
root - INFO - found result!
root - INFO - found result!
root - INFO - found result!
root - INFO - found result!
root - INFO - found result!
root - INFO - found result!
root - INFO - found result!
root - INFO - found result!
root - INFO - found result!
root - INFO - found result!
root - INFO - found result!
root - INFO - found result!
root - INFO - found result!
root - INFO - found result!
root - INFO - found result!
root - INFO - found result!
root - INFO - found result!
root - INFO - https://images.craigslist.org/00C0C_3us2A7z412J_0Ba0oM_600x450.jpg
instabot version: 0.117.0 - DEBUG - POST to endpoint: media/configure/? returned response: <Response [200]>
instabot version: 0.117.0 - DEBUG - POST to endpoint: qe/expose/ returned response: <Response [200]>
instabot version: 0.117.0 - INFO - Photo '/home/pi/Desktop/CarBot/00C0C_3us2A7z412J_0Ba0oM_600x450.jpg' is uploaded.
root - INFO - found result!
root - INFO - found result!
root - INFO - found result!
root - INFO - found result!
root - INFO - found result!
root - INFO - found result!
root - INFO - found result!
root - INFO - https://images.craigslist.org/00D0D_1G4PaWQ7GMc_07K05O_600x450.jpg
instabot version: 0.117.0 - DEBUG - POST to endpoint: media/configure/? returned response: <Response [200]>
instabot version: 0.117.0 - DEBUG - POST to endpoint: qe/expose/ returned response: <Response [200]>
instabot version: 0.117.0 - INFO - Photo '/home/pi/Desktop/CarBot/00D0D_1G4PaWQ7GMc_07K05O_600x450.jpg' is uploaded.
root - INFO - found result!
root - INFO - https://images.craigslist.org/01010_5fbdhBHd5Wu_1320MM_600x450.jpg
instabot version: 0.117.0 - DEBUG - POST to endpoint: media/configure/? returned response: <Response [200]>
instabot version: 0.117.0 - DEBUG - POST to endpoint: qe/expose/ returned response: <Response [200]>
instabot version: 0.117.0 - INFO - Photo '/home/pi/Desktop/CarBot/01010_5fbdhBHd5Wu_1320MM_600x450.jpg' is uploaded.
root - INFO - found result!
root - INFO - https://images.craigslist.org/00t0t_h5TfaXFBCPX_0sU0lE_600x450.jpg
instabot version: 0.117.0 - DEBUG - POST to endpoint: media/configure/? returned response: <Response [200]>
instabot version: 0.117.0 - DEBUG - POST to endpoint: qe/expose/ returned response: <Response [200]>
instabot version: 0.117.0 - INFO - Photo '/home/pi/Desktop/CarBot/00t0t_h5TfaXFBCPX_0sU0lE_600x450.jpg' is uploaded.
root - INFO - found result!
root - INFO - found result!
root - INFO - found result!
root - INFO - found result!
root - INFO - https://images.craigslist.org/00P0P_e8IvdMiCA0s_0CI0lM_600x450.jpg
instabot version: 0.117.0 - DEBUG - POST to endpoint: media/configure/? returned response: <Response [200]>
instabot version: 0.117.0 - DEBUG - POST to endpoint: qe/expose/ returned response: <Response [200]>
instabot version: 0.117.0 - INFO - Photo '/home/pi/Desktop/CarBot/00P0P_e8IvdMiCA0s_0CI0lM_600x450.jpg' is uploaded.
root - INFO - found result!
root - INFO - https://images.craigslist.org/00101_hDBs4Ws3Mrn_0CI0t2_600x450.jpg
instabot version: 0.117.0 - DEBUG - POST to endpoint: media/configure/? returned response: <Response [200]>
instabot version: 0.117.0 - DEBUG - POST to endpoint: qe/expose/ returned response: <Response [200]>
instabot version: 0.117.0 - INFO - Photo '/home/pi/Desktop/CarBot/00101_hDBs4Ws3Mrn_0CI0t2_600x450.jpg' is uploaded.
root - INFO - found result!
root - INFO - https://images.craigslist.org/00N0N_cXz3pT1LOpv_0CI0pO_600x450.jpg
instabot version: 0.117.0 - DEBUG - POST to endpoint: media/configure/? returned response: <Response [200]>
instabot version: 0.117.0 - DEBUG - POST to endpoint: qe/expose/ returned response: <Response [200]>
instabot version: 0.117.0 - INFO - Photo '/home/pi/Desktop/CarBot/00N0N_cXz3pT1LOpv_0CI0pO_600x450.jpg' is uploaded.
root - INFO - found result!
root - INFO - https://images.craigslist.org/00404_f22GhEXVBGE_0CI0t2_600x450.jpg
instabot version: 0.117.0 - DEBUG - POST to endpoint: media/configure/? returned response: <Response [200]>
instabot version: 0.117.0 - DEBUG - POST to endpoint: qe/expose/ returned response: <Response [200]>
instabot version: 0.117.0 - INFO - Photo '/home/pi/Desktop/CarBot/00404_f22GhEXVBGE_0CI0t2_600x450.jpg' is uploaded.
root - INFO - found result!
root - INFO - https://images.craigslist.org/00808_2qxCavc77o5_0CI0ik_600x450.jpg
instabot version: 0.117.0 - DEBUG - POST to endpoint: media/configure/? returned response: <Response [200]>
instabot version: 0.117.0 - DEBUG - POST to endpoint: qe/expose/ returned response: <Response [200]>
instabot version: 0.117.0 - INFO - Photo '/home/pi/Desktop/CarBot/00808_2qxCavc77o5_0CI0ik_600x450.jpg' is uploaded.
root - INFO - found result!
root - INFO - found result!
root - INFO - found result!
root - INFO - found result!
root - INFO - found result!
root - INFO - found result!
root - INFO - found result!
root - INFO - found result!
root - INFO - found result!
root - INFO - https://images.craigslist.org/00A0A_43ounRjhOLm_0CI0t2_600x450.jpg
instabot version: 0.117.0 - DEBUG - POST to endpoint: media/configure/? returned response: <Response [200]>
instabot version: 0.117.0 - DEBUG - POST to endpoint: qe/expose/ returned response: <Response [200]>
instabot version: 0.117.0 - INFO - Photo '/home/pi/Desktop/CarBot/00A0A_43ounRjhOLm_0CI0t2_600x450.jpg' is uploaded.
root - INFO - found result!
root - INFO - https://images.craigslist.org/00t0t_5NKTZijKBP8_0CI0t2_600x450.jpg
instabot version: 0.117.0 - DEBUG - POST to endpoint: media/configure/? returned response: <Response [200]>
instabot version: 0.117.0 - DEBUG - POST to endpoint: qe/expose/ returned response: <Response [200]>
instabot version: 0.117.0 - INFO - Photo '/home/pi/Desktop/CarBot/00t0t_5NKTZijKBP8_0CI0t2_600x450.jpg' is uploaded.
root - INFO - found result!
root - INFO - https://images.craigslist.org/01313_cG2MwUx1RV5_0ak07K_600x450.jpg
instabot version: 0.117.0 - DEBUG - POST to endpoint: media/configure/? returned response: <Response [200]>
instabot version: 0.117.0 - DEBUG - POST to endpoint: qe/expose/ returned response: <Response [200]>
instabot version: 0.117.0 - INFO - Photo '/home/pi/Desktop/CarBot/01313_cG2MwUx1RV5_0ak07K_600x450.jpg' is uploaded.
root - INFO - found result!
root - INFO - found result!
root - INFO - found result!
root - INFO - found result!
root - INFO - found result!
root - INFO - found result!
root - INFO - found result!
root - INFO - found result!
root - INFO - found result!
root - INFO - found result!
root - INFO - found result!
root - INFO - found result!
root - INFO - found result!
root - INFO - found result!
root - INFO - found result!
root - INFO - found result!
root - INFO - found result!
root - INFO - found result!
root - INFO - found result!
root - INFO - found result!
root - INFO - found result!
root - INFO - found result!
root - INFO - found result!
root - INFO - found result!
root - INFO - found result!
root - INFO - found result!
root - INFO - found result!
root - INFO - found result!
root - INFO - found result!
root - INFO - found result!
root - INFO - found result!
root - INFO - https://images.craigslist.org/00H0H_hNI4qK1yf59_0CI0t2_600x450.jpg
instabot version: 0.117.0 - DEBUG - POST to endpoint: media/configure/? returned response: <Response [200]>
instabot version: 0.117.0 - DEBUG - POST to endpoint: qe/expose/ returned response: <Response [200]>
instabot version: 0.117.0 - INFO - Photo '/home/pi/Desktop/CarBot/00H0H_hNI4qK1yf59_0CI0t2_600x450.jpg' is uploaded.
root - INFO - found result!
root - INFO - https://images.craigslist.org/00R0R_ks76wRi8RbE_0CI0t2_600x450.jpg
instabot version: 0.117.0 - DEBUG - POST to endpoint: media/configure/? returned response: <Response [200]>
instabot version: 0.117.0 - DEBUG - POST to endpoint: qe/expose/ returned response: <Response [200]>
instabot version: 0.117.0 - INFO - Photo '/home/pi/Desktop/CarBot/00R0R_ks76wRi8RbE_0CI0t2_600x450.jpg' is uploaded.
root - INFO - found result!
root - INFO - found result!
root - INFO - found result!
root - INFO - found result!
root - INFO - found result!
root - INFO - found result!
root - INFO - found result!
root - INFO - found result!
root - INFO - https://images.craigslist.org/00Y0Y_g08CjwYLh1h_0CI0hr_600x450.jpg
instabot version: 0.117.0 - DEBUG - POST to endpoint: media/configure/? returned response: <Response [200]>
instabot version: 0.117.0 - DEBUG - POST to endpoint: qe/expose/ returned response: <Response [200]>
instabot version: 0.117.0 - INFO - Photo '/home/pi/Desktop/CarBot/00Y0Y_g08CjwYLh1h_0CI0hr_600x450.jpg' is uploaded.
root - INFO - found result!
root - INFO - found result!
root - INFO - found result!
root - INFO - found result!
root - INFO - found result!
root - INFO - https://images.craigslist.org/00v0v_gkQhc3M7MgN_0CI0t2_600x450.jpg
instabot version: 0.117.0 - DEBUG - POST to endpoint: media/configure/? returned response: <Response [200]>
instabot version: 0.117.0 - DEBUG - POST to endpoint: qe/expose/ returned response: <Response [200]>
instabot version: 0.117.0 - INFO - Photo '/home/pi/Desktop/CarBot/00v0v_gkQhc3M7MgN_0CI0t2_600x450.jpg' is uploaded.
root - INFO - found result!
root - INFO - found result!
root - INFO - found result!
root - INFO - found result!
root - INFO - https://images.craigslist.org/00p0p_kt80pZRDCaS_0CI0t2_600x450.jpg
instabot version: 0.117.0 - DEBUG - POST to endpoint: media/configure/? returned response: <Response [200]>
instabot version: 0.117.0 - DEBUG - POST to endpoint: qe/expose/ returned response: <Response [200]>
instabot version: 0.117.0 - INFO - Photo '/home/pi/Desktop/CarBot/00p0p_kt80pZRDCaS_0CI0t2_600x450.jpg' is uploaded.
root - INFO - found result!
root - INFO - found result!
root - INFO - found result!
root - INFO - https://images.craigslist.org/00K0K_iI7G5MuUUAR_0ew0jm_600x450.jpg
instabot version: 0.117.0 - DEBUG - POST to endpoint: media/configure/? returned response: <Response [200]>
instabot version: 0.117.0 - DEBUG - POST to endpoint: qe/expose/ returned response: <Response [200]>
instabot version: 0.117.0 - INFO - Photo '/home/pi/Desktop/CarBot/00K0K_iI7G5MuUUAR_0ew0jm_600x450.jpg' is uploaded.
root - INFO - found result!
root - INFO - found result!
root - INFO - found result!
root - INFO - found result!
root - INFO - found result!
root - INFO - https://images.craigslist.org/00U0U_2ssM9NS79CA_0kE0dL_600x450.jpg
instabot version: 0.117.0 - DEBUG - POST to endpoint: media/configure/? returned response: <Response [200]>
instabot version: 0.117.0 - DEBUG - POST to endpoint: qe/expose/ returned response: <Response [200]>
instabot version: 0.117.0 - INFO - Photo '/home/pi/Desktop/CarBot/00U0U_2ssM9NS79CA_0kE0dL_600x450.jpg' is uploaded.
root - INFO - found result!
root - INFO - found result!
root - INFO - found result!
root - INFO - found result!
root - INFO - found result!
root - INFO - found result!
root - INFO - found result!
root - INFO - https://images.craigslist.org/00a0a_5bCIHLh9tpV_0CI0gw_600x450.jpg
instabot version: 0.117.0 - DEBUG - POST to endpoint: media/configure/? returned response: <Response [200]>
instabot version: 0.117.0 - DEBUG - POST to endpoint: qe/expose/ returned response: <Response [200]>
instabot version: 0.117.0 - INFO - Photo '/home/pi/Desktop/CarBot/00a0a_5bCIHLh9tpV_0CI0gw_600x450.jpg' is uploaded.
root - INFO - found result!
root - INFO - https://images.craigslist.org/00E0E_jIalUpV5GrN_0CI0pO_600x450.jpg
instabot version: 0.117.0 - DEBUG - POST to endpoint: media/configure/? returned response: <Response [200]>
instabot version: 0.117.0 - DEBUG - POST to endpoint: qe/expose/ returned response: <Response [200]>
instabot version: 0.117.0 - INFO - Photo '/home/pi/Desktop/CarBot/00E0E_jIalUpV5GrN_0CI0pO_600x450.jpg' is uploaded.
root - INFO - found result!
root - INFO - found result!
root - INFO - found result!
root - INFO - https://images.craigslist.org/00b0b_6onvehYRgLl_0hq0aj_600x450.jpg
instabot version: 0.117.0 - DEBUG - POST to endpoint: media/configure/? returned response: <Response [200]>
instabot version: 0.117.0 - DEBUG - POST to endpoint: qe/expose/ returned response: <Response [200]>
instabot version: 0.117.0 - INFO - Photo '/home/pi/Desktop/CarBot/00b0b_6onvehYRgLl_0hq0aj_600x450.jpg' is uploaded.
root - INFO - found result!
root - INFO - https://images.craigslist.org/00n0n_eiq9tL1Iinm_0CI0lM_600x450.jpg
instabot version: 0.117.0 - DEBUG - POST to endpoint: media/configure/? returned response: <Response [200]>
instabot version: 0.117.0 - DEBUG - POST to endpoint: qe/expose/ returned response: <Response [200]>
instabot version: 0.117.0 - INFO - Photo '/home/pi/Desktop/CarBot/00n0n_eiq9tL1Iinm_0CI0lM_600x450.jpg' is uploaded.
root - INFO - found result!
root - INFO - found result!
root - INFO - found result!
root - INFO - found result!
root - INFO - found result!
root - INFO - found result!
root - INFO - found result!
root - INFO - found result!
root - INFO - found result!
root - INFO - https://images.craigslist.org/00e0e_kj1hfkqmdUE_0ak07K_600x450.jpg
instabot version: 0.117.0 - DEBUG - POST to endpoint: media/configure/? returned response: <Response [200]>
instabot version: 0.117.0 - DEBUG - POST to endpoint: qe/expose/ returned response: <Response [200]>
instabot version: 0.117.0 - INFO - Photo '/home/pi/Desktop/CarBot/00e0e_kj1hfkqmdUE_0ak07K_600x450.jpg' is uploaded.
root - INFO - found result!
root - INFO - https://images.craigslist.org/00h0h_b9fRJuFtiE7_0CI0t2_600x450.jpg
instabot version: 0.117.0 - DEBUG - POST to endpoint: media/configure/? returned response: <Response [200]>
instabot version: 0.117.0 - DEBUG - POST to endpoint: qe/expose/ returned response: <Response [200]>
instabot version: 0.117.0 - INFO - Photo '/home/pi/Desktop/CarBot/00h0h_b9fRJuFtiE7_0CI0t2_600x450.jpg' is uploaded.
root - INFO - found result!
root - INFO - found result!
root - INFO - found result!
root - INFO - found result!
root - INFO - found result!
root - INFO - found result!
root - INFO - found result!
root - INFO - found result!
root - INFO - found result!
root - INFO - found result!
root - INFO - found result!
root - INFO - found result!
root - INFO - https://images.craigslist.org/00d0d_8el4zq2O8kO_0x20oM_600x450.jpg
instabot version: 0.117.0 - DEBUG - POST to endpoint: media/configure/? returned response: <Response [200]>
instabot version: 0.117.0 - DEBUG - POST to endpoint: qe/expose/ returned response: <Response [200]>
instabot version: 0.117.0 - INFO - Photo '/home/pi/Desktop/CarBot/00d0d_8el4zq2O8kO_0x20oM_600x450.jpg' is uploaded.
root - INFO - found result!
root - INFO - https://images.craigslist.org/00D0D_feVwAwxbhGz_0x20oM_600x450.jpg
instabot version: 0.117.0 - DEBUG - POST to endpoint: media/configure/? returned response: <Response [200]>
instabot version: 0.117.0 - DEBUG - POST to endpoint: qe/expose/ returned response: <Response [200]>
instabot version: 0.117.0 - INFO - Photo '/home/pi/Desktop/CarBot/00D0D_feVwAwxbhGz_0x20oM_600x450.jpg' is uploaded.
root - INFO - found result!
root - INFO - found result!
root - INFO - https://images.craigslist.org/00K0K_aymXdRvTmtg_0CI0t2_600x450.jpg
instabot version: 0.117.0 - DEBUG - POST to endpoint: media/configure/? returned response: <Response [200]>
instabot version: 0.117.0 - DEBUG - POST to endpoint: qe/expose/ returned response: <Response [200]>
instabot version: 0.117.0 - INFO - Photo '/home/pi/Desktop/CarBot/00K0K_aymXdRvTmtg_0CI0t2_600x450.jpg' is uploaded.
root - INFO - found result!
root - INFO - https://images.craigslist.org/00909_biQdNXmz1gM_0CI0t2_600x450.jpg
instabot version: 0.117.0 - DEBUG - POST to endpoint: media/configure/? returned response: <Response [200]>
instabot version: 0.117.0 - DEBUG - POST to endpoint: qe/expose/ returned response: <Response [200]>
instabot version: 0.117.0 - INFO - Photo '/home/pi/Desktop/CarBot/00909_biQdNXmz1gM_0CI0t2_600x450.jpg' is uploaded.
root - INFO - found result!
root - INFO - https://images.craigslist.org/00i0i_bNt6DCdhFgD_0x20oM_600x450.jpg
instabot version: 0.117.0 - DEBUG - POST to endpoint: media/configure/? returned response: <Response [200]>
instabot version: 0.117.0 - DEBUG - POST to endpoint: qe/expose/ returned response: <Response [200]>
instabot version: 0.117.0 - INFO - Photo '/home/pi/Desktop/CarBot/00i0i_bNt6DCdhFgD_0x20oM_600x450.jpg' is uploaded.
root - INFO - found result!
root - INFO - found result!
root - INFO - found result!
root - INFO - found result!
root - INFO - found result!
root - INFO - found result!
root - INFO - https://images.craigslist.org/00k0k_cIUbWYhEujd_0CI0t2_600x450.jpg
instabot version: 0.117.0 - DEBUG - POST to endpoint: media/configure/? returned response: <Response [200]>
instabot version: 0.117.0 - DEBUG - POST to endpoint: qe/expose/ returned response: <Response [200]>
instabot version: 0.117.0 - INFO - Photo '/home/pi/Desktop/CarBot/00k0k_cIUbWYhEujd_0CI0t2_600x450.jpg' is uploaded.
root - INFO - found result!
root - INFO - https://images.craigslist.org/00Y0Y_lhirlEREBW4_0CI0t2_600x450.jpg
instabot version: 0.117.0 - DEBUG - POST to endpoint: media/configure/? returned response: <Response [200]>
instabot version: 0.117.0 - DEBUG - POST to endpoint: qe/expose/ returned response: <Response [200]>
instabot version: 0.117.0 - INFO - Photo '/home/pi/Desktop/CarBot/00Y0Y_lhirlEREBW4_0CI0t2_600x450.jpg' is uploaded.
root - INFO - found result!
root - INFO - https://images.craigslist.org/00K0K_7tCGd1UaCel_0CI0t2_600x450.jpg
instabot version: 0.117.0 - DEBUG - POST to endpoint: media/configure/? returned response: <Response [200]>
instabot version: 0.117.0 - DEBUG - POST to endpoint: qe/expose/ returned response: <Response [200]>
instabot version: 0.117.0 - INFO - Photo '/home/pi/Desktop/CarBot/00K0K_7tCGd1UaCel_0CI0t2_600x450.jpg' is uploaded.
root - INFO - found result!
root - INFO - found result!
root - INFO - found result!
root - INFO - found result!
root - INFO - found result!
root - INFO - found result!
root - INFO - found result!
root - INFO - found result!
root - INFO - found result!
root - INFO - https://images.craigslist.org/00I0I_cBLJp84Ojym_0xS0pp_600x450.jpg
instabot version: 0.117.0 - DEBUG - POST to endpoint: media/configure/? returned response: <Response [200]>
instabot version: 0.117.0 - DEBUG - POST to endpoint: qe/expose/ returned response: <Response [200]>
instabot version: 0.117.0 - INFO - Photo '/home/pi/Desktop/CarBot/00I0I_cBLJp84Ojym_0xS0pp_600x450.jpg' is uploaded.
root - INFO - found result!
root - INFO - https://images.craigslist.org/00v0v_70i4aK5GxyX_05a03S_600x450.jpg
instabot version: 0.117.0 - DEBUG - POST to endpoint: media/configure/? returned response: <Response [200]>
instabot version: 0.117.0 - DEBUG - POST to endpoint: qe/expose/ returned response: <Response [200]>
instabot version: 0.117.0 - INFO - Photo '/home/pi/Desktop/CarBot/00v0v_70i4aK5GxyX_05a03S_600x450.jpg' is uploaded.
root - INFO - found result!
root - INFO - found result!
root - INFO - found result!
root - INFO - found result!
root - INFO - found result!
root - INFO - found result!
root - INFO - found result!
root - INFO - found result!
root - INFO - found result!
root - INFO - found result!
root - INFO - found result!
root - INFO - found result!
root - INFO - https://images.craigslist.org/00M0M_4ztnhFiotVg_0x20oM_600x450.jpg
instabot version: 0.117.0 - DEBUG - POST to endpoint: media/configure/? returned response: <Response [200]>
instabot version: 0.117.0 - DEBUG - POST to endpoint: qe/expose/ returned response: <Response [200]>
instabot version: 0.117.0 - INFO - Photo '/home/pi/Desktop/CarBot/00M0M_4ztnhFiotVg_0x20oM_600x450.jpg' is uploaded.
root - INFO - found result!
root - INFO - found result!
root - INFO - found result!
root - INFO - found result!
root - INFO - found result!
root - INFO - https://images.craigslist.org/00f0f_eyTGjVc0jb3_0pO0jm_600x450.jpg
instabot version: 0.117.0 - DEBUG - POST to endpoint: media/configure/? returned response: <Response [200]>
instabot version: 0.117.0 - DEBUG - POST to endpoint: qe/expose/ returned response: <Response [200]>
instabot version: 0.117.0 - INFO - Photo '/home/pi/Desktop/CarBot/00f0f_eyTGjVc0jb3_0pO0jm_600x450.jpg' is uploaded.
root - INFO - found result!
root - INFO - found result!
root - INFO - https://images.craigslist.org/00c0c_ezJViwDH4bb_0CI0t2_600x450.jpg
instabot version: 0.117.0 - DEBUG - POST to endpoint: media/configure/? returned response: <Response [200]>
instabot version: 0.117.0 - DEBUG - POST to endpoint: qe/expose/ returned response: <Response [200]>
instabot version: 0.117.0 - INFO - Photo '/home/pi/Desktop/CarBot/00c0c_ezJViwDH4bb_0CI0t2_600x450.jpg' is uploaded.
root - INFO - found result!
root - INFO - found result!
root - INFO - found result!
root - INFO - found result!
root - INFO - found result!
root - INFO - found result!
root - INFO - found result!
root - INFO - found result!
root - INFO - found result!
root - INFO - found result!
root - INFO - found result!
root - INFO - found result!
root - INFO - found result!
root - INFO - https://images.craigslist.org/00404_bYQ9LDJdMA4_0CI0lM_600x450.jpg
instabot version: 0.117.0 - DEBUG - POST to endpoint: media/configure/? returned response: <Response [200]>
instabot version: 0.117.0 - DEBUG - POST to endpoint: qe/expose/ returned response: <Response [200]>
instabot version: 0.117.0 - INFO - Photo '/home/pi/Desktop/CarBot/00404_bYQ9LDJdMA4_0CI0lM_600x450.jpg' is uploaded.
root - INFO - found result!
root - INFO - found result!
root - INFO - found result!
root - INFO - found result!
root - INFO - found result!
root - INFO - found result!
root - INFO - found result!
root - INFO - found result!
root - INFO - found result!
root - INFO - found result!
root - INFO - found result!
root - INFO - found result!
root - INFO - found result!
root - INFO - https://images.craigslist.org/00z0z_58JuG6Y6Sx7_0CI0t2_600x450.jpg
instabot version: 0.117.0 - DEBUG - POST to endpoint: media/configure/? returned response: <Response [200]>
instabot version: 0.117.0 - DEBUG - POST to endpoint: qe/expose/ returned response: <Response [200]>
instabot version: 0.117.0 - INFO - Photo '/home/pi/Desktop/CarBot/00z0z_58JuG6Y6Sx7_0CI0t2_600x450.jpg' is uploaded.
root - INFO - found result!
root - INFO - found result!
root - INFO - found result!
root - INFO - found result!
root - INFO - found result!
root - INFO - found result!
root - INFO - found result!
root - INFO - https://images.craigslist.org/00u0u_lni29WnsKEW_0lM0t2_600x450.jpg
instabot version: 0.117.0 - DEBUG - POST to endpoint: media/configure/? returned response: <Response [200]>
instabot version: 0.117.0 - DEBUG - POST to endpoint: qe/expose/ returned response: <Response [200]>
instabot version: 0.117.0 - INFO - Photo '/home/pi/Desktop/CarBot/00u0u_lni29WnsKEW_0lM0t2_600x450.jpg' is uploaded.
root - INFO - found result!
root - INFO - found result!
root - INFO - https://images.craigslist.org/00A0A_j5iKSmEVVcr_0CI0sV_600x450.jpg
instabot version: 0.117.0 - DEBUG - POST to endpoint: media/configure/? returned response: <Response [200]>
instabot version: 0.117.0 - DEBUG - POST to endpoint: qe/expose/ returned response: <Response [200]>
instabot version: 0.117.0 - INFO - Photo '/home/pi/Desktop/CarBot/00A0A_j5iKSmEVVcr_0CI0sV_600x450.jpg' is uploaded.
root - INFO - found result!
root - INFO - https://images.craigslist.org/00R0R_2KYBMal4NvG_0CI0t2_600x450.jpg
instabot version: 0.117.0 - DEBUG - POST to endpoint: media/configure/? returned response: <Response [200]>
instabot version: 0.117.0 - DEBUG - POST to endpoint: qe/expose/ returned response: <Response [200]>
instabot version: 0.117.0 - INFO - Photo '/home/pi/Desktop/CarBot/00R0R_2KYBMal4NvG_0CI0t2_600x450.jpg' is uploaded.
root - INFO - found result!
root - INFO - https://images.craigslist.org/00y0y_2TaRb0Z0zjC_0qL0t2_600x450.jpg
instabot version: 0.117.0 - DEBUG - POST to endpoint: media/configure/? returned response: <Response [200]>
instabot version: 0.117.0 - DEBUG - POST to endpoint: qe/expose/ returned response: <Response [200]>
instabot version: 0.117.0 - INFO - Photo '/home/pi/Desktop/CarBot/00y0y_2TaRb0Z0zjC_0qL0t2_600x450.jpg' is uploaded.
root - INFO - found result!
root - INFO - found result!
root - INFO - found result!
root - INFO - https://images.craigslist.org/01111_arxSX7fBbyC_0dl0a0_600x450.jpg
instabot version: 0.117.0 - DEBUG - POST to endpoint: media/configure/? returned response: <Response [200]>
instabot version: 0.117.0 - DEBUG - POST to endpoint: qe/expose/ returned response: <Response [200]>
instabot version: 0.117.0 - INFO - Photo '/home/pi/Desktop/CarBot/01111_arxSX7fBbyC_0dl0a0_600x450.jpg' is uploaded.
root - INFO - found result!
root - INFO - found result!
root - INFO - https://images.craigslist.org/00606_hdKYyhetiML_0CI0t2_600x450.jpg
instabot version: 0.117.0 - DEBUG - POST to endpoint: media/configure/? returned response: <Response [200]>
instabot version: 0.117.0 - DEBUG - POST to endpoint: qe/expose/ returned response: <Response [200]>
instabot version: 0.117.0 - INFO - Photo '/home/pi/Desktop/CarBot/00606_hdKYyhetiML_0CI0t2_600x450.jpg' is uploaded.
root - INFO - found result!
root - INFO - found result!
root - INFO - https://images.craigslist.org/00f0f_6Cz2TDeZjhd_0CI0t2_600x450.jpg
instabot version: 0.117.0 - DEBUG - POST to endpoint: media/configure/? returned response: <Response [200]>
instabot version: 0.117.0 - DEBUG - POST to endpoint: qe/expose/ returned response: <Response [200]>
instabot version: 0.117.0 - INFO - Photo '/home/pi/Desktop/CarBot/00f0f_6Cz2TDeZjhd_0CI0t2_600x450.jpg' is uploaded.
root - INFO - found result!
root - INFO - found result!
root - INFO - found result!
root - INFO - https://images.craigslist.org/00x0x_7Xz8OHvwDyp_0x20oM_600x450.jpg
instabot version: 0.117.0 - DEBUG - POST to endpoint: media/configure/? returned response: <Response [200]>
instabot version: 0.117.0 - DEBUG - POST to endpoint: qe/expose/ returned response: <Response [200]>
instabot version: 0.117.0 - INFO - Photo '/home/pi/Desktop/CarBot/00x0x_7Xz8OHvwDyp_0x20oM_600x450.jpg' is uploaded.
root - INFO - found result!
root - INFO - found result!
root - INFO - found result!
root - INFO - found result!
root - INFO - found result!
root - INFO - found result!
root - INFO - found result!
root - INFO - found result!
root - INFO - found result!
root - INFO - found result!
root - INFO - found result!
root - INFO - https://images.craigslist.org/00707_SEnwh6e9WE_0CI0t2_600x450.jpg
instabot version: 0.117.0 - DEBUG - POST to endpoint: media/configure/? returned response: <Response [200]>
instabot version: 0.117.0 - DEBUG - POST to endpoint: qe/expose/ returned response: <Response [200]>
instabot version: 0.117.0 - INFO - Photo '/home/pi/Desktop/CarBot/00707_SEnwh6e9WE_0CI0t2_600x450.jpg' is uploaded.
root - INFO - found result!
root - INFO - https://images.craigslist.org/00i0i_fKaphpT20Fo_0lM0t2_600x450.jpg
instabot version: 0.117.0 - DEBUG - POST to endpoint: media/configure/? returned response: <Response [200]>
instabot version: 0.117.0 - DEBUG - POST to endpoint: qe/expose/ returned response: <Response [200]>
instabot version: 0.117.0 - INFO - Photo '/home/pi/Desktop/CarBot/00i0i_fKaphpT20Fo_0lM0t2_600x450.jpg' is uploaded.
root - INFO - found result!
root - INFO - https://images.craigslist.org/01515_8DV8FF0kcBk_0lM0t2_600x450.jpg
instabot version: 0.117.0 - DEBUG - POST to endpoint: media/configure/? returned response: <Response [200]>
instabot version: 0.117.0 - DEBUG - POST to endpoint: qe/expose/ returned response: <Response [200]>
instabot version: 0.117.0 - INFO - Photo '/home/pi/Desktop/CarBot/01515_8DV8FF0kcBk_0lM0t2_600x450.jpg' is uploaded.
root - INFO - found result!
root - INFO - found result!
root - INFO - found result!
root - INFO - found result!
root - INFO - found result!
root - INFO - found result!
root - INFO - found result!
root - INFO - found result!
root - INFO - found result!
root - INFO - found result!
root - INFO - found result!
root - INFO - found result!
root - INFO - found result!
root - INFO - found result!
root - INFO - found result!
root - INFO - found result!
root - INFO - found result!
root - INFO - found result!
root - INFO - found result!
root - INFO - found result!
root - INFO - found result!
root - INFO - found result!
root - INFO - found result!
root - INFO - https://images.craigslist.org/00L0L_2YefxQocEvW_0CI0t2_600x450.jpg
instabot version: 0.117.0 - DEBUG - POST to endpoint: media/configure/? returned response: <Response [200]>
instabot version: 0.117.0 - DEBUG - POST to endpoint: qe/expose/ returned response: <Response [200]>
instabot version: 0.117.0 - INFO - Photo '/home/pi/Desktop/CarBot/00L0L_2YefxQocEvW_0CI0t2_600x450.jpg' is uploaded.
root - INFO - found result!
root - INFO - https://images.craigslist.org/00H0H_gjhrHf9MAL5_0CI0t2_600x450.jpg
instabot version: 0.117.0 - DEBUG - POST to endpoint: media/configure/? returned response: <Response [200]>
instabot version: 0.117.0 - DEBUG - POST to endpoint: qe/expose/ returned response: <Response [200]>
instabot version: 0.117.0 - INFO - Photo '/home/pi/Desktop/CarBot/00H0H_gjhrHf9MAL5_0CI0t2_600x450.jpg' is uploaded.
root - INFO - found result!
root - INFO - https://images.craigslist.org/00w0w_3nDhfZqqL8C_0x20oM_600x450.jpg
instabot version: 0.117.0 - DEBUG - POST to endpoint: media/configure/? returned response: <Response [200]>
instabot version: 0.117.0 - DEBUG - POST to endpoint: qe/expose/ returned response: <Response [200]>
instabot version: 0.117.0 - INFO - Photo '/home/pi/Desktop/CarBot/00w0w_3nDhfZqqL8C_0x20oM_600x450.jpg' is uploaded.
root - INFO - found result!
root - INFO - found result!
root - INFO - found result!
root - INFO - found result!
root - INFO - https://images.craigslist.org/00Y0Y_ihxg1dqbsLF_0x20oM_600x450.jpg
instabot version: 0.117.0 - DEBUG - POST to endpoint: media/configure/? returned response: <Response [200]>
instabot version: 0.117.0 - DEBUG - POST to endpoint: qe/expose/ returned response: <Response [200]>
instabot version: 0.117.0 - INFO - Photo '/home/pi/Desktop/CarBot/00Y0Y_ihxg1dqbsLF_0x20oM_600x450.jpg' is uploaded.
root - INFO - found result!
root - INFO - https://images.craigslist.org/00909_4RP13GpneJ5_0CI0t2_600x450.jpg
instabot version: 0.117.0 - DEBUG - POST to endpoint: media/configure/? returned response: <Response [200]>
instabot version: 0.117.0 - DEBUG - POST to endpoint: qe/expose/ returned response: <Response [200]>
instabot version: 0.117.0 - INFO - Photo '/home/pi/Desktop/CarBot/00909_4RP13GpneJ5_0CI0t2_600x450.jpg' is uploaded.
root - INFO - found result!
root - INFO - https://images.craigslist.org/01212_3J3RN5tKIiH_0gw0co_600x450.jpg
instabot version: 0.117.0 - DEBUG - POST to endpoint: media/configure/? returned response: <Response [200]>
instabot version: 0.117.0 - DEBUG - POST to endpoint: qe/expose/ returned response: <Response [200]>
instabot version: 0.117.0 - INFO - Photo '/home/pi/Desktop/CarBot/01212_3J3RN5tKIiH_0gw0co_600x450.jpg' is uploaded.
root - INFO - found result!
root - INFO - found result!
root - INFO - found result!
root - INFO - https://images.craigslist.org/00606_8Gb0JeRvaST_0dh06g_600x450.jpg
instabot version: 0.117.0 - DEBUG - POST to endpoint: media/configure/? returned response: <Response [200]>
instabot version: 0.117.0 - DEBUG - POST to endpoint: qe/expose/ returned response: <Response [200]>
instabot version: 0.117.0 - INFO - Photo '/home/pi/Desktop/CarBot/00606_8Gb0JeRvaST_0dh06g_600x450.jpg' is uploaded.
root - INFO - found result!
root - INFO - found result!
root - INFO - found result!
root - INFO - found result!
root - INFO - https://images.craigslist.org/01010_49soyhBFcpD_0CI0t2_600x450.jpg
instabot version: 0.117.0 - DEBUG - POST to endpoint: media/configure/? returned response: <Response [200]>
instabot version: 0.117.0 - DEBUG - POST to endpoint: qe/expose/ returned response: <Response [200]>
instabot version: 0.117.0 - INFO - Photo '/home/pi/Desktop/CarBot/01010_49soyhBFcpD_0CI0t2_600x450.jpg' is uploaded.
root - INFO - found result!
root - INFO - found result!
root - INFO - found result!
root - INFO - found result!
root - INFO - found result!
root - INFO - found result!
root - INFO - found result!
root - INFO - found result!
root - INFO - found result!
root - INFO - found result!
root - INFO - found result!
root - INFO - found result!
python-craiglist - WARNING - 'hybrid' is not a valid option for auto_fuel_type
python-craiglist - WARNING - 'electric' is not a valid option for auto_fuel_type
python-craiglist - WARNING - 'other' is not a valid option for auto_fuel_type
python-craiglist - WARNING - 'clean' is not a valid option for auto_title_status
python-craiglist - WARNING - 'salvage' is not a valid option for auto_title_status
python-craiglist - WARNING - 'rebuilt' is not a valid option for auto_title_status
python-craiglist - WARNING - 'lien' is not a valid option for auto_title_status
root - INFO - found result!
root - INFO - found result!
root - INFO - found result!
root - INFO - found result!
root - INFO - found result!
root - INFO - found result!
root - INFO - found result!
root - INFO - https://images.craigslist.org/00R0R_2KYBMal4NvG_0CI0t2_600x450.jpg
instabot version: 0.117.0 - DEBUG - POST to endpoint: media/configure/? returned response: <Response [200]>
instabot version: 0.117.0 - DEBUG - POST to endpoint: qe/expose/ returned response: <Response [200]>
instabot version: 0.117.0 - INFO - Photo '/home/pi/Desktop/CarBot/00R0R_2KYBMal4NvG_0CI0t2_600x450.jpg' is uploaded.
root - INFO - found result!
root - INFO - https://images.craigslist.org/00g0g_5TEXPOvciMM_0CI0t2_600x450.jpg
instabot version: 0.117.0 - DEBUG - POST to endpoint: media/configure/? returned response: <Response [200]>
instabot version: 0.117.0 - DEBUG - POST to endpoint: qe/expose/ returned response: <Response [200]>
instabot version: 0.117.0 - INFO - Photo '/home/pi/Desktop/CarBot/00g0g_5TEXPOvciMM_0CI0t2_600x450.jpg' is uploaded.
root - INFO - found result!
root - INFO - found result!
root - INFO - found result!
root - INFO - found result!
root - INFO - found result!
root - INFO - found result!
root - INFO - https://images.craigslist.org/00r0r_lt4nNUPOxfu_07L0ak_600x450.jpg
instabot version: 0.117.0 - DEBUG - POST to endpoint: media/configure/? returned response: <Response [200]>
instabot version: 0.117.0 - DEBUG - POST to endpoint: qe/expose/ returned response: <Response [200]>
instabot version: 0.117.0 - INFO - Photo '/home/pi/Desktop/CarBot/00r0r_lt4nNUPOxfu_07L0ak_600x450.jpg' is uploaded.
root - INFO - found result!
root - INFO - https://images.craigslist.org/00q0q_kZk0Nwd9F8L_0ak07K_600x450.jpg
instabot version: 0.117.0 - DEBUG - POST to endpoint: media/configure/? returned response: <Response [200]>
instabot version: 0.117.0 - DEBUG - POST to endpoint: qe/expose/ returned response: <Response [200]>
instabot version: 0.117.0 - INFO - Photo '/home/pi/Desktop/CarBot/00q0q_kZk0Nwd9F8L_0ak07K_600x450.jpg' is uploaded.
root - INFO - found result!
root - INFO - https://images.craigslist.org/00c0c_7mvcPGOFjTd_0t20t2_600x450.jpg
instabot version: 0.117.0 - DEBUG - POST to endpoint: media/configure/? returned response: <Response [200]>
instabot version: 0.117.0 - DEBUG - POST to endpoint: qe/expose/ returned response: <Response [200]>
instabot version: 0.117.0 - INFO - Photo '/home/pi/Desktop/CarBot/00c0c_7mvcPGOFjTd_0t20t2_600x450.jpg' is uploaded.
root - INFO - found result!
root - INFO - https://images.craigslist.org/00808_3vZeCnxkKPP_0lM0t2_600x450.jpg
instabot version: 0.117.0 - DEBUG - POST to endpoint: media/configure/? returned response: <Response [200]>
instabot version: 0.117.0 - DEBUG - POST to endpoint: qe/expose/ returned response: <Response [200]>
instabot version: 0.117.0 - INFO - Photo '/home/pi/Desktop/CarBot/00808_3vZeCnxkKPP_0lM0t2_600x450.jpg' is uploaded.
root - INFO - found result!
root - INFO - https://images.craigslist.org/01616_DmrquGq74N_0CI0t2_600x450.jpg
instabot version: 0.117.0 - DEBUG - POST to endpoint: media/configure/? returned response: <Response [200]>
instabot version: 0.117.0 - DEBUG - POST to endpoint: qe/expose/ returned response: <Response [200]>
instabot version: 0.117.0 - INFO - Photo '/home/pi/Desktop/CarBot/01616_DmrquGq74N_0CI0t2_600x450.jpg' is uploaded.
root - INFO - found result!
root - INFO - https://images.craigslist.org/00D0D_1lubnlIIacx_0cU0hd_600x450.jpg
instabot version: 0.117.0 - DEBUG - POST to endpoint: media/configure/? returned response: <Response [200]>
instabot version: 0.117.0 - DEBUG - POST to endpoint: qe/expose/ returned response: <Response [200]>
instabot version: 0.117.0 - INFO - Photo '/home/pi/Desktop/CarBot/00D0D_1lubnlIIacx_0cU0hd_600x450.jpg' is uploaded.
root - INFO - found result!
root - INFO - https://images.craigslist.org/01111_6QSDEywNlwp_0CI0t2_600x450.jpg
instabot version: 0.117.0 - DEBUG - POST to endpoint: media/configure/? returned response: <Response [200]>
instabot version: 0.117.0 - DEBUG - POST to endpoint: qe/expose/ returned response: <Response [200]>
instabot version: 0.117.0 - INFO - Photo '/home/pi/Desktop/CarBot/01111_6QSDEywNlwp_0CI0t2_600x450.jpg' is uploaded.
root - INFO - found result!
root - INFO - found result!
root - INFO - found result!
root - INFO - found result!
root - INFO - found result!
root - INFO - found result!
root - INFO - found result!
root - INFO - found result!
root - INFO - found result!
root - INFO - found result!
root - INFO - found result!
root - INFO - found result!
root - INFO - found result!
root - INFO - found result!
root - INFO - found result!
root - INFO - found result!
root - INFO - found result!
root - INFO - found result!
root - INFO - found result!
root - INFO - found result!
root - INFO - found result!
root - INFO - found result!
root - INFO - found result!
root - INFO - found result!
root - INFO - found result!
root - INFO - found result!
root - INFO - found result!
root - INFO - found result!
root - INFO - found result!
root - INFO - found result!
root - INFO - found result!
root - INFO - found result!
root - INFO - found result!
root - INFO - https://images.craigslist.org/00N0N_1xTSogy2rNS_0CI0t2_600x450.jpg
instabot version: 0.117.0 - DEBUG - POST to endpoint: media/configure/? returned response: <Response [200]>
instabot version: 0.117.0 - DEBUG - POST to endpoint: qe/expose/ returned response: <Response [200]>
instabot version: 0.117.0 - INFO - Photo '/home/pi/Desktop/CarBot/00N0N_1xTSogy2rNS_0CI0t2_600x450.jpg' is uploaded.
root - INFO - found result!
root - INFO - found result!
root - INFO - found result!
root - INFO - found result!
root - INFO - found result!
root - INFO - https://images.craigslist.org/00g0g_3DR3hENenFG_0CI0t2_600x450.jpg
instabot version: 0.117.0 - DEBUG - POST to endpoint: media/configure/? returned response: <Response [200]>
instabot version: 0.117.0 - DEBUG - POST to endpoint: qe/expose/ returned response: <Response [200]>
instabot version: 0.117.0 - INFO - Photo '/home/pi/Desktop/CarBot/00g0g_3DR3hENenFG_0CI0t2_600x450.jpg' is uploaded.
root - INFO - found result!
root - INFO - found result!
root - INFO - https://images.craigslist.org/00r0r_4FA7wBeufEA_0pO0jm_600x450.jpg
instabot version: 0.117.0 - DEBUG - POST to endpoint: media/configure/? returned response: <Response [200]>
instabot version: 0.117.0 - DEBUG - POST to endpoint: qe/expose/ returned response: <Response [200]>
instabot version: 0.117.0 - INFO - Photo '/home/pi/Desktop/CarBot/00r0r_4FA7wBeufEA_0pO0jm_600x450.jpg' is uploaded.
root - INFO - found result!
root - INFO - found result!
root - INFO - https://images.craigslist.org/00303_diZng03KOad_0x20oM_600x450.jpg
instabot version: 0.117.0 - DEBUG - POST to endpoint: media/configure/? returned response: <Response [200]>
instabot version: 0.117.0 - DEBUG - POST to endpoint: qe/expose/ returned response: <Response [200]>
instabot version: 0.117.0 - INFO - Photo '/home/pi/Desktop/CarBot/00303_diZng03KOad_0x20oM_600x450.jpg' is uploaded.
instabot version: 0.117.0 - DEBUG - Saving Checkpoint file to: /home/pi/Desktop/CarBot/PyCode/config/Swedish_Steel_Bot.checkpoint
instabot version: 0.117.0 - INFO - Total requests: 205
