root - INFO - Datetime limit: 08/21/2020, 21:27:58
root - INFO - Setting up the instagram and twitter accounts
instabot version: 0.117.0 - INFO - Instabot version: 0.117.0 Started
instabot version: 0.117.0 - DEBUG - Bot imported from /usr/local/lib/python3.7/dist-packages/instabot/bot/bot.py
instabot version: 0.117.0 - INFO - Not yet logged in starting: PRE-LOGIN FLOW!
instabot version: 0.117.0 - DEBUG - POST to endpoint: accounts/get_prefill_candidates/ returned response: <Response [200]>
instabot version: 0.117.0 - DEBUG - POST to endpoint: qe/sync/ returned response: <Response [200]>
instabot version: 0.117.0 - DEBUG - POST to endpoint: launcher/sync/ returned response: <Response [200]>
instabot version: 0.117.0 - DEBUG - POST to endpoint: accounts/contact_point_prefill/ returned response: <Response [200]>
instabot version: 0.117.0 - DEBUG - POST to endpoint: accounts/login/ returned response: <Response [200]>
instabot version: 0.117.0 - INFO - Logged-in successfully as 'Classic_Bimmer_Bot'!
instabot version: 0.117.0 - INFO - LOGIN FLOW! Just logged-in: True
instabot version: 0.117.0 - DEBUG - POST to endpoint: qe/sync/ returned response: <Response [200]>
instabot version: 0.117.0 - DEBUG - POST to endpoint: launcher/sync/ returned response: <Response [200]>
instabot version: 0.117.0 - DEBUG - GET to endpoint: zr/token/result/?device_id=android-16a098091faa435c&token_hash=&custom_device_id=android-16a098091faa435c&fetch_reason=token_expired returned response: <Response [200]>
instabot version: 0.117.0 - DEBUG - GET to endpoint: multiple_accounts/get_account_family/ returned response: <Response [200]>
instabot version: 0.117.0 - DEBUG - POST to endpoint: qe/sync/ returned response: <Response [200]>
instabot version: 0.117.0 - DEBUG - GET to endpoint: igtv/browse_feed/?prefetch=1 returned response: <Response [200]>
instabot version: 0.117.0 - DEBUG - POST to endpoint: creatives/ar_class/ returned response: <Response [200]>
instabot version: 0.117.0 - DEBUG - POST to endpoint: feed/reels_tray/ returned response: <Response [200]>
instabot version: 0.117.0 - DEBUG - POST to endpoint: feed/timeline/ returned response: <Response [200]>
instabot version: 0.117.0 - DEBUG - GET to endpoint: media/blocked/ returned response: <Response [200]>
instabot version: 0.117.0 - DEBUG - GET to endpoint: news/inbox/ returned response: <Response [200]>
instabot version: 0.117.0 - DEBUG - GET to endpoint: loom/fetch_config/ returned response: <Response [200]>
instabot version: 0.117.0 - DEBUG - GET to endpoint: scores/bootstrap/users/?surfaces=["autocomplete_user_list","coefficient_besties_list_ranking","coefficient_rank_recipient_user_suggestion","coefficient_ios_section_test_bootstrap_ranking","coefficient_direct_recipients_ranking_variant_2"] returned response: <Response [200]>
instabot version: 0.117.0 - DEBUG - GET to endpoint: business/eligibility/get_monetization_products_eligibility_data/?product_types=branded_content returned response: <Response [200]>
instabot version: 0.117.0 - DEBUG - GET to endpoint: business/branded_content/should_require_professional_account/ returned response: <Response [200]>
instabot version: 0.117.0 - DEBUG - GET to endpoint: linked_accounts/get_linkage_status/ returned response: <Response [200]>
instabot version: 0.117.0 - DEBUG - GET to endpoint: locations/request_country/ returned response: <Response [200]>
instabot version: 0.117.0 - DEBUG - GET to endpoint: qp/get_cooldowns/?signed_body=signed_body=4b9c516a5410a3bc128e09c6104a7f042146b9c2023870560c63a43a7f66781c.4&ig_sig_key_version=4&ig_sig_key_version=4 returned response: <Response [200]>
instabot version: 0.117.0 - DEBUG - GET to endpoint: users/arlink_download_info/?version_override=2.2.1 returned response: <Response [200]>
instabot version: 0.117.0 - DEBUG - GET to endpoint: users/40430669694/info/ returned response: <Response [200]>
instabot version: 0.117.0 - DEBUG - GET to endpoint: direct_v2/get_presence/ returned response: <Response [200]>
instabot version: 0.117.0 - DEBUG - GET to endpoint: direct_v2/inbox/?visual_message_return_type=unseen&thread_message_limit=10&persistentBadging=true&limit=20 returned response: <Response [200]>
instabot version: 0.117.0 - DEBUG - GET to endpoint: direct_v2/inbox/?visual_message_return_type=unseen&persistentBadging=true&limit=0 returned response: <Response [200]>
instabot version: 0.117.0 - DEBUG - GET to endpoint: discover/topical_explore/?is_prefetch=true&omit_cover_media=true&use_sectional_payload=true&timezone_offset=0&session_id=b4e9715d-b8f5-4004-b9d0-71bf95890b7a&include_fixed_destinations=true returned response: <Response [200]>
instabot version: 0.117.0 - DEBUG - POST to endpoint: notifications/badge/ returned response: <Response [200]>
instabot version: 0.117.0 - DEBUG - POST to endpoint: qp/batch_fetch/ returned response: <Response [200]>
instabot version: 0.117.0 - DEBUG - Loading Checkpoint file from: /home/pi/Desktop/CarBot/PyCode/config/Classic_Bimmer_Bot.checkpoint
root - INFO - Convert function
root - INFO - Convert function
root - INFO - Convert function
root - INFO - Convert function
root - INFO - Convert function
root - INFO - Pulling image from URL function
root - INFO - Requests status: 200
root - INFO - Found image url:https://images.craigslist.org/00P0P_j9OQvfKSKnA_600x450.jpg
root - INFO - https://images.craigslist.org/00P0P_j9OQvfKSKnA_600x450.jpg
instabot version: 0.117.0 - DEBUG - POST to endpoint: media/configure/? returned response: <Response [200]>
instabot version: 0.117.0 - DEBUG - POST to endpoint: qe/expose/ returned response: <Response [200]>
instabot version: 0.117.0 - INFO - Photo '/home/pi/Desktop/CarBot/00P0P_j9OQvfKSKnA_600x450.jpg' is uploaded.
root - INFO - Convert function
root - INFO - Pulling image from URL function
root - INFO - Requests status: 200
root - INFO - Found image url:https://images.craigslist.org/00V0V_l8DrcU2EXy4_0CI0t2_600x450.jpg
root - INFO - https://images.craigslist.org/00V0V_l8DrcU2EXy4_0CI0t2_600x450.jpg
instabot version: 0.117.0 - DEBUG - POST to endpoint: media/configure/? returned response: <Response [200]>
instabot version: 0.117.0 - DEBUG - POST to endpoint: qe/expose/ returned response: <Response [200]>
instabot version: 0.117.0 - INFO - Photo '/home/pi/Desktop/CarBot/00V0V_l8DrcU2EXy4_0CI0t2_600x450.jpg' is uploaded.
root - INFO - Convert function
root - INFO - Convert function
root - INFO - Convert function
root - INFO - Convert function
root - INFO - Convert function
root - INFO - Convert function
root - INFO - Convert function
root - INFO - Convert function
root - INFO - Convert function
root - INFO - Convert function
root - INFO - Convert function
root - INFO - Convert function
root - INFO - Convert function
root - INFO - Convert function
root - INFO - Convert function
root - INFO - Pulling image from URL function
root - INFO - Requests status: 200
root - INFO - Found image url:https://images.craigslist.org/01717_MzDHbJx39A_0CI0t2_600x450.jpg
root - INFO - https://images.craigslist.org/01717_MzDHbJx39A_0CI0t2_600x450.jpg
instabot version: 0.117.0 - DEBUG - POST to endpoint: media/configure/? returned response: <Response [200]>
instabot version: 0.117.0 - DEBUG - POST to endpoint: qe/expose/ returned response: <Response [200]>
instabot version: 0.117.0 - INFO - Photo '/home/pi/Desktop/CarBot/01717_MzDHbJx39A_0CI0t2_600x450.jpg' is uploaded.
root - INFO - Convert function
root - INFO - Convert function
root - INFO - Convert function
root - INFO - Convert function
root - INFO - Convert function
root - INFO - Convert function
root - INFO - Pulling image from URL function
root - INFO - Requests status: 200
root - INFO - Found image url:https://images.craigslist.org/00q0q_h77jh8SV2Vl_0CI0t2_600x450.jpg
root - INFO - https://images.craigslist.org/00q0q_h77jh8SV2Vl_0CI0t2_600x450.jpg
instabot version: 0.117.0 - DEBUG - POST to endpoint: media/configure/? returned response: <Response [200]>
instabot version: 0.117.0 - DEBUG - POST to endpoint: qe/expose/ returned response: <Response [200]>
instabot version: 0.117.0 - INFO - Photo '/home/pi/Desktop/CarBot/00q0q_h77jh8SV2Vl_0CI0t2_600x450.jpg' is uploaded.
root - INFO - Convert function
root - INFO - Convert function
root - INFO - Convert function
root - INFO - Convert function
root - INFO - Convert function
root - INFO - Pulling image from URL function
root - INFO - Requests status: 200
root - INFO - Found image url:https://images.craigslist.org/00x0x_8xIUEFsR0eH_0CI0lM_600x450.jpg
root - INFO - https://images.craigslist.org/00x0x_8xIUEFsR0eH_0CI0lM_600x450.jpg
instabot version: 0.117.0 - DEBUG - POST to endpoint: media/configure/? returned response: <Response [200]>
instabot version: 0.117.0 - DEBUG - POST to endpoint: qe/expose/ returned response: <Response [200]>
instabot version: 0.117.0 - INFO - Photo '/home/pi/Desktop/CarBot/00x0x_8xIUEFsR0eH_0CI0lM_600x450.jpg' is uploaded.
root - ERROR - AN ERROR OCURRED
root - INFO - Convert function
root - INFO - Pulling image from URL function
root - INFO - Requests status: 200
root - INFO - Found image url:https://images.craigslist.org/01515_aHFltVK7AqG_0CI0t2_600x450.jpg
root - INFO - https://images.craigslist.org/01515_aHFltVK7AqG_0CI0t2_600x450.jpg
instabot version: 0.117.0 - DEBUG - POST to endpoint: media/configure/? returned response: <Response [200]>
instabot version: 0.117.0 - DEBUG - POST to endpoint: qe/expose/ returned response: <Response [200]>
instabot version: 0.117.0 - INFO - Photo '/home/pi/Desktop/CarBot/01515_aHFltVK7AqG_0CI0t2_600x450.jpg' is uploaded.
root - ERROR - AN ERROR OCURRED
root - INFO - Convert function
root - INFO - Pulling image from URL function
root - INFO - Requests status: 200
root - INFO - Found image url:https://images.craigslist.org/00w0w_kU5cNEseyW2_0CI0t2_600x450.jpg
root - INFO - https://images.craigslist.org/00w0w_kU5cNEseyW2_0CI0t2_600x450.jpg
instabot version: 0.117.0 - DEBUG - POST to endpoint: media/configure/? returned response: <Response [200]>
instabot version: 0.117.0 - DEBUG - POST to endpoint: qe/expose/ returned response: <Response [200]>
instabot version: 0.117.0 - INFO - Photo '/home/pi/Desktop/CarBot/00w0w_kU5cNEseyW2_0CI0t2_600x450.jpg' is uploaded.
root - ERROR - AN ERROR OCURRED
root - INFO - Convert function
root - INFO - Convert function
root - INFO - Convert function
root - INFO - Convert function
root - INFO - Convert function
root - INFO - Convert function
root - INFO - Convert function
root - INFO - Convert function
root - INFO - Convert function
root - INFO - Convert function
root - INFO - Convert function
root - INFO - Convert function
root - INFO - Convert function
root - INFO - Convert function
root - INFO - Convert function
root - INFO - Convert function
root - INFO - Convert function
root - INFO - Convert function
root - INFO - Convert function
root - INFO - Convert function
root - INFO - Convert function
root - INFO - Convert function
root - INFO - Convert function
root - INFO - Convert function
root - INFO - Convert function
root - INFO - Convert function
root - INFO - Convert function
root - INFO - Convert function
root - INFO - Convert function
root - INFO - Convert function
root - INFO - Convert function
root - INFO - Convert function
root - INFO - Convert function
root - INFO - Convert function
root - INFO - Convert function
root - INFO - Convert function
root - INFO - Convert function
root - INFO - Convert function
root - INFO - Convert function
root - INFO - Convert function
root - INFO - Convert function
root - INFO - Convert function
root - INFO - Convert function
root - INFO - Convert function
root - INFO - Convert function
root - INFO - Pulling image from URL function
root - INFO - Requests status: 200
root - INFO - Found image url:https://images.craigslist.org/00101_2ML9Pc6nhHp_0CI0lM_600x450.jpg
root - INFO - https://images.craigslist.org/00101_2ML9Pc6nhHp_0CI0lM_600x450.jpg
instabot version: 0.117.0 - DEBUG - POST to endpoint: media/configure/? returned response: <Response [200]>
instabot version: 0.117.0 - DEBUG - POST to endpoint: qe/expose/ returned response: <Response [200]>
instabot version: 0.117.0 - INFO - Photo '/home/pi/Desktop/CarBot/00101_2ML9Pc6nhHp_0CI0lM_600x450.jpg' is uploaded.
root - INFO - Convert function
root - INFO - Convert function
root - INFO - Convert function
root - INFO - Convert function
root - INFO - Convert function
root - INFO - Convert function
root - INFO - Convert function
root - INFO - Convert function
root - INFO - Convert function
root - INFO - Convert function
root - INFO - Convert function
root - INFO - Pulling image from URL function
root - INFO - Requests status: 200
root - INFO - Found image url:https://images.craigslist.org/00f0f_gIfxJ3d2mDu_0CI0t2_600x450.jpg
root - INFO - https://images.craigslist.org/00f0f_gIfxJ3d2mDu_0CI0t2_600x450.jpg
instabot version: 0.117.0 - DEBUG - POST to endpoint: media/configure/? returned response: <Response [200]>
instabot version: 0.117.0 - DEBUG - POST to endpoint: qe/expose/ returned response: <Response [200]>
instabot version: 0.117.0 - INFO - Photo '/home/pi/Desktop/CarBot/00f0f_gIfxJ3d2mDu_0CI0t2_600x450.jpg' is uploaded.
root - INFO - Convert function
root - INFO - Convert function
root - INFO - Convert function
root - INFO - Convert function
root - INFO - Convert function
root - INFO - Convert function
root - INFO - Convert function
root - INFO - Convert function
root - INFO - Convert function
root - INFO - Convert function
root - INFO - Convert function
root - INFO - Convert function
root - INFO - Convert function
root - INFO - Convert function
root - INFO - Convert function
root - INFO - Convert function
root - INFO - Convert function
root - INFO - Convert function
root - INFO - Pulling image from URL function
root - INFO - Requests status: 200
root - INFO - Found image url:https://images.craigslist.org/00x0x_k7R0rX6RaPP_0CI0lM_600x450.jpg
root - INFO - https://images.craigslist.org/00x0x_k7R0rX6RaPP_0CI0lM_600x450.jpg
instabot version: 0.117.0 - DEBUG - POST to endpoint: media/configure/? returned response: <Response [200]>
instabot version: 0.117.0 - DEBUG - POST to endpoint: qe/expose/ returned response: <Response [200]>
instabot version: 0.117.0 - INFO - Photo '/home/pi/Desktop/CarBot/00x0x_k7R0rX6RaPP_0CI0lM_600x450.jpg' is uploaded.
root - INFO - Convert function
root - INFO - Pulling image from URL function
root - INFO - Requests status: 200
root - INFO - Found image url:https://images.craigslist.org/00D0D_1AptCjg7etC_0CI0t2_600x450.jpg
root - INFO - https://images.craigslist.org/00D0D_1AptCjg7etC_0CI0t2_600x450.jpg
instabot version: 0.117.0 - DEBUG - POST to endpoint: media/configure/? returned response: <Response [200]>
instabot version: 0.117.0 - DEBUG - POST to endpoint: qe/expose/ returned response: <Response [200]>
instabot version: 0.117.0 - INFO - Photo '/home/pi/Desktop/CarBot/00D0D_1AptCjg7etC_0CI0t2_600x450.jpg' is uploaded.
root - INFO - Convert function
root - INFO - Pulling image from URL function
root - INFO - Requests status: 200
root - INFO - Found image url:https://images.craigslist.org/00e0e_gTGe0eDwmw5_0aT07g_600x450.jpg
root - INFO - https://images.craigslist.org/00e0e_gTGe0eDwmw5_0aT07g_600x450.jpg
instabot version: 0.117.0 - DEBUG - POST to endpoint: media/configure/? returned response: <Response [200]>
instabot version: 0.117.0 - DEBUG - POST to endpoint: qe/expose/ returned response: <Response [200]>
instabot version: 0.117.0 - INFO - Photo '/home/pi/Desktop/CarBot/00e0e_gTGe0eDwmw5_0aT07g_600x450.jpg' is uploaded.
root - INFO - Convert function
root - INFO - Pulling image from URL function
root - INFO - Requests status: 200
root - INFO - Found image url:https://images.craigslist.org/01111_hTjyIoaJJnO_0CI0t2_600x450.jpg
root - INFO - https://images.craigslist.org/01111_hTjyIoaJJnO_0CI0t2_600x450.jpg
instabot version: 0.117.0 - DEBUG - POST to endpoint: media/configure/? returned response: <Response [200]>
instabot version: 0.117.0 - DEBUG - POST to endpoint: qe/expose/ returned response: <Response [200]>
instabot version: 0.117.0 - INFO - Photo '/home/pi/Desktop/CarBot/01111_hTjyIoaJJnO_0CI0t2_600x450.jpg' is uploaded.
root - INFO - Convert function
root - INFO - Pulling image from URL function
root - INFO - Requests status: 200
root - INFO - Found image url:https://images.craigslist.org/00b0b_f45FamsLM9g_0ak07K_600x450.jpg
root - INFO - https://images.craigslist.org/00b0b_f45FamsLM9g_0ak07K_600x450.jpg
instabot version: 0.117.0 - DEBUG - POST to endpoint: media/configure/? returned response: <Response [200]>
instabot version: 0.117.0 - DEBUG - POST to endpoint: qe/expose/ returned response: <Response [200]>
instabot version: 0.117.0 - INFO - Photo '/home/pi/Desktop/CarBot/00b0b_f45FamsLM9g_0ak07K_600x450.jpg' is uploaded.
root - INFO - Convert function
root - INFO - Pulling image from URL function
root - INFO - Requests status: 200
root - INFO - Found image url:https://images.craigslist.org/01414_iVGOkbnxsOK_0x20oM_600x450.jpg
root - INFO - https://images.craigslist.org/01414_iVGOkbnxsOK_0x20oM_600x450.jpg
instabot version: 0.117.0 - DEBUG - POST to endpoint: media/configure/? returned response: <Response [200]>
instabot version: 0.117.0 - DEBUG - POST to endpoint: qe/expose/ returned response: <Response [200]>
instabot version: 0.117.0 - INFO - Photo '/home/pi/Desktop/CarBot/01414_iVGOkbnxsOK_0x20oM_600x450.jpg' is uploaded.
root - INFO - Convert function
root - INFO - Pulling image from URL function
root - INFO - Requests status: 200
root - INFO - Found image url:https://images.craigslist.org/00a0a_dqej7IkxtIF_0CI0t2_600x450.jpg
root - INFO - https://images.craigslist.org/00a0a_dqej7IkxtIF_0CI0t2_600x450.jpg
instabot version: 0.117.0 - DEBUG - POST to endpoint: media/configure/? returned response: <Response [200]>
instabot version: 0.117.0 - DEBUG - POST to endpoint: qe/expose/ returned response: <Response [200]>
instabot version: 0.117.0 - INFO - Photo '/home/pi/Desktop/CarBot/00a0a_dqej7IkxtIF_0CI0t2_600x450.jpg' is uploaded.
root - INFO - Convert function
root - INFO - Convert function
root - INFO - Convert function
root - INFO - Convert function
root - INFO - Convert function
root - INFO - Convert function
root - INFO - Convert function
root - INFO - Convert function
root - INFO - Convert function
root - INFO - Convert function
root - INFO - Convert function
root - INFO - Convert function
root - INFO - Convert function
root - INFO - Convert function
root - INFO - Convert function
root - INFO - Convert function
root - INFO - Convert function
root - INFO - Convert function
root - INFO - Convert function
root - INFO - Convert function
root - INFO - Convert function
root - INFO - Convert function
root - INFO - Convert function
root - INFO - Convert function
root - INFO - Convert function
root - INFO - Convert function
root - INFO - Convert function
root - INFO - Convert function
root - INFO - Convert function
root - INFO - Convert function
root - INFO - Convert function
root - INFO - Convert function
root - INFO - Pulling image from URL function
root - INFO - Requests status: 200
root - INFO - Found image url:https://images.craigslist.org/00x0x_8xIUEFsR0eH_0CI0lM_600x450.jpg
root - INFO - https://images.craigslist.org/00x0x_8xIUEFsR0eH_0CI0lM_600x450.jpg
instabot version: 0.117.0 - DEBUG - POST to endpoint: media/configure/? returned response: <Response [200]>
instabot version: 0.117.0 - DEBUG - POST to endpoint: qe/expose/ returned response: <Response [200]>
instabot version: 0.117.0 - INFO - Photo '/home/pi/Desktop/CarBot/00x0x_8xIUEFsR0eH_0CI0lM_600x450.jpg' is uploaded.
root - INFO - Convert function
root - INFO - Pulling image from URL function
root - INFO - Requests status: 200
root - INFO - Found image url:https://images.craigslist.org/00707_22NVSFlKjQN_0CI0t2_600x450.jpg
root - INFO - https://images.craigslist.org/00707_22NVSFlKjQN_0CI0t2_600x450.jpg
instabot version: 0.117.0 - DEBUG - POST to endpoint: media/configure/? returned response: <Response [200]>
instabot version: 0.117.0 - DEBUG - POST to endpoint: qe/expose/ returned response: <Response [200]>
instabot version: 0.117.0 - INFO - Photo '/home/pi/Desktop/CarBot/00707_22NVSFlKjQN_0CI0t2_600x450.jpg' is uploaded.
root - INFO - Convert function
root - INFO - Convert function
root - INFO - Convert function
root - INFO - Convert function
root - INFO - Convert function
root - INFO - Convert function
root - INFO - Convert function
root - INFO - Convert function
root - INFO - Convert function
root - INFO - Convert function
root - INFO - Convert function
root - INFO - Convert function
root - INFO - Convert function
root - INFO - Convert function
root - INFO - Convert function
root - INFO - Convert function
root - INFO - Convert function
root - INFO - Convert function
root - INFO - Convert function
root - INFO - Convert function
root - INFO - Convert function
root - INFO - Convert function
root - INFO - Convert function
root - INFO - Convert function
root - INFO - Convert function
root - INFO - Convert function
root - INFO - Convert function
root - INFO - Convert function
root - INFO - Convert function
root - INFO - Pulling image from URL function
root - INFO - Requests status: 200
root - INFO - Found image url:https://images.craigslist.org/00E0E_4Dn5JfP6jNm_0CI0pO_600x450.jpg
root - INFO - https://images.craigslist.org/00E0E_4Dn5JfP6jNm_0CI0pO_600x450.jpg
instabot version: 0.117.0 - DEBUG - POST to endpoint: media/configure/? returned response: <Response [200]>
instabot version: 0.117.0 - DEBUG - POST to endpoint: qe/expose/ returned response: <Response [200]>
instabot version: 0.117.0 - INFO - Photo '/home/pi/Desktop/CarBot/00E0E_4Dn5JfP6jNm_0CI0pO_600x450.jpg' is uploaded.
root - INFO - Convert function
root - INFO - Convert function
root - INFO - Convert function
root - INFO - Convert function
root - INFO - Convert function
root - INFO - Pulling image from URL function
root - INFO - Requests status: 200
root - INFO - Found image url:https://images.craigslist.org/00E0E_4Dn5JfP6jNm_0CI0pO_600x450.jpg
root - INFO - https://images.craigslist.org/00E0E_4Dn5JfP6jNm_0CI0pO_600x450.jpg
instabot version: 0.117.0 - DEBUG - POST to endpoint: media/configure/? returned response: <Response [200]>
instabot version: 0.117.0 - DEBUG - POST to endpoint: qe/expose/ returned response: <Response [200]>
instabot version: 0.117.0 - INFO - Photo '/home/pi/Desktop/CarBot/00E0E_4Dn5JfP6jNm_0CI0pO_600x450.jpg' is uploaded.
root - INFO - Convert function
root - INFO - Convert function
root - INFO - Convert function
root - INFO - Convert function
root - INFO - Convert function
root - INFO - Convert function
root - INFO - Convert function
root - INFO - Convert function
root - INFO - Convert function
root - INFO - Convert function
root - INFO - Pulling image from URL function
root - INFO - Requests status: 200
root - INFO - Found image url:https://images.craigslist.org/00g0g_g6MhNBSQgXp_0CI0lM_600x450.jpg
root - INFO - https://images.craigslist.org/00g0g_g6MhNBSQgXp_0CI0lM_600x450.jpg
instabot version: 0.117.0 - DEBUG - POST to endpoint: media/configure/? returned response: <Response [200]>
instabot version: 0.117.0 - DEBUG - POST to endpoint: qe/expose/ returned response: <Response [200]>
instabot version: 0.117.0 - INFO - Photo '/home/pi/Desktop/CarBot/00g0g_g6MhNBSQgXp_0CI0lM_600x450.jpg' is uploaded.
root - INFO - Convert function
root - INFO - Convert function
root - INFO - Convert function
root - INFO - Pulling image from URL function
root - INFO - Requests status: 200
root - INFO - Found image url:https://images.craigslist.org/00q0q_aNixxVUFdRc_0CI0lM_600x450.jpg
root - INFO - https://images.craigslist.org/00q0q_aNixxVUFdRc_0CI0lM_600x450.jpg
instabot version: 0.117.0 - DEBUG - POST to endpoint: media/configure/? returned response: <Response [200]>
instabot version: 0.117.0 - DEBUG - POST to endpoint: qe/expose/ returned response: <Response [200]>
instabot version: 0.117.0 - INFO - Photo '/home/pi/Desktop/CarBot/00q0q_aNixxVUFdRc_0CI0lM_600x450.jpg' is uploaded.
root - INFO - Convert function
root - INFO - Convert function
root - INFO - Convert function
root - INFO - Convert function
root - INFO - Convert function
root - INFO - Convert function
root - INFO - Convert function
root - INFO - Convert function
root - INFO - Convert function
root - INFO - Convert function
root - INFO - Convert function
root - INFO - Convert function
root - INFO - Convert function
root - INFO - Convert function
root - INFO - Convert function
root - INFO - Convert function
root - INFO - Convert function
root - INFO - Convert function
root - INFO - Pulling image from URL function
root - INFO - Requests status: 200
root - INFO - Found image url:https://images.craigslist.org/00m0m_3qppc3uHBKp_0kE0bC_600x450.jpg
root - INFO - https://images.craigslist.org/00m0m_3qppc3uHBKp_0kE0bC_600x450.jpg
instabot version: 0.117.0 - DEBUG - POST to endpoint: media/configure/? returned response: <Response [200]>
instabot version: 0.117.0 - DEBUG - POST to endpoint: qe/expose/ returned response: <Response [200]>
instabot version: 0.117.0 - INFO - Photo '/home/pi/Desktop/CarBot/00m0m_3qppc3uHBKp_0kE0bC_600x450.jpg' is uploaded.
root - INFO - Convert function
root - INFO - Convert function
root - INFO - Pulling image from URL function
root - INFO - Requests status: 200
root - INFO - Found image url:https://images.craigslist.org/00v0v_ifJuKHDjq6a_0CI0t2_600x450.jpg
root - INFO - https://images.craigslist.org/00v0v_ifJuKHDjq6a_0CI0t2_600x450.jpg
instabot version: 0.117.0 - DEBUG - POST to endpoint: media/configure/? returned response: <Response [200]>
instabot version: 0.117.0 - DEBUG - POST to endpoint: qe/expose/ returned response: <Response [200]>
instabot version: 0.117.0 - INFO - Photo '/home/pi/Desktop/CarBot/00v0v_ifJuKHDjq6a_0CI0t2_600x450.jpg' is uploaded.
root - INFO - Convert function
root - INFO - Pulling image from URL function
root - INFO - Requests status: 200
root - INFO - Found image url:https://images.craigslist.org/00F0F_gejQvSnmkkG_0CI0t2_600x450.jpg
root - INFO - https://images.craigslist.org/00F0F_gejQvSnmkkG_0CI0t2_600x450.jpg
instabot version: 0.117.0 - DEBUG - POST to endpoint: media/configure/? returned response: <Response [200]>
instabot version: 0.117.0 - DEBUG - POST to endpoint: qe/expose/ returned response: <Response [200]>
instabot version: 0.117.0 - INFO - Photo '/home/pi/Desktop/CarBot/00F0F_gejQvSnmkkG_0CI0t2_600x450.jpg' is uploaded.
root - INFO - Convert function
root - INFO - Convert function
root - INFO - Convert function
root - INFO - Convert function
root - INFO - Convert function
root - INFO - Convert function
root - INFO - Convert function
root - INFO - Pulling image from URL function
root - INFO - Requests status: 200
root - INFO - Found image url:https://images.craigslist.org/00n0n_ccvz8MAi43C_0CI0sX_600x450.jpg
root - INFO - https://images.craigslist.org/00n0n_ccvz8MAi43C_0CI0sX_600x450.jpg
instabot version: 0.117.0 - DEBUG - POST to endpoint: media/configure/? returned response: <Response [200]>
instabot version: 0.117.0 - DEBUG - POST to endpoint: qe/expose/ returned response: <Response [200]>
instabot version: 0.117.0 - INFO - Photo '/home/pi/Desktop/CarBot/00n0n_ccvz8MAi43C_0CI0sX_600x450.jpg' is uploaded.
root - INFO - Convert function
root - INFO - Convert function
root - INFO - Convert function
root - INFO - Convert function
root - INFO - Convert function
root - INFO - Pulling image from URL function
root - INFO - Requests status: 200
root - INFO - Found image url:https://images.craigslist.org/00K0K_hpneHAOZ3W3_0CI0ij_600x450.jpg
root - INFO - https://images.craigslist.org/00K0K_hpneHAOZ3W3_0CI0ij_600x450.jpg
instabot version: 0.117.0 - DEBUG - POST to endpoint: media/configure/? returned response: <Response [200]>
instabot version: 0.117.0 - DEBUG - POST to endpoint: qe/expose/ returned response: <Response [200]>
instabot version: 0.117.0 - INFO - Photo '/home/pi/Desktop/CarBot/00K0K_hpneHAOZ3W3_0CI0ij_600x450.jpg' is uploaded.
root - INFO - Convert function
root - INFO - Convert function
root - INFO - Convert function
root - INFO - Convert function
root - INFO - Convert function
root - INFO - Convert function
root - INFO - Convert function
root - INFO - Pulling image from URL function
root - INFO - Requests status: 200
root - INFO - Found image url:https://images.craigslist.org/00r0r_5GbHtDm9Y29_0c60e1_600x450.jpg
root - INFO - https://images.craigslist.org/00r0r_5GbHtDm9Y29_0c60e1_600x450.jpg
instabot version: 0.117.0 - DEBUG - POST to endpoint: media/configure/? returned response: <Response [200]>
instabot version: 0.117.0 - DEBUG - POST to endpoint: qe/expose/ returned response: <Response [200]>
instabot version: 0.117.0 - INFO - Photo '/home/pi/Desktop/CarBot/00r0r_5GbHtDm9Y29_0c60e1_600x450.jpg' is uploaded.
root - INFO - Convert function
root - INFO - Convert function
root - INFO - Convert function
root - INFO - Convert function
root - INFO - Convert function
root - INFO - Convert function
root - INFO - Convert function
root - INFO - Convert function
root - INFO - Convert function
root - INFO - Convert function
root - INFO - Convert function
root - INFO - Pulling image from URL function
root - INFO - Requests status: 200
root - INFO - Found image url:https://images.craigslist.org/00S0S_7kBaAX2KO5q_0CI0t2_600x450.jpg
root - INFO - https://images.craigslist.org/00S0S_7kBaAX2KO5q_0CI0t2_600x450.jpg
instabot version: 0.117.0 - DEBUG - POST to endpoint: media/configure/? returned response: <Response [500]>
instabot version: 0.117.0 - DEBUG - Responsecode indicates error; response content: b'{"message": "Unknown Server Error.", "status": "fail"}'
instabot version: 0.117.0 - ERROR - Request returns 500 error!
instabot version: 0.117.0 - DEBUG - POST to endpoint: media/configure/? returned response: <Response [200]>
instabot version: 0.117.0 - DEBUG - POST to endpoint: qe/expose/ returned response: <Response [200]>
instabot version: 0.117.0 - INFO - Photo '/home/pi/Desktop/CarBot/00S0S_7kBaAX2KO5q_0CI0t2_600x450.jpg' is uploaded.
root - INFO - Convert function
root - INFO - Convert function
root - INFO - Convert function
root - INFO - Convert function
root - INFO - Convert function
root - INFO - Convert function
root - INFO - Convert function
root - INFO - Convert function
root - INFO - Convert function
root - INFO - Convert function
root - INFO - Convert function
root - INFO - Convert function
root - INFO - Convert function
root - INFO - Convert function
root - INFO - Convert function
root - INFO - Convert function
root - INFO - Convert function
root - INFO - Convert function
root - INFO - Convert function
root - INFO - Convert function
root - INFO - Convert function
root - INFO - Convert function
root - INFO - Convert function
root - INFO - Convert function
root - INFO - Convert function
root - INFO - Pulling image from URL function
root - INFO - Requests status: 200
root - INFO - Found image url:https://images.craigslist.org/00k0k_k7CWpAXjX1x_0ak07K_600x450.jpg
root - INFO - https://images.craigslist.org/00k0k_k7CWpAXjX1x_0ak07K_600x450.jpg
instabot version: 0.117.0 - DEBUG - POST to endpoint: media/configure/? returned response: <Response [200]>
instabot version: 0.117.0 - DEBUG - POST to endpoint: qe/expose/ returned response: <Response [200]>
instabot version: 0.117.0 - INFO - Photo '/home/pi/Desktop/CarBot/00k0k_k7CWpAXjX1x_0ak07K_600x450.jpg' is uploaded.
root - INFO - Convert function
root - INFO - Convert function
root - INFO - Convert function
root - INFO - Convert function
root - INFO - Convert function
root - INFO - Convert function
root - INFO - Convert function
root - INFO - Convert function
root - INFO - Convert function
root - INFO - Convert function
root - INFO - Convert function
root - INFO - Convert function
root - INFO - Convert function
root - INFO - Convert function
root - INFO - Convert function
root - INFO - Convert function
root - INFO - Convert function
root - INFO - Convert function
root - INFO - Convert function
root - INFO - Pulling image from URL function
root - INFO - Requests status: 200
root - INFO - Found image url:https://images.craigslist.org/00D0D_jrbAkgxEMDr_09G0cU_600x450.jpg
root - INFO - https://images.craigslist.org/00D0D_jrbAkgxEMDr_09G0cU_600x450.jpg
instabot version: 0.117.0 - DEBUG - POST to endpoint: media/configure/? returned response: <Response [200]>
instabot version: 0.117.0 - DEBUG - POST to endpoint: qe/expose/ returned response: <Response [200]>
instabot version: 0.117.0 - INFO - Photo '/home/pi/Desktop/CarBot/00D0D_jrbAkgxEMDr_09G0cU_600x450.jpg' is uploaded.
root - INFO - Convert function
root - INFO - Convert function
root - INFO - Pulling image from URL function
root - INFO - Requests status: 200
root - INFO - Found image url:https://images.craigslist.org/01010_4cpk3a8BE6L_0CI0sU_600x450.jpg
root - INFO - https://images.craigslist.org/01010_4cpk3a8BE6L_0CI0sU_600x450.jpg
instabot version: 0.117.0 - DEBUG - POST to endpoint: media/configure/? returned response: <Response [200]>
instabot version: 0.117.0 - DEBUG - POST to endpoint: qe/expose/ returned response: <Response [200]>
instabot version: 0.117.0 - INFO - Photo '/home/pi/Desktop/CarBot/01010_4cpk3a8BE6L_0CI0sU_600x450.jpg' is uploaded.
root - INFO - Convert function
root - INFO - Convert function
root - INFO - Convert function
root - INFO - Convert function
root - INFO - Convert function
root - INFO - Convert function
root - INFO - Convert function
root - INFO - Convert function
root - INFO - Convert function
root - INFO - Convert function
root - INFO - Convert function
root - INFO - Pulling image from URL function
root - INFO - Requests status: 200
root - INFO - Found image url:https://images.craigslist.org/00909_dUnoe7AqUXf_0CI0t2_600x450.jpg
root - INFO - https://images.craigslist.org/00909_dUnoe7AqUXf_0CI0t2_600x450.jpg
instabot version: 0.117.0 - DEBUG - POST to endpoint: media/configure/? returned response: <Response [200]>
instabot version: 0.117.0 - DEBUG - POST to endpoint: qe/expose/ returned response: <Response [200]>
instabot version: 0.117.0 - INFO - Photo '/home/pi/Desktop/CarBot/00909_dUnoe7AqUXf_0CI0t2_600x450.jpg' is uploaded.
root - INFO - Convert function
root - INFO - Pulling image from URL function
root - INFO - Requests status: 200
root - INFO - Found image url:https://images.craigslist.org/01212_fNLYe4kW9uo_0CI0pN_600x450.jpg
root - INFO - https://images.craigslist.org/01212_fNLYe4kW9uo_0CI0pN_600x450.jpg
instabot version: 0.117.0 - DEBUG - POST to endpoint: media/configure/? returned response: <Response [200]>
instabot version: 0.117.0 - DEBUG - POST to endpoint: qe/expose/ returned response: <Response [200]>
instabot version: 0.117.0 - INFO - Photo '/home/pi/Desktop/CarBot/01212_fNLYe4kW9uo_0CI0pN_600x450.jpg' is uploaded.
root - INFO - Convert function
root - INFO - Convert function
root - INFO - Convert function
root - INFO - Convert function
root - INFO - Convert function
root - INFO - Convert function
root - INFO - Convert function
root - INFO - Convert function
root - INFO - Convert function
root - INFO - Convert function
root - INFO - Convert function
root - INFO - Convert function
root - INFO - Convert function
root - INFO - Convert function
root - INFO - Convert function
root - INFO - Convert function
root - INFO - Convert function
root - INFO - Convert function
root - INFO - Convert function
root - INFO - Convert function
root - INFO - Convert function
root - INFO - Convert function
root - INFO - Convert function
root - INFO - Convert function
root - INFO - Convert function
root - INFO - Convert function
root - INFO - Convert function
root - INFO - Convert function
root - INFO - Convert function
root - INFO - Convert function
root - INFO - Pulling image from URL function
root - INFO - Requests status: 200
root - INFO - Found image url:https://images.craigslist.org/00404_cDAs4NLDvsv_0CI0t2_600x450.jpg
root - INFO - https://images.craigslist.org/00404_cDAs4NLDvsv_0CI0t2_600x450.jpg
instabot version: 0.117.0 - DEBUG - POST to endpoint: media/configure/? returned response: <Response [200]>
instabot version: 0.117.0 - DEBUG - POST to endpoint: qe/expose/ returned response: <Response [200]>
instabot version: 0.117.0 - INFO - Photo '/home/pi/Desktop/CarBot/00404_cDAs4NLDvsv_0CI0t2_600x450.jpg' is uploaded.
root - INFO - Convert function
root - INFO - Convert function
root - INFO - Pulling image from URL function
root - INFO - Requests status: 200
root - INFO - Found image url:https://images.craigslist.org/00o0o_7F4ceaBdC8E_0CI0t2_600x450.jpg
root - INFO - https://images.craigslist.org/00o0o_7F4ceaBdC8E_0CI0t2_600x450.jpg
instabot version: 0.117.0 - DEBUG - POST to endpoint: media/configure/? returned response: <Response [200]>
instabot version: 0.117.0 - DEBUG - POST to endpoint: qe/expose/ returned response: <Response [200]>
instabot version: 0.117.0 - INFO - Photo '/home/pi/Desktop/CarBot/00o0o_7F4ceaBdC8E_0CI0t2_600x450.jpg' is uploaded.
root - INFO - Convert function
root - INFO - Convert function
root - INFO - Convert function
root - INFO - Convert function
python-craiglist - WARNING - 'clean' is not a valid option for auto_title_status
python-craiglist - WARNING - 'salvage' is not a valid option for auto_title_status
python-craiglist - WARNING - 'rebuilt' is not a valid option for auto_title_status
python-craiglist - WARNING - 'lien' is not a valid option for auto_title_status
root - INFO - Convert function
root - INFO - Convert function
root - INFO - Convert function
root - INFO - Convert function
root - INFO - Convert function
root - INFO - Convert function
root - INFO - Convert function
root - INFO - Convert function
root - INFO - Convert function
root - INFO - Convert function
root - INFO - Convert function
root - INFO - Convert function
root - INFO - Convert function
root - INFO - Convert function
root - INFO - Convert function
root - INFO - Pulling image from URL function
root - INFO - Requests status: 200
root - INFO - Found image url:https://images.craigslist.org/00202_2cReWVVTvkr_0CI0sV_600x450.jpg
root - INFO - https://images.craigslist.org/00202_2cReWVVTvkr_0CI0sV_600x450.jpg
instabot version: 0.117.0 - DEBUG - POST to endpoint: media/configure/? returned response: <Response [200]>
instabot version: 0.117.0 - DEBUG - POST to endpoint: qe/expose/ returned response: <Response [200]>
instabot version: 0.117.0 - INFO - Photo '/home/pi/Desktop/CarBot/00202_2cReWVVTvkr_0CI0sV_600x450.jpg' is uploaded.
root - INFO - Convert function
root - INFO - Convert function
root - INFO - Convert function
root - INFO - Pulling image from URL function
root - INFO - Requests status: 200
root - INFO - Found image url:https://images.craigslist.org/00D0D_l3MabP4K4Q1_0CI0t2_600x450.jpg
root - INFO - https://images.craigslist.org/00D0D_l3MabP4K4Q1_0CI0t2_600x450.jpg
instabot version: 0.117.0 - DEBUG - POST to endpoint: media/configure/? returned response: <Response [200]>
instabot version: 0.117.0 - DEBUG - POST to endpoint: qe/expose/ returned response: <Response [200]>
instabot version: 0.117.0 - INFO - Photo '/home/pi/Desktop/CarBot/00D0D_l3MabP4K4Q1_0CI0t2_600x450.jpg' is uploaded.
root - INFO - Convert function
root - INFO - Convert function
root - INFO - Convert function
root - INFO - Convert function
root - INFO - Convert function
root - INFO - Convert function
root - INFO - Convert function
root - INFO - Convert function
root - INFO - Pulling image from URL function
root - INFO - Requests status: 200
root - INFO - Found image url:https://images.craigslist.org/00i0i_iJhN68ylvbN_0CI0t2_600x450.jpg
root - INFO - https://images.craigslist.org/00i0i_iJhN68ylvbN_0CI0t2_600x450.jpg
instabot version: 0.117.0 - DEBUG - POST to endpoint: media/configure/? returned response: <Response [200]>
instabot version: 0.117.0 - DEBUG - POST to endpoint: qe/expose/ returned response: <Response [200]>
instabot version: 0.117.0 - INFO - Photo '/home/pi/Desktop/CarBot/00i0i_iJhN68ylvbN_0CI0t2_600x450.jpg' is uploaded.
root - INFO - Convert function
root - INFO - Pulling image from URL function
root - INFO - Requests status: 200
root - INFO - Found image url:https://images.craigslist.org/00404_3pL3zTNZ4zX_0CI0t2_600x450.jpg
root - INFO - https://images.craigslist.org/00404_3pL3zTNZ4zX_0CI0t2_600x450.jpg
instabot version: 0.117.0 - DEBUG - POST to endpoint: media/configure/? returned response: <Response [200]>
instabot version: 0.117.0 - DEBUG - POST to endpoint: qe/expose/ returned response: <Response [200]>
instabot version: 0.117.0 - INFO - Photo '/home/pi/Desktop/CarBot/00404_3pL3zTNZ4zX_0CI0t2_600x450.jpg' is uploaded.
root - INFO - Convert function
root - INFO - Convert function
root - INFO - Convert function
root - INFO - Convert function
root - INFO - Convert function
root - INFO - Convert function
root - INFO - Convert function
root - INFO - Convert function
root - INFO - Convert function
root - INFO - Convert function
root - INFO - Convert function
root - INFO - Convert function
root - INFO - Convert function
root - INFO - Convert function
root - INFO - Convert function
root - INFO - Convert function
root - INFO - Convert function
root - INFO - Convert function
root - INFO - Convert function
root - INFO - Convert function
root - INFO - Convert function
root - INFO - Convert function
root - INFO - Convert function
root - INFO - Convert function
root - INFO - Convert function
root - INFO - Convert function
root - INFO - Convert function
root - INFO - Convert function
root - INFO - Convert function
root - INFO - Convert function
root - INFO - Convert function
root - INFO - Convert function
root - INFO - Convert function
root - INFO - Convert function
root - INFO - Convert function
instabot version: 0.117.0 - DEBUG - Saving Checkpoint file to: /home/pi/Desktop/CarBot/PyCode/config/Classic_Bimmer_Bot.checkpoint
instabot version: 0.117.0 - INFO - Total requests: 112
