root - INFO - Datetime limit: 08/23/2020, 21:24:49
root - INFO - Setting up the instagram and twitter accounts
root - INFO - Found image url:https://images.craigslist.org/00R0R_4pfJAyBzYgd_0CI0t2_600x450.jpg
root - INFO - Found image url:https://images.craigslist.org/00b0b_3LARHv9esDH_0ww0oo_600x450.jpg
root - ERROR - AN ERROR OCURRED
root - INFO - Found image url:https://images.craigslist.org/00X0X_i7H8zectxZH_0e40dO_600x450.jpg
root - INFO - Found image url:https://images.craigslist.org/00909_fx01WwBmRo9_0CI0t2_600x450.jpg
root - INFO - Found image url:https://images.craigslist.org/00T0T_65jMCERyDGL_0x20oM_600x450.jpg
root - INFO - Found image url:https://images.craigslist.org/00b0b_lmMi7iHe0zP_0CI0t2_600x450.jpg
root - INFO - Found image url:https://images.craigslist.org/00q0q_dK273NesZXB_0pO0jm_600x450.jpg
root - INFO - Found image url:https://images.craigslist.org/00B0B_hSSLJJvQpf0_0CI0t2_600x450.jpg
root - INFO - Found image url:https://images.craigslist.org/00T0T_65jMCERyDGL_0x20oM_600x450.jpg
root - INFO - Found image url:https://images.craigslist.org/00000_eM9tm3J5v2t_0ak07K_600x450.jpg
root - INFO - Found image url:https://images.craigslist.org/00A0A_1bVj9ppKhuD_0CI0t2_600x450.jpg
root - INFO - Found image url:https://images.craigslist.org/00P0P_7ovlAhWpCVk_0CI0t2_600x450.jpg
root - INFO - Found image url:https://images.craigslist.org/00505_hSZKRFvBgYv_0lM0t2_600x450.jpg
root - INFO - Found image url:https://images.craigslist.org/00U0U_2YwIf4hF92m_0CI0t2_600x450.jpg
root - INFO - Found image url:https://images.craigslist.org/00h0h_iQI9VzG3MVT_0CI0t2_600x450.jpg
root - INFO - Found image url:https://images.craigslist.org/00j0j_4ikZ43hC3Pn_0CI0t2_600x450.jpg
root - INFO - Found image url:https://images.craigslist.org/00L0L_dRHPSwZqFZ5_09G07g_600x450.jpg
root - INFO - Found image url:https://images.craigslist.org/00T0T_ez3QUGAbDcP_0CI0t2_600x450.jpg
root - INFO - Found image url:https://images.craigslist.org/00N0N_aDtROrNmyy3_0CI0t2_600x450.jpg
root - ERROR - AN ERROR OCURRED
root - INFO - Found image url:https://images.craigslist.org/00J0J_fqK4hyg3fjG_0te0t2_600x450.jpg
root - INFO - Found image url:https://images.craigslist.org/00A0A_1bVj9ppKhuD_0CI0t2_600x450.jpg
root - INFO - Found image url:https://images.craigslist.org/00A0A_1bVj9ppKhuD_0CI0t2_600x450.jpg
root - INFO - Found image url:https://images.craigslist.org/00A0A_1bVj9ppKhuD_0CI0t2_600x450.jpg
root - INFO - Found image url:https://images.craigslist.org/00Q0Q_kTofsEHPWKs_0CI0t2_600x450.jpg
root - INFO - Found image url:https://images.craigslist.org/00s0s_imq288cWmJ9_0lq0c3_600x450.jpg
python-craiglist - WARNING - 'clean' is not a valid option for auto_title_status
python-craiglist - WARNING - 'salvage' is not a valid option for auto_title_status
python-craiglist - WARNING - 'rebuilt' is not a valid option for auto_title_status
python-craiglist - WARNING - 'lien' is not a valid option for auto_title_status
root - INFO - Found image url:https://images.craigslist.org/00A0A_1bVj9ppKhuD_0CI0t2_600x450.jpg
root - INFO - Found image url:https://images.craigslist.org/00S0S_aY6cEpwc2bo_0CI0t2_600x450.jpg
root - INFO - Found image url:https://images.craigslist.org/00O0O_hmjZnXEjzAP_0CI0qa_600x450.jpg
root - INFO - Found image url:https://images.craigslist.org/00l0l_4PEc8MY9hmQ_0CI0t2_600x450.jpg
root - INFO - Found image url:https://images.craigslist.org/00f0f_kkASU3AaQoN_1320MM_600x450.jpg
root - INFO - Found image url:https://images.craigslist.org/01414_2MDO2F9WYl6_0CI0t2_600x450.jpg
