root - INFO - Datetime limit: 11/14/2020, 10:00:03
instabot version: 0.117.0 - INFO - Instabot version: 0.117.0 Started
instabot version: 0.117.0 - DEBUG - Bot imported from /usr/local/lib/python3.7/dist-packages/instabot/bot/bot.py
instabot version: 0.117.0 - DEBUG - Loading uuids
instabot version: 0.117.0 - INFO - Recovery from /home/pi/config/carbotsocial@gmail.com_uuid_and_cookie.json: COOKIE False - UUIDs True - TIMING, DEVICE and ...
- user-agent=Instagram 117.0.0.28.123 Android (28/9.0; 420dpi; 1080x1920; OnePlus; ONEPLUS A3003; OnePlus3; qcom; en_US; 180322800)
- phone_id=907cc110-3574-4177-89d2-60706fe75ead
- uuid=4b3d0fd9-b923-42d1-82b1-2ce6e86817db
- client_session_id=dd5b457a-9d92-46b2-9203-316137be94dc
- device_id=android-893358fb12fb41e0
instabot version: 0.117.0 - INFO - Not yet logged in starting: PRE-LOGIN FLOW!
instabot version: 0.117.0 - DEBUG - POST to endpoint: accounts/get_prefill_candidates/ returned response: <Response [200]>
instabot version: 0.117.0 - DEBUG - POST to endpoint: qe/sync/ returned response: <Response [200]>
instabot version: 0.117.0 - DEBUG - POST to endpoint: launcher/sync/ returned response: <Response [200]>
instabot version: 0.117.0 - DEBUG - POST to endpoint: accounts/contact_point_prefill/ returned response: <Response [200]>
instabot version: 0.117.0 - DEBUG - POST to endpoint: accounts/login/ returned response: <Response [200]>
instabot version: 0.117.0 - INFO - Logged-in successfully as 'carbotsocial@gmail.com'!
instabot version: 0.117.0 - INFO - LOGIN FLOW! Just logged-in: True
instabot version: 0.117.0 - DEBUG - POST to endpoint: qe/sync/ returned response: <Response [200]>
instabot version: 0.117.0 - DEBUG - POST to endpoint: launcher/sync/ returned response: <Response [200]>
instabot version: 0.117.0 - DEBUG - GET to endpoint: zr/token/result/?device_id=android-893358fb12fb41e0&token_hash=&custom_device_id=android-893358fb12fb41e0&fetch_reason=token_expired returned response: <Response [200]>
instabot version: 0.117.0 - DEBUG - GET to endpoint: multiple_accounts/get_account_family/ returned response: <Response [200]>
instabot version: 0.117.0 - DEBUG - POST to endpoint: qe/sync/ returned response: <Response [200]>
instabot version: 0.117.0 - DEBUG - GET to endpoint: igtv/browse_feed/?prefetch=1 returned response: <Response [200]>
instabot version: 0.117.0 - DEBUG - POST to endpoint: creatives/ar_class/ returned response: <Response [200]>
instabot version: 0.117.0 - DEBUG - POST to endpoint: feed/reels_tray/ returned response: <Response [200]>
instabot version: 0.117.0 - DEBUG - POST to endpoint: feed/timeline/ returned response: <Response [200]>
instabot version: 0.117.0 - DEBUG - GET to endpoint: media/blocked/ returned response: <Response [200]>
instabot version: 0.117.0 - DEBUG - GET to endpoint: news/inbox/ returned response: <Response [200]>
instabot version: 0.117.0 - DEBUG - GET to endpoint: loom/fetch_config/ returned response: <Response [200]>
instabot version: 0.117.0 - DEBUG - GET to endpoint: scores/bootstrap/users/?surfaces=["autocomplete_user_list","coefficient_besties_list_ranking","coefficient_rank_recipient_user_suggestion","coefficient_ios_section_test_bootstrap_ranking","coefficient_direct_recipients_ranking_variant_2"] returned response: <Response [200]>
instabot version: 0.117.0 - DEBUG - GET to endpoint: business/eligibility/get_monetization_products_eligibility_data/?product_types=branded_content returned response: <Response [200]>
instabot version: 0.117.0 - DEBUG - GET to endpoint: business/branded_content/should_require_professional_account/ returned response: <Response [200]>
instabot version: 0.117.0 - DEBUG - GET to endpoint: linked_accounts/get_linkage_status/ returned response: <Response [200]>
instabot version: 0.117.0 - DEBUG - GET to endpoint: locations/request_country/ returned response: <Response [200]>
instabot version: 0.117.0 - DEBUG - GET to endpoint: qp/get_cooldowns/?signed_body=signed_body=4b9c516a5410a3bc128e09c6104a7f042146b9c2023870560c63a43a7f66781c.4&ig_sig_key_version=4&ig_sig_key_version=4 returned response: <Response [200]>
instabot version: 0.117.0 - DEBUG - GET to endpoint: users/arlink_download_info/?version_override=2.2.1 returned response: <Response [200]>
instabot version: 0.117.0 - DEBUG - GET to endpoint: users/40228321451/info/ returned response: <Response [200]>
instabot version: 0.117.0 - DEBUG - GET to endpoint: direct_v2/get_presence/ returned response: <Response [200]>
instabot version: 0.117.0 - DEBUG - GET to endpoint: direct_v2/inbox/?visual_message_return_type=unseen&thread_message_limit=10&persistentBadging=true&limit=20 returned response: <Response [200]>
instabot version: 0.117.0 - DEBUG - GET to endpoint: direct_v2/inbox/?visual_message_return_type=unseen&persistentBadging=true&limit=0 returned response: <Response [200]>
instabot version: 0.117.0 - DEBUG - GET to endpoint: discover/topical_explore/?is_prefetch=true&omit_cover_media=true&use_sectional_payload=true&timezone_offset=0&session_id=dd5b457a-9d92-46b2-9203-316137be94dc&include_fixed_destinations=true returned response: <Response [200]>
instabot version: 0.117.0 - DEBUG - POST to endpoint: notifications/badge/ returned response: <Response [200]>
instabot version: 0.117.0 - DEBUG - POST to endpoint: qp/batch_fetch/ returned response: <Response [200]>
instabot version: 0.117.0 - DEBUG - Loading Checkpoint file from: /home/pi/config/carbotsocial@gmail.com.checkpoint
root - INFO - found result!
root - INFO - found result!
root - INFO - found result!
root - INFO - found result!
root - INFO - found result!
root - INFO - found result!
root - INFO - found result!
root - INFO - found result!
root - INFO - found result!
root - INFO - found result!
root - INFO - found result!
root - INFO - found result!
root - INFO - found result!
root - INFO - found result!
root - INFO - found result!
root - INFO - found result!
root - INFO - found result!
root - INFO - found result!
root - INFO - found result!
root - INFO - found result!
root - INFO - found result!
root - INFO - found result!
root - INFO - found result!
root - INFO - found result!
root - INFO - found result!
root - INFO - found result!
root - INFO - found result!
python-craiglist - WARNING - 'clean' is not a valid option for auto_title_status
python-craiglist - WARNING - 'salvage' is not a valid option for auto_title_status
python-craiglist - WARNING - 'rebuilt' is not a valid option for auto_title_status
python-craiglist - WARNING - 'lien' is not a valid option for auto_title_status
root - INFO - found result!
root - INFO - found result!
root - INFO - found result!
root - INFO - found result!
root - INFO - found result!
root - INFO - found result!
root - INFO - found result!
root - INFO - found result!
instabot version: 0.117.0 - DEBUG - Saving Checkpoint file to: /home/pi/config/carbotsocial@gmail.com.checkpoint
instabot version: 0.117.0 - INFO - Total requests: 319
