root - INFO - Datetime limit: 03/24/2021, 16:00:03
root - INFO - Setting up the instagram and twitter accounts
instabot version: 0.117.0 - INFO - Instabot version: 0.117.0 Started
instabot version: 0.117.0 - DEBUG - Bot imported from /usr/local/lib/python3.7/dist-packages/instabot/bot/bot.py
instabot version: 0.117.0 - DEBUG - Loading uuids
instabot version: 0.117.0 - INFO - Recovery from /home/pi/config/miata.hunter_uuid_and_cookie.json: COOKIE False - UUIDs True - TIMING, DEVICE and ...
- user-agent=Instagram 117.0.0.28.123 Android (28/9.0; 420dpi; 1080x1920; OnePlus; ONEPLUS A3003; OnePlus3; qcom; en_US; 180322800)
- phone_id=e6b73eab-7c30-40c9-92e2-8ff8aa70932d
- uuid=00e37b1d-def7-419c-b22e-49df9efbab89
- client_session_id=07f1696c-3d73-4a6f-af64-fd1cee645c2e
- device_id=android-1cb5031454b1a06f
instabot version: 0.117.0 - INFO - Not yet logged in starting: PRE-LOGIN FLOW!
instabot version: 0.117.0 - DEBUG - POST to endpoint: accounts/get_prefill_candidates/ returned response: <Response [200]>
instabot version: 0.117.0 - DEBUG - POST to endpoint: qe/sync/ returned response: <Response [200]>
instabot version: 0.117.0 - DEBUG - POST to endpoint: launcher/sync/ returned response: <Response [200]>
instabot version: 0.117.0 - DEBUG - POST to endpoint: accounts/contact_point_prefill/ returned response: <Response [200]>
instabot version: 0.117.0 - DEBUG - POST to endpoint: accounts/login/ returned response: <Response [200]>
instabot version: 0.117.0 - INFO - Logged-in successfully as 'miata.hunter'!
instabot version: 0.117.0 - INFO - LOGIN FLOW! Just logged-in: True
instabot version: 0.117.0 - DEBUG - POST to endpoint: qe/sync/ returned response: <Response [200]>
instabot version: 0.117.0 - DEBUG - POST to endpoint: launcher/sync/ returned response: <Response [200]>
instabot version: 0.117.0 - DEBUG - GET to endpoint: zr/token/result/?device_id=android-1cb5031454b1a06f&token_hash=&custom_device_id=android-1cb5031454b1a06f&fetch_reason=token_expired returned response: <Response [200]>
instabot version: 0.117.0 - DEBUG - GET to endpoint: multiple_accounts/get_account_family/ returned response: <Response [200]>
instabot version: 0.117.0 - DEBUG - POST to endpoint: qe/sync/ returned response: <Response [200]>
instabot version: 0.117.0 - DEBUG - GET to endpoint: igtv/browse_feed/?prefetch=1 returned response: <Response [200]>
instabot version: 0.117.0 - DEBUG - POST to endpoint: creatives/ar_class/ returned response: <Response [200]>
instabot version: 0.117.0 - DEBUG - POST to endpoint: feed/reels_tray/ returned response: <Response [200]>
instabot version: 0.117.0 - DEBUG - POST to endpoint: feed/timeline/ returned response: <Response [200]>
instabot version: 0.117.0 - DEBUG - GET to endpoint: media/blocked/ returned response: <Response [200]>
instabot version: 0.117.0 - DEBUG - GET to endpoint: news/inbox/ returned response: <Response [200]>
instabot version: 0.117.0 - DEBUG - GET to endpoint: loom/fetch_config/ returned response: <Response [200]>
instabot version: 0.117.0 - DEBUG - GET to endpoint: scores/bootstrap/users/?surfaces=["autocomplete_user_list","coefficient_besties_list_ranking","coefficient_rank_recipient_user_suggestion","coefficient_ios_section_test_bootstrap_ranking","coefficient_direct_recipients_ranking_variant_2"] returned response: <Response [200]>
instabot version: 0.117.0 - DEBUG - GET to endpoint: business/eligibility/get_monetization_products_eligibility_data/?product_types=branded_content returned response: <Response [200]>
instabot version: 0.117.0 - DEBUG - GET to endpoint: business/branded_content/should_require_professional_account/ returned response: <Response [200]>
instabot version: 0.117.0 - DEBUG - GET to endpoint: linked_accounts/get_linkage_status/ returned response: <Response [200]>
instabot version: 0.117.0 - DEBUG - GET to endpoint: locations/request_country/ returned response: <Response [200]>
instabot version: 0.117.0 - DEBUG - GET to endpoint: qp/get_cooldowns/?signed_body=signed_body=4b9c516a5410a3bc128e09c6104a7f042146b9c2023870560c63a43a7f66781c.4&ig_sig_key_version=4&ig_sig_key_version=4 returned response: <Response [200]>
instabot version: 0.117.0 - DEBUG - GET to endpoint: users/arlink_download_info/?version_override=2.2.1 returned response: <Response [200]>
instabot version: 0.117.0 - DEBUG - GET to endpoint: users/41049736996/info/ returned response: <Response [200]>
instabot version: 0.117.0 - DEBUG - GET to endpoint: direct_v2/get_presence/ returned response: <Response [200]>
instabot version: 0.117.0 - DEBUG - GET to endpoint: direct_v2/inbox/?visual_message_return_type=unseen&thread_message_limit=10&persistentBadging=true&limit=20 returned response: <Response [200]>
instabot version: 0.117.0 - DEBUG - GET to endpoint: direct_v2/inbox/?visual_message_return_type=unseen&persistentBadging=true&limit=0 returned response: <Response [200]>
instabot version: 0.117.0 - DEBUG - GET to endpoint: discover/topical_explore/?is_prefetch=true&omit_cover_media=true&use_sectional_payload=true&timezone_offset=0&session_id=07f1696c-3d73-4a6f-af64-fd1cee645c2e&include_fixed_destinations=true returned response: <Response [200]>
instabot version: 0.117.0 - DEBUG - POST to endpoint: notifications/badge/ returned response: <Response [200]>
instabot version: 0.117.0 - DEBUG - POST to endpoint: qp/batch_fetch/ returned response: <Response [200]>
instabot version: 0.117.0 - DEBUG - Loading Checkpoint file from: /home/pi/config/miata.hunter.checkpoint
root - INFO - found result!
root - INFO - found result!
root - INFO - found result!
root - INFO - found result!
root - INFO - found result!
root - INFO - found result!
root - INFO - found result!
root - INFO - found result!
root - INFO - found result!
root - INFO - found result!
root - INFO - found result!
root - INFO - found result!
root - INFO - found result!
root - INFO - found result!
root - INFO - found result!
root - INFO - found result!
root - INFO - found result!
root - INFO - found result!
root - INFO - found result!
root - INFO - found result!
root - INFO - found result!
root - INFO - found result!
root - INFO - found result!
root - INFO - found result!
root - INFO - found result!
root - INFO - found result!
root - INFO - found result!
root - INFO - found result!
root - INFO - found result!
root - INFO - found result!
root - INFO - found result!
root - INFO - found result!
root - INFO - found result!
root - INFO - found result!
root - INFO - found result!
root - INFO - found result!
root - INFO - found result!
root - INFO - found result!
root - INFO - found result!
root - INFO - found result!
root - INFO - found result!
root - INFO - found result!
root - INFO - found result!
root - INFO - found result!
root - INFO - found result!
root - INFO - found result!
root - INFO - found result!
root - INFO - found result!
root - INFO - found result!
root - INFO - found result!
root - INFO - found result!
root - INFO - found result!
root - INFO - found result!
root - INFO - found result!
root - INFO - found result!
root - INFO - found result!
root - INFO - found result!
root - INFO - found result!
root - INFO - found result!
root - INFO - found result!
root - INFO - found result!
root - INFO - found result!
root - INFO - found result!
root - INFO - found result!
root - INFO - found result!
root - INFO - found result!
root - INFO - found result!
root - INFO - found result!
root - INFO - found result!
root - INFO - found result!
root - INFO - found result!
root - INFO - found result!
root - INFO - found result!
root - INFO - found result!
root - INFO - found result!
root - INFO - found result!
root - INFO - found result!
root - INFO - found result!
root - INFO - found result!
root - INFO - found result!
root - INFO - found result!
root - INFO - found result!
root - INFO - found result!
root - INFO - found result!
root - INFO - found result!
root - INFO - found result!
root - INFO - found result!
root - INFO - found result!
root - INFO - found result!
root - INFO - found result!
root - INFO - found result!
root - INFO - found result!
root - INFO - found result!
root - INFO - found result!
root - INFO - found result!
root - INFO - found result!
root - INFO - found result!
root - INFO - found result!
root - INFO - found result!
root - INFO - found result!
root - INFO - found result!
root - INFO - found result!
root - INFO - found result!
root - INFO - found result!
root - INFO - found result!
root - INFO - found result!
root - INFO - found result!
root - INFO - found result!
root - INFO - found result!
root - INFO - found result!
root - INFO - found result!
root - INFO - found result!
root - INFO - found result!
root - INFO - found result!
root - INFO - found result!
root - INFO - found result!
root - INFO - found result!
root - INFO - found result!
root - INFO - found result!
root - INFO - found result!
root - INFO - Found image url:https://images.craigslist.org/00X0X_23k19CZtKZlz_0MM132_600x450.jpg
instabot version: 0.117.0 - DEBUG - POST to endpoint: media/configure/? returned response: <Response [200]>
instabot version: 0.117.0 - DEBUG - POST to endpoint: qe/expose/ returned response: <Response [200]>
instabot version: 0.117.0 - INFO - Photo '/home/pi/Desktop/CarBot/00X0X_23k19CZtKZlz_0MM132_600x450.jpg' is uploaded.
root - INFO - found result!
root - INFO - found result!
root - INFO - found result!
root - INFO - found result!
root - INFO - found result!
root - INFO - found result!
root - INFO - found result!
root - INFO - found result!
root - INFO - found result!
root - INFO - found result!
root - INFO - found result!
root - INFO - found result!
root - INFO - found result!
root - INFO - found result!
root - INFO - found result!
root - INFO - found result!
root - INFO - found result!
root - INFO - found result!
root - INFO - found result!
root - INFO - found result!
root - INFO - found result!
root - INFO - found result!
root - INFO - found result!
root - INFO - found result!
root - INFO - found result!
root - INFO - found result!
root - INFO - found result!
root - INFO - found result!
root - INFO - found result!
root - INFO - found result!
root - INFO - found result!
root - INFO - found result!
root - INFO - found result!
root - INFO - found result!
root - INFO - found result!
root - INFO - found result!
root - INFO - found result!
root - INFO - found result!
root - INFO - found result!
root - INFO - found result!
root - INFO - found result!
root - INFO - found result!
root - INFO - found result!
root - INFO - found result!
root - INFO - found result!
root - INFO - found result!
root - INFO - found result!
root - INFO - found result!
root - INFO - found result!
root - INFO - found result!
root - INFO - found result!
root - INFO - Found image url:https://images.craigslist.org/00Z0Z_5pE7plQjXLKz_0CI0t2_600x450.jpg
instabot version: 0.117.0 - DEBUG - POST to endpoint: media/configure/? returned response: <Response [200]>
instabot version: 0.117.0 - DEBUG - POST to endpoint: qe/expose/ returned response: <Response [200]>
instabot version: 0.117.0 - INFO - Photo '/home/pi/Desktop/CarBot/00Z0Z_5pE7plQjXLKz_0CI0t2_600x450.jpg' is uploaded.
root - INFO - found result!
root - INFO - found result!
root - INFO - found result!
root - INFO - found result!
root - INFO - found result!
root - INFO - found result!
root - INFO - found result!
root - INFO - found result!
root - INFO - found result!
root - INFO - found result!
root - INFO - found result!
root - INFO - found result!
root - INFO - found result!
root - INFO - found result!
root - INFO - found result!
root - INFO - found result!
root - INFO - found result!
root - INFO - found result!
root - INFO - found result!
root - INFO - found result!
root - INFO - found result!
root - INFO - found result!
root - INFO - found result!
root - INFO - found result!
root - INFO - found result!
root - INFO - found result!
root - INFO - found result!
root - INFO - found result!
root - INFO - found result!
root - INFO - found result!
root - INFO - found result!
root - INFO - found result!
root - INFO - found result!
root - INFO - found result!
root - INFO - found result!
root - INFO - found result!
root - INFO - found result!
root - INFO - found result!
root - INFO - found result!
root - INFO - found result!
root - INFO - found result!
root - INFO - found result!
root - INFO - found result!
root - INFO - found result!
root - INFO - found result!
root - INFO - found result!
root - INFO - found result!
root - INFO - found result!
root - INFO - found result!
root - INFO - found result!
root - INFO - found result!
root - INFO - found result!
root - INFO - found result!
root - INFO - found result!
root - INFO - Found image url:https://images.craigslist.org/00W0W_49UZSDToC8gz_0t20CI_600x450.jpg
instabot version: 0.117.0 - DEBUG - POST to endpoint: media/configure/? returned response: <Response [200]>
instabot version: 0.117.0 - DEBUG - POST to endpoint: qe/expose/ returned response: <Response [200]>
instabot version: 0.117.0 - INFO - Photo '/home/pi/Desktop/CarBot/00W0W_49UZSDToC8gz_0t20CI_600x450.jpg' is uploaded.
root - INFO - found result!
root - INFO - found result!
root - INFO - found result!
root - INFO - found result!
root - INFO - found result!
root - INFO - found result!
root - INFO - found result!
root - INFO - found result!
root - INFO - found result!
root - INFO - found result!
root - INFO - found result!
root - INFO - found result!
root - INFO - found result!
root - INFO - found result!
root - INFO - found result!
root - INFO - found result!
root - INFO - found result!
root - INFO - found result!
root - INFO - found result!
root - INFO - found result!
root - INFO - found result!
root - INFO - found result!
root - INFO - found result!
root - INFO - found result!
root - INFO - found result!
root - INFO - found result!
root - INFO - found result!
root - INFO - found result!
root - INFO - found result!
root - INFO - found result!
root - INFO - found result!
root - INFO - found result!
root - INFO - found result!
root - INFO - found result!
root - INFO - found result!
root - INFO - found result!
root - INFO - found result!
root - INFO - found result!
root - INFO - found result!
root - INFO - found result!
root - INFO - found result!
root - INFO - found result!
root - INFO - found result!
root - INFO - found result!
root - INFO - found result!
root - INFO - found result!
root - INFO - found result!
root - INFO - found result!
root - INFO - found result!
root - INFO - found result!
root - INFO - found result!
root - INFO - found result!
root - INFO - found result!
root - INFO - found result!
root - INFO - Found image url:https://images.craigslist.org/00J0J_gvP2Y3RWTGaz_0CI0iP_600x450.jpg
instabot version: 0.117.0 - DEBUG - POST to endpoint: media/configure/? returned response: <Response [200]>
instabot version: 0.117.0 - DEBUG - POST to endpoint: qe/expose/ returned response: <Response [200]>
instabot version: 0.117.0 - INFO - Photo '/home/pi/Desktop/CarBot/00J0J_gvP2Y3RWTGaz_0CI0iP_600x450.jpg' is uploaded.
root - INFO - found result!
root - INFO - found result!
root - INFO - found result!
root - INFO - found result!
root - INFO - found result!
root - INFO - found result!
instabot version: 0.117.0 - DEBUG - Saving Checkpoint file to: /home/pi/config/miata.hunter.checkpoint
instabot version: 0.117.0 - INFO - Total requests: 3036
