2021-02-19 23:49:42,455 - instabot version: 0.117.0 (bot) - INFO - Instabot version: 0.117.0 Started
2021-02-19 23:49:42,455 - instabot version: 0.117.0 (bot) - DEBUG - Bot imported from /usr/local/lib/python3.7/dist-packages/instabot/bot/bot.py
2021-02-19 23:49:42,457 - instabot version: 0.117.0 (api_login) - DEBUG - Loading uuids
2021-02-19 23:49:42,457 - instabot version: 0.117.0 (api_login) - INFO - Recovery from /home/pi/Desktop/CarBot/PyCode/config/carbotsocial@gmail.com_uuid_and_cookie.json: COOKIE False - UUIDs True - TIMING, DEVICE and ...
- user-agent=Instagram 117.0.0.28.123 Android (28/9.0; 420dpi; 1080x1920; OnePlus; ONEPLUS A3003; OnePlus3; qcom; en_US; 180322800)
- phone_id=37c8ebcf-99f5-45e2-9582-718d56f816e5
- uuid=cf136d3b-84cc-400f-8936-2e5a5040b21a
- client_session_id=594a9976-a62b-4fa1-8001-ffaba2c03fd9
- device_id=android-893358fb12fb41e0
2021-02-19 23:49:42,457 - instabot version: 0.117.0 (api_login) - INFO - Not yet logged in starting: PRE-LOGIN FLOW!
2021-02-19 23:49:42,766 - instabot version: 0.117.0 (api) - DEBUG - POST to endpoint: accounts/get_prefill_candidates/ returned response: <Response [200]>
2021-02-19 23:49:43,066 - instabot version: 0.117.0 (api) - DEBUG - POST to endpoint: qe/sync/ returned response: <Response [200]>
2021-02-19 23:49:43,392 - instabot version: 0.117.0 (api) - DEBUG - POST to endpoint: launcher/sync/ returned response: <Response [200]>
2021-02-19 23:49:43,714 - instabot version: 0.117.0 (api) - DEBUG - POST to endpoint: accounts/contact_point_prefill/ returned response: <Response [200]>
2021-02-19 23:49:45,700 - instabot version: 0.117.0 (api) - DEBUG - POST to endpoint: accounts/login/ returned response: <Response [200]>
2021-02-19 23:49:45,701 - instabot version: 0.117.0 (api) - INFO - Logged-in successfully as 'carbotsocial@gmail.com'!
2021-02-19 23:49:45,702 - instabot version: 0.117.0 (api_login) - INFO - LOGIN FLOW! Just logged-in: True
2021-02-19 23:49:46,024 - instabot version: 0.117.0 (api) - DEBUG - POST to endpoint: qe/sync/ returned response: <Response [200]>
2021-02-19 23:49:46,321 - instabot version: 0.117.0 (api) - DEBUG - POST to endpoint: launcher/sync/ returned response: <Response [200]>
2021-02-19 23:49:46,628 - instabot version: 0.117.0 (api) - DEBUG - GET to endpoint: zr/token/result/?device_id=android-893358fb12fb41e0&token_hash=&custom_device_id=android-893358fb12fb41e0&fetch_reason=token_expired returned response: <Response [200]>
2021-02-19 23:49:46,907 - instabot version: 0.117.0 (api) - DEBUG - GET to endpoint: multiple_accounts/get_account_family/ returned response: <Response [200]>
2021-02-19 23:49:47,198 - instabot version: 0.117.0 (api) - DEBUG - POST to endpoint: qe/sync/ returned response: <Response [200]>
2021-02-19 23:49:47,666 - instabot version: 0.117.0 (api) - DEBUG - GET to endpoint: igtv/browse_feed/?prefetch=1 returned response: <Response [200]>
2021-02-19 23:49:47,966 - instabot version: 0.117.0 (api) - DEBUG - POST to endpoint: creatives/ar_class/ returned response: <Response [200]>
2021-02-19 23:49:48,488 - instabot version: 0.117.0 (api) - DEBUG - POST to endpoint: feed/reels_tray/ returned response: <Response [200]>
2021-02-19 23:49:49,883 - instabot version: 0.117.0 (api) - DEBUG - POST to endpoint: feed/timeline/ returned response: <Response [200]>
2021-02-19 23:49:50,179 - instabot version: 0.117.0 (api) - DEBUG - GET to endpoint: media/blocked/ returned response: <Response [200]>
2021-02-19 23:49:50,702 - instabot version: 0.117.0 (api) - DEBUG - GET to endpoint: news/inbox/ returned response: <Response [200]>
2021-02-19 23:49:50,962 - instabot version: 0.117.0 (api) - DEBUG - GET to endpoint: loom/fetch_config/ returned response: <Response [200]>
2021-02-19 23:49:51,264 - instabot version: 0.117.0 (api) - DEBUG - GET to endpoint: scores/bootstrap/users/?surfaces=["autocomplete_user_list","coefficient_besties_list_ranking","coefficient_rank_recipient_user_suggestion","coefficient_ios_section_test_bootstrap_ranking","coefficient_direct_recipients_ranking_variant_2"] returned response: <Response [200]>
2021-02-19 23:49:51,536 - instabot version: 0.117.0 (api) - DEBUG - GET to endpoint: business/eligibility/get_monetization_products_eligibility_data/?product_types=branded_content returned response: <Response [200]>
2021-02-19 23:49:51,788 - instabot version: 0.117.0 (api) - DEBUG - GET to endpoint: business/branded_content/should_require_professional_account/ returned response: <Response [200]>
2021-02-19 23:49:52,086 - instabot version: 0.117.0 (api) - DEBUG - GET to endpoint: linked_accounts/get_linkage_status/ returned response: <Response [200]>
2021-02-19 23:49:52,320 - instabot version: 0.117.0 (api) - DEBUG - GET to endpoint: locations/request_country/ returned response: <Response [200]>
2021-02-19 23:49:52,579 - instabot version: 0.117.0 (api) - DEBUG - GET to endpoint: qp/get_cooldowns/?signed_body=signed_body=4b9c516a5410a3bc128e09c6104a7f042146b9c2023870560c63a43a7f66781c.4&ig_sig_key_version=4&ig_sig_key_version=4 returned response: <Response [200]>
2021-02-19 23:49:52,888 - instabot version: 0.117.0 (api) - DEBUG - GET to endpoint: users/arlink_download_info/?version_override=2.2.1 returned response: <Response [200]>
2021-02-19 23:49:53,328 - instabot version: 0.117.0 (api) - DEBUG - GET to endpoint: users/40228321451/info/ returned response: <Response [200]>
2021-02-19 23:49:53,641 - instabot version: 0.117.0 (api) - DEBUG - GET to endpoint: direct_v2/get_presence/ returned response: <Response [200]>
2021-02-19 23:49:53,938 - instabot version: 0.117.0 (api) - DEBUG - GET to endpoint: direct_v2/inbox/?visual_message_return_type=unseen&thread_message_limit=10&persistentBadging=true&limit=20 returned response: <Response [200]>
2021-02-19 23:49:54,232 - instabot version: 0.117.0 (api) - DEBUG - GET to endpoint: direct_v2/inbox/?visual_message_return_type=unseen&persistentBadging=true&limit=0 returned response: <Response [200]>
2021-02-19 23:49:54,647 - instabot version: 0.117.0 (api) - DEBUG - GET to endpoint: discover/topical_explore/?is_prefetch=true&omit_cover_media=true&use_sectional_payload=true&timezone_offset=0&session_id=594a9976-a62b-4fa1-8001-ffaba2c03fd9&include_fixed_destinations=true returned response: <Response [200]>
2021-02-19 23:49:54,928 - instabot version: 0.117.0 (api) - DEBUG - POST to endpoint: notifications/badge/ returned response: <Response [200]>
2021-02-19 23:49:55,286 - instabot version: 0.117.0 (api) - DEBUG - POST to endpoint: qp/batch_fetch/ returned response: <Response [200]>
2021-02-19 23:49:55,289 - instabot version: 0.117.0 (bot_checkpoint) - DEBUG - Loading Checkpoint file from: /home/pi/Desktop/CarBot/PyCode/config/carbotsocial@gmail.com.checkpoint
2021-02-19 23:49:56,171 - instabot version: 0.117.0 (bot_checkpoint) - DEBUG - Saving Checkpoint file to: /home/pi/Desktop/CarBot/PyCode/config/carbotsocial@gmail.com.checkpoint
2021-02-19 23:49:56,172 - instabot version: 0.117.0 (bot) - INFO - Total requests: 31
