2020-08-26 14:58:43,221 - instabot version: 0.117.0 (bot) - INFO - Instabot version: 0.117.0 Started
2020-08-26 14:58:43,221 - instabot version: 0.117.0 (bot) - DEBUG - Bot imported from /usr/local/lib/python3.7/dist-packages/instabot/bot/bot.py
2020-08-26 14:58:43,223 - instabot version: 0.117.0 (api_login) - DEBUG - Loading uuids
2020-08-26 14:58:43,223 - instabot version: 0.117.0 (api_login) - INFO - Recovery from /home/pi/Desktop/CarBot/PyCode/config/Classic_Bimmer_Bot_uuid_and_cookie.json: COOKIE False - UUIDs True - TIMING, DEVICE and ...
- user-agent=Instagram 117.0.0.28.123 Android (28/9.0; 420dpi; 1080x1920; OnePlus; ONEPLUS A3003; OnePlus3; qcom; en_US; 180322800)
- phone_id=316c7c53-e9b6-4299-b83c-3c083dd1dad5
- uuid=aed50678-b9c2-4beb-a663-86f0f641bd2c
- client_session_id=b4e9715d-b8f5-4004-b9d0-71bf95890b7a
- device_id=android-16a098091faa435c
2020-08-26 14:58:43,223 - instabot version: 0.117.0 (api_login) - INFO - Not yet logged in starting: PRE-LOGIN FLOW!
2020-08-26 14:58:43,389 - instabot version: 0.117.0 (api) - DEBUG - POST to endpoint: accounts/get_prefill_candidates/ returned response: <Response [200]>
2020-08-26 14:58:43,529 - instabot version: 0.117.0 (api) - DEBUG - POST to endpoint: qe/sync/ returned response: <Response [200]>
2020-08-26 14:58:43,662 - instabot version: 0.117.0 (api) - DEBUG - POST to endpoint: launcher/sync/ returned response: <Response [200]>
2020-08-26 14:58:43,795 - instabot version: 0.117.0 (api) - DEBUG - POST to endpoint: accounts/contact_point_prefill/ returned response: <Response [200]>
2020-08-26 14:58:45,558 - instabot version: 0.117.0 (api) - DEBUG - POST to endpoint: accounts/login/ returned response: <Response [200]>
2020-08-26 14:58:45,559 - instabot version: 0.117.0 (api) - INFO - Logged-in successfully as 'Classic_Bimmer_Bot'!
2020-08-26 14:58:45,559 - instabot version: 0.117.0 (api_login) - INFO - LOGIN FLOW! Just logged-in: True
2020-08-26 14:58:45,748 - instabot version: 0.117.0 (api) - DEBUG - POST to endpoint: qe/sync/ returned response: <Response [400]>
2020-08-26 14:58:45,749 - instabot version: 0.117.0 (api) - DEBUG - Responsecode indicates error; response content: b'{"message": "challenge_required", "challenge": {"url": "https://i.instagram.com/challenge/?next=/api/v1/qe/sync/", "api_path": "/challenge/", "hide_webview_header": true, "lock": true, "logout": false, "native_flow": true}, "status": "fail"}'
2020-08-26 14:58:45,749 - instabot version: 0.117.0 (api) - ERROR - Request returns 400 error!
2020-08-26 14:58:45,749 - instabot version: 0.117.0 (api) - INFO - Instagram's error message: challenge_required
2020-08-26 14:58:45,750 - instabot version: 0.117.0 (api) - INFO - Instagram's error message: {}
2020-08-26 14:58:45,913 - instabot version: 0.117.0 (api) - DEBUG - POST to endpoint: launcher/sync/ returned response: <Response [400]>
2020-08-26 14:58:45,913 - instabot version: 0.117.0 (api) - DEBUG - Responsecode indicates error; response content: b'{"message": "challenge_required", "challenge": {"url": "https://i.instagram.com/challenge/?next=/api/v1/launcher/sync/", "api_path": "/challenge/", "hide_webview_header": true, "lock": true, "logout": false, "native_flow": true}, "status": "fail"}'
2020-08-26 14:58:45,913 - instabot version: 0.117.0 (api) - ERROR - Request returns 400 error!
2020-08-26 14:58:45,914 - instabot version: 0.117.0 (api) - INFO - Instagram's error message: challenge_required
2020-08-26 14:58:45,914 - instabot version: 0.117.0 (api) - INFO - Instagram's error message: {}
2020-08-26 14:58:46,070 - instabot version: 0.117.0 (api) - DEBUG - GET to endpoint: zr/token/result/?device_id=android-16a098091faa435c&token_hash=&custom_device_id=android-16a098091faa435c&fetch_reason=token_expired returned response: <Response [400]>
2020-08-26 14:58:46,071 - instabot version: 0.117.0 (api) - DEBUG - Responsecode indicates error; response content: b'{"message": "challenge_required", "challenge": {"url": "https://i.instagram.com/challenge/?next=/api/v1/zr/token/result/%253Fdevice_id%253Dandroid-16a098091faa435c%2526token_hash%253D%2526custom_device_id%253Dandroid-16a098091faa435c%2526fetch_reason%253Dtoken_expired", "api_path": "/challenge/", "hide_webview_header": true, "lock": true, "logout": false, "native_flow": true}, "status": "fail"}'
2020-08-26 14:58:46,071 - instabot version: 0.117.0 (api) - ERROR - Request returns 400 error!
2020-08-26 14:58:46,071 - instabot version: 0.117.0 (api) - INFO - Instagram's error message: challenge_required
2020-08-26 14:58:46,072 - instabot version: 0.117.0 (api) - INFO - Instagram's error message: {}
2020-08-26 14:58:46,220 - instabot version: 0.117.0 (api) - DEBUG - GET to endpoint: multiple_accounts/get_account_family/ returned response: <Response [400]>
2020-08-26 14:58:46,220 - instabot version: 0.117.0 (api) - DEBUG - Responsecode indicates error; response content: b'{"message": "challenge_required", "challenge": {"url": "https://i.instagram.com/challenge/?next=/api/v1/multiple_accounts/get_account_family/", "api_path": "/challenge/", "hide_webview_header": true, "lock": true, "logout": false, "native_flow": true}, "status": "fail"}'
2020-08-26 14:58:46,220 - instabot version: 0.117.0 (api) - ERROR - Request returns 400 error!
2020-08-26 14:58:46,221 - instabot version: 0.117.0 (api) - INFO - Instagram's error message: challenge_required
2020-08-26 14:58:46,221 - instabot version: 0.117.0 (api) - INFO - Instagram's error message: {}
2020-08-26 14:58:46,378 - instabot version: 0.117.0 (api) - DEBUG - POST to endpoint: qe/sync/ returned response: <Response [400]>
2020-08-26 14:58:46,379 - instabot version: 0.117.0 (api) - DEBUG - Responsecode indicates error; response content: b'{"message": "challenge_required", "challenge": {"url": "https://i.instagram.com/challenge/?next=/api/v1/qe/sync/", "api_path": "/challenge/", "hide_webview_header": true, "lock": true, "logout": false, "native_flow": true}, "status": "fail"}'
2020-08-26 14:58:46,379 - instabot version: 0.117.0 (api) - ERROR - Request returns 400 error!
2020-08-26 14:58:46,380 - instabot version: 0.117.0 (api) - INFO - Instagram's error message: challenge_required
2020-08-26 14:58:46,380 - instabot version: 0.117.0 (api) - INFO - Instagram's error message: {}
2020-08-26 14:58:46,563 - instabot version: 0.117.0 (api) - DEBUG - GET to endpoint: igtv/browse_feed/?prefetch=1 returned response: <Response [400]>
2020-08-26 14:58:46,564 - instabot version: 0.117.0 (api) - DEBUG - Responsecode indicates error; response content: b'{"message": "challenge_required", "challenge": {"url": "https://i.instagram.com/challenge/?next=/api/v1/igtv/browse_feed/%253Fprefetch%253D1", "api_path": "/challenge/", "hide_webview_header": true, "lock": true, "logout": false, "native_flow": true}, "status": "fail"}'
2020-08-26 14:58:46,564 - instabot version: 0.117.0 (api) - ERROR - Request returns 400 error!
2020-08-26 14:58:46,565 - instabot version: 0.117.0 (api) - INFO - Instagram's error message: challenge_required
2020-08-26 14:58:46,566 - instabot version: 0.117.0 (api) - INFO - Instagram's error message: {}
2020-08-26 14:58:46,746 - instabot version: 0.117.0 (api) - DEBUG - POST to endpoint: creatives/ar_class/ returned response: <Response [400]>
2020-08-26 14:58:46,746 - instabot version: 0.117.0 (api) - DEBUG - Responsecode indicates error; response content: b'{"message": "challenge_required", "challenge": {"url": "https://i.instagram.com/challenge/?next=/api/v1/creatives/ar_class/", "api_path": "/challenge/", "hide_webview_header": true, "lock": true, "logout": false, "native_flow": true}, "status": "fail"}'
2020-08-26 14:58:46,747 - instabot version: 0.117.0 (api) - ERROR - Request returns 400 error!
2020-08-26 14:58:46,747 - instabot version: 0.117.0 (api) - INFO - Instagram's error message: challenge_required
2020-08-26 14:58:46,747 - instabot version: 0.117.0 (api) - INFO - Instagram's error message: {}
2020-08-26 14:58:46,895 - instabot version: 0.117.0 (api) - DEBUG - POST to endpoint: feed/reels_tray/ returned response: <Response [400]>
2020-08-26 14:58:46,895 - instabot version: 0.117.0 (api) - DEBUG - Responsecode indicates error; response content: b'{"message": "challenge_required", "challenge": {"url": "https://i.instagram.com/challenge/?next=/api/v1/feed/reels_tray/", "api_path": "/challenge/", "hide_webview_header": true, "lock": true, "logout": false, "native_flow": true}, "status": "fail"}'
2020-08-26 14:58:46,895 - instabot version: 0.117.0 (api) - ERROR - Request returns 400 error!
2020-08-26 14:58:46,896 - instabot version: 0.117.0 (api) - INFO - Instagram's error message: challenge_required
2020-08-26 14:58:46,896 - instabot version: 0.117.0 (api) - INFO - Instagram's error message: {}
