2020-08-26 15:18:46,661 - instabot version: 0.117.0 (bot) - INFO - Instabot version: 0.117.0 Started
2020-08-26 15:18:46,661 - instabot version: 0.117.0 (bot) - DEBUG - Bot imported from /usr/local/lib/python3.7/dist-packages/instabot/bot/bot.py
2020-08-26 15:18:46,663 - instabot version: 0.117.0 (api_login) - DEBUG - Loading uuids
2020-08-26 15:18:46,663 - instabot version: 0.117.0 (api_login) - INFO - Recovery from /home/pi/Desktop/CarBot/PyCode/config/Classic_Bimmer_Bot_uuid_and_cookie.json: COOKIE False - UUIDs True - TIMING, DEVICE and ...
- user-agent=Instagram 117.0.0.28.123 Android (28/9.0; 420dpi; 1080x1920; OnePlus; ONEPLUS A3003; OnePlus3; qcom; en_US; 180322800)
- phone_id=316c7c53-e9b6-4299-b83c-3c083dd1dad5
- uuid=aed50678-b9c2-4beb-a663-86f0f641bd2c
- client_session_id=b4e9715d-b8f5-4004-b9d0-71bf95890b7a
- device_id=android-16a098091faa435c
2020-08-26 15:18:46,664 - instabot version: 0.117.0 (api_login) - INFO - Not yet logged in starting: PRE-LOGIN FLOW!
2020-08-26 15:18:46,812 - instabot version: 0.117.0 (api) - DEBUG - POST to endpoint: accounts/get_prefill_candidates/ returned response: <Response [200]>
2020-08-26 15:18:46,946 - instabot version: 0.117.0 (api) - DEBUG - POST to endpoint: qe/sync/ returned response: <Response [200]>
2020-08-26 15:18:47,076 - instabot version: 0.117.0 (api) - DEBUG - POST to endpoint: launcher/sync/ returned response: <Response [200]>
2020-08-26 15:18:47,211 - instabot version: 0.117.0 (api) - DEBUG - POST to endpoint: accounts/contact_point_prefill/ returned response: <Response [200]>
2020-08-26 15:18:48,980 - instabot version: 0.117.0 (api) - DEBUG - POST to endpoint: accounts/login/ returned response: <Response [200]>
2020-08-26 15:18:48,981 - instabot version: 0.117.0 (api) - INFO - Logged-in successfully as 'Classic_Bimmer_Bot'!
2020-08-26 15:18:48,982 - instabot version: 0.117.0 (api_login) - INFO - LOGIN FLOW! Just logged-in: True
2020-08-26 15:18:49,170 - instabot version: 0.117.0 (api) - DEBUG - POST to endpoint: qe/sync/ returned response: <Response [400]>
2020-08-26 15:18:49,170 - instabot version: 0.117.0 (api) - DEBUG - Responsecode indicates error; response content: b'{"message": "challenge_required", "challenge": {"url": "https://i.instagram.com/challenge/?next=/api/v1/qe/sync/", "api_path": "/challenge/", "hide_webview_header": true, "lock": true, "logout": false, "native_flow": true}, "status": "fail"}'
2020-08-26 15:18:49,171 - instabot version: 0.117.0 (api) - ERROR - Request returns 400 error!
2020-08-26 15:18:49,171 - instabot version: 0.117.0 (api) - INFO - Instagram's error message: challenge_required
2020-08-26 15:18:49,172 - instabot version: 0.117.0 (api) - INFO - Instagram's error message: {}
2020-08-26 15:18:49,356 - instabot version: 0.117.0 (api) - DEBUG - POST to endpoint: launcher/sync/ returned response: <Response [400]>
2020-08-26 15:18:49,356 - instabot version: 0.117.0 (api) - DEBUG - Responsecode indicates error; response content: b'{"message": "challenge_required", "challenge": {"url": "https://i.instagram.com/challenge/?next=/api/v1/launcher/sync/", "api_path": "/challenge/", "hide_webview_header": true, "lock": true, "logout": false, "native_flow": true}, "status": "fail"}'
2020-08-26 15:18:49,356 - instabot version: 0.117.0 (api) - ERROR - Request returns 400 error!
2020-08-26 15:18:49,357 - instabot version: 0.117.0 (api) - INFO - Instagram's error message: challenge_required
2020-08-26 15:18:49,358 - instabot version: 0.117.0 (api) - INFO - Instagram's error message: {}
2020-08-26 15:18:49,538 - instabot version: 0.117.0 (api) - DEBUG - GET to endpoint: zr/token/result/?device_id=android-16a098091faa435c&token_hash=&custom_device_id=android-16a098091faa435c&fetch_reason=token_expired returned response: <Response [400]>
2020-08-26 15:18:49,538 - instabot version: 0.117.0 (api) - DEBUG - Responsecode indicates error; response content: b'{"message": "challenge_required", "challenge": {"url": "https://i.instagram.com/challenge/?next=/api/v1/zr/token/result/%253Fdevice_id%253Dandroid-16a098091faa435c%2526token_hash%253D%2526custom_device_id%253Dandroid-16a098091faa435c%2526fetch_reason%253Dtoken_expired", "api_path": "/challenge/", "hide_webview_header": true, "lock": true, "logout": false, "native_flow": true}, "status": "fail"}'
2020-08-26 15:18:49,538 - instabot version: 0.117.0 (api) - ERROR - Request returns 400 error!
2020-08-26 15:18:49,539 - instabot version: 0.117.0 (api) - INFO - Instagram's error message: challenge_required
2020-08-26 15:18:49,539 - instabot version: 0.117.0 (api) - INFO - Instagram's error message: {}
2020-08-26 15:18:49,695 - instabot version: 0.117.0 (api) - DEBUG - GET to endpoint: multiple_accounts/get_account_family/ returned response: <Response [400]>
2020-08-26 15:18:49,695 - instabot version: 0.117.0 (api) - DEBUG - Responsecode indicates error; response content: b'{"message": "challenge_required", "challenge": {"url": "https://i.instagram.com/challenge/?next=/api/v1/multiple_accounts/get_account_family/", "api_path": "/challenge/", "hide_webview_header": true, "lock": true, "logout": false, "native_flow": true}, "status": "fail"}'
2020-08-26 15:18:49,695 - instabot version: 0.117.0 (api) - ERROR - Request returns 400 error!
2020-08-26 15:18:49,696 - instabot version: 0.117.0 (api) - INFO - Instagram's error message: challenge_required
2020-08-26 15:18:49,696 - instabot version: 0.117.0 (api) - INFO - Instagram's error message: {}
2020-08-26 15:18:49,863 - instabot version: 0.117.0 (api) - DEBUG - POST to endpoint: qe/sync/ returned response: <Response [400]>
2020-08-26 15:18:49,864 - instabot version: 0.117.0 (api) - DEBUG - Responsecode indicates error; response content: b'{"message": "challenge_required", "challenge": {"url": "https://i.instagram.com/challenge/?next=/api/v1/qe/sync/", "api_path": "/challenge/", "hide_webview_header": true, "lock": true, "logout": false, "native_flow": true}, "status": "fail"}'
2020-08-26 15:18:49,864 - instabot version: 0.117.0 (api) - ERROR - Request returns 400 error!
2020-08-26 15:18:49,864 - instabot version: 0.117.0 (api) - INFO - Instagram's error message: challenge_required
2020-08-26 15:18:49,865 - instabot version: 0.117.0 (api) - INFO - Instagram's error message: {}
2020-08-26 15:18:50,024 - instabot version: 0.117.0 (api) - DEBUG - GET to endpoint: igtv/browse_feed/?prefetch=1 returned response: <Response [400]>
2020-08-26 15:18:50,024 - instabot version: 0.117.0 (api) - DEBUG - Responsecode indicates error; response content: b'{"message": "challenge_required", "challenge": {"url": "https://i.instagram.com/challenge/?next=/api/v1/igtv/browse_feed/%253Fprefetch%253D1", "api_path": "/challenge/", "hide_webview_header": true, "lock": true, "logout": false, "native_flow": true}, "status": "fail"}'
2020-08-26 15:18:50,025 - instabot version: 0.117.0 (api) - ERROR - Request returns 400 error!
2020-08-26 15:18:50,025 - instabot version: 0.117.0 (api) - INFO - Instagram's error message: challenge_required
2020-08-26 15:18:50,025 - instabot version: 0.117.0 (api) - INFO - Instagram's error message: {}
2020-08-26 15:18:50,188 - instabot version: 0.117.0 (api) - DEBUG - POST to endpoint: creatives/ar_class/ returned response: <Response [400]>
2020-08-26 15:18:50,188 - instabot version: 0.117.0 (api) - DEBUG - Responsecode indicates error; response content: b'{"message": "challenge_required", "challenge": {"url": "https://i.instagram.com/challenge/?next=/api/v1/creatives/ar_class/", "api_path": "/challenge/", "hide_webview_header": true, "lock": true, "logout": false, "native_flow": true}, "status": "fail"}'
2020-08-26 15:18:50,189 - instabot version: 0.117.0 (api) - ERROR - Request returns 400 error!
2020-08-26 15:18:50,189 - instabot version: 0.117.0 (api) - INFO - Instagram's error message: challenge_required
2020-08-26 15:18:50,190 - instabot version: 0.117.0 (api) - INFO - Instagram's error message: {}
2020-08-26 15:18:50,370 - instabot version: 0.117.0 (api) - DEBUG - POST to endpoint: feed/reels_tray/ returned response: <Response [400]>
2020-08-26 15:18:50,370 - instabot version: 0.117.0 (api) - DEBUG - Responsecode indicates error; response content: b'{"message": "challenge_required", "challenge": {"url": "https://i.instagram.com/challenge/?next=/api/v1/feed/reels_tray/", "api_path": "/challenge/", "hide_webview_header": true, "lock": true, "logout": false, "native_flow": true}, "status": "fail"}'
2020-08-26 15:18:50,371 - instabot version: 0.117.0 (api) - ERROR - Request returns 400 error!
2020-08-26 15:18:50,371 - instabot version: 0.117.0 (api) - INFO - Instagram's error message: challenge_required
2020-08-26 15:18:50,372 - instabot version: 0.117.0 (api) - INFO - Instagram's error message: {}
2020-08-26 15:18:50,613 - instabot version: 0.117.0 (api) - DEBUG - POST to endpoint: feed/timeline/ returned response: <Response [400]>
2020-08-26 15:18:50,613 - instabot version: 0.117.0 (api) - DEBUG - Responsecode indicates error; response content: b'{"message": "challenge_required", "challenge": {"url": "https://i.instagram.com/challenge/?next=/api/v1/feed/timeline/", "api_path": "/challenge/", "hide_webview_header": true, "lock": true, "logout": false, "native_flow": true}, "status": "fail"}'
2020-08-26 15:18:50,613 - instabot version: 0.117.0 (api) - ERROR - Request returns 400 error!
2020-08-26 15:18:50,613 - instabot version: 0.117.0 (api) - INFO - Instagram's error message: challenge_required
2020-08-26 15:18:50,614 - instabot version: 0.117.0 (api) - INFO - Instagram's error message: {}
2020-08-26 15:18:50,767 - instabot version: 0.117.0 (api) - DEBUG - GET to endpoint: media/blocked/ returned response: <Response [400]>
2020-08-26 15:18:50,768 - instabot version: 0.117.0 (api) - DEBUG - Responsecode indicates error; response content: b'{"message": "challenge_required", "challenge": {"url": "https://i.instagram.com/challenge/?next=/api/v1/media/blocked/", "api_path": "/challenge/", "hide_webview_header": true, "lock": true, "logout": false, "native_flow": true}, "status": "fail"}'
2020-08-26 15:18:50,768 - instabot version: 0.117.0 (api) - ERROR - Request returns 400 error!
2020-08-26 15:18:50,768 - instabot version: 0.117.0 (api) - INFO - Instagram's error message: challenge_required
2020-08-26 15:18:50,769 - instabot version: 0.117.0 (api) - INFO - Instagram's error message: {}
2020-08-26 15:18:50,921 - instabot version: 0.117.0 (api) - DEBUG - GET to endpoint: news/inbox/ returned response: <Response [400]>
2020-08-26 15:18:50,922 - instabot version: 0.117.0 (api) - DEBUG - Responsecode indicates error; response content: b'{"message": "challenge_required", "challenge": {"url": "https://i.instagram.com/challenge/?next=/api/v1/news/inbox/", "api_path": "/challenge/", "hide_webview_header": true, "lock": true, "logout": false, "native_flow": true}, "status": "fail"}'
2020-08-26 15:18:50,922 - instabot version: 0.117.0 (api) - ERROR - Request returns 400 error!
2020-08-26 15:18:50,922 - instabot version: 0.117.0 (api) - INFO - Instagram's error message: challenge_required
2020-08-26 15:18:50,922 - instabot version: 0.117.0 (api) - INFO - Instagram's error message: {}
2020-08-26 15:18:51,102 - instabot version: 0.117.0 (api) - DEBUG - GET to endpoint: loom/fetch_config/ returned response: <Response [400]>
2020-08-26 15:18:51,102 - instabot version: 0.117.0 (api) - DEBUG - Responsecode indicates error; response content: b'{"message": "challenge_required", "challenge": {"url": "https://i.instagram.com/challenge/?next=/api/v1/loom/fetch_config/", "api_path": "/challenge/", "hide_webview_header": true, "lock": true, "logout": false, "native_flow": true}, "status": "fail"}'
2020-08-26 15:18:51,102 - instabot version: 0.117.0 (api) - ERROR - Request returns 400 error!
2020-08-26 15:18:51,103 - instabot version: 0.117.0 (api) - INFO - Instagram's error message: challenge_required
2020-08-26 15:18:51,103 - instabot version: 0.117.0 (api) - INFO - Instagram's error message: {}
2020-08-26 15:18:51,271 - instabot version: 0.117.0 (api) - DEBUG - GET to endpoint: scores/bootstrap/users/?surfaces=["autocomplete_user_list","coefficient_besties_list_ranking","coefficient_rank_recipient_user_suggestion","coefficient_ios_section_test_bootstrap_ranking","coefficient_direct_recipients_ranking_variant_2"] returned response: <Response [400]>
2020-08-26 15:18:51,272 - instabot version: 0.117.0 (api) - DEBUG - Responsecode indicates error; response content: b'{"message": "challenge_required", "challenge": {"url": "https://i.instagram.com/challenge/?next=/api/v1/scores/bootstrap/users/%253Fsurfaces%253D%25255B%252522autocomplete_user_list%252522%252C%252522coefficient_besties_list_ranking%252522%252C%252522coefficient_rank_recipient_user_suggestion%252522%252C%252522coefficient_ios_section_test_bootstrap_ranking%252522%252C%252522coefficient_direct_recipients_ranking_variant_2%252522%25255D", "api_path": "/challenge/", "hide_webview_header": true, "lock": true, "logout": false, "native_flow": true}, "status": "fail"}'
2020-08-26 15:18:51,272 - instabot version: 0.117.0 (api) - ERROR - Request returns 400 error!
2020-08-26 15:18:51,273 - instabot version: 0.117.0 (api) - INFO - Instagram's error message: challenge_required
2020-08-26 15:18:51,274 - instabot version: 0.117.0 (api) - INFO - Instagram's error message: {}
2020-08-26 15:18:51,458 - instabot version: 0.117.0 (api) - DEBUG - GET to endpoint: business/eligibility/get_monetization_products_eligibility_data/?product_types=branded_content returned response: <Response [400]>
2020-08-26 15:18:51,458 - instabot version: 0.117.0 (api) - DEBUG - Responsecode indicates error; response content: b'{"message": "challenge_required", "challenge": {"url": "https://i.instagram.com/challenge/?next=/api/v1/business/eligibility/get_monetization_products_eligibility_data/%253Fproduct_types%253Dbranded_content", "api_path": "/challenge/", "hide_webview_header": true, "lock": true, "logout": false, "native_flow": true}, "status": "fail"}'
2020-08-26 15:18:51,458 - instabot version: 0.117.0 (api) - ERROR - Request returns 400 error!
2020-08-26 15:18:51,459 - instabot version: 0.117.0 (api) - INFO - Instagram's error message: challenge_required
2020-08-26 15:18:51,459 - instabot version: 0.117.0 (api) - INFO - Instagram's error message: {}
