2021-02-19 23:55:40,735 - instabot version: 0.117.0 (bot) - INFO - Instabot version: 0.117.0 Started
2021-02-19 23:55:40,736 - instabot version: 0.117.0 (bot) - DEBUG - Bot imported from /usr/local/lib/python3.7/dist-packages/instabot/bot/bot.py
2021-02-19 23:55:40,737 - instabot version: 0.117.0 (api_login) - DEBUG - Loading uuids
2021-02-19 23:55:40,737 - instabot version: 0.117.0 (api_login) - INFO - Recovery from /home/pi/Desktop/CarBot/PyCode/config/miata.hunter_uuid_and_cookie.json: COOKIE False - UUIDs True - TIMING, DEVICE and ...
- user-agent=Instagram 117.0.0.28.123 Android (28/9.0; 420dpi; 1080x1920; OnePlus; ONEPLUS A3003; OnePlus3; qcom; en_US; 180322800)
- phone_id=38bb09df-c42b-4cbe-aaf1-1a15fe859177
- uuid=c2d54596-38d1-470c-bddf-d77494ebbbfd
- client_session_id=7514ee5b-4533-46ca-874d-f99cdc328dbd
- device_id=android-1cb5031454b1a06f
2021-02-19 23:55:40,738 - instabot version: 0.117.0 (api_login) - INFO - Not yet logged in starting: PRE-LOGIN FLOW!
2021-02-19 23:55:41,044 - instabot version: 0.117.0 (api) - DEBUG - POST to endpoint: accounts/get_prefill_candidates/ returned response: <Response [200]>
2021-02-19 23:55:41,310 - instabot version: 0.117.0 (api) - DEBUG - POST to endpoint: qe/sync/ returned response: <Response [200]>
2021-02-19 23:55:41,588 - instabot version: 0.117.0 (api) - DEBUG - POST to endpoint: launcher/sync/ returned response: <Response [200]>
2021-02-19 23:55:41,909 - instabot version: 0.117.0 (api) - DEBUG - POST to endpoint: accounts/contact_point_prefill/ returned response: <Response [200]>
2021-02-19 23:55:43,641 - instabot version: 0.117.0 (api) - DEBUG - POST to endpoint: accounts/login/ returned response: <Response [200]>
2021-02-19 23:55:43,642 - instabot version: 0.117.0 (api) - INFO - Logged-in successfully as 'miata.hunter'!
2021-02-19 23:55:43,643 - instabot version: 0.117.0 (api_login) - INFO - LOGIN FLOW! Just logged-in: True
2021-02-19 23:55:43,983 - instabot version: 0.117.0 (api) - DEBUG - POST to endpoint: qe/sync/ returned response: <Response [200]>
2021-02-19 23:55:44,244 - instabot version: 0.117.0 (api) - DEBUG - POST to endpoint: launcher/sync/ returned response: <Response [200]>
2021-02-19 23:55:45,109 - instabot version: 0.117.0 (api) - DEBUG - GET to endpoint: zr/token/result/?device_id=android-1cb5031454b1a06f&token_hash=&custom_device_id=android-1cb5031454b1a06f&fetch_reason=token_expired returned response: <Response [200]>
2021-02-19 23:55:45,386 - instabot version: 0.117.0 (api) - DEBUG - GET to endpoint: multiple_accounts/get_account_family/ returned response: <Response [200]>
2021-02-19 23:55:45,667 - instabot version: 0.117.0 (api) - DEBUG - POST to endpoint: qe/sync/ returned response: <Response [200]>
2021-02-19 23:55:46,099 - instabot version: 0.117.0 (api) - DEBUG - GET to endpoint: igtv/browse_feed/?prefetch=1 returned response: <Response [200]>
2021-02-19 23:55:46,354 - instabot version: 0.117.0 (api) - DEBUG - POST to endpoint: creatives/ar_class/ returned response: <Response [200]>
2021-02-19 23:55:46,692 - instabot version: 0.117.0 (api) - DEBUG - POST to endpoint: feed/reels_tray/ returned response: <Response [200]>
2021-02-19 23:55:48,579 - instabot version: 0.117.0 (api) - DEBUG - POST to endpoint: feed/timeline/ returned response: <Response [200]>
2021-02-19 23:55:49,146 - instabot version: 0.117.0 (api) - DEBUG - GET to endpoint: media/blocked/ returned response: <Response [200]>
2021-02-19 23:55:50,259 - instabot version: 0.117.0 (api) - DEBUG - GET to endpoint: news/inbox/ returned response: <Response [200]>
2021-02-19 23:55:51,114 - instabot version: 0.117.0 (api) - DEBUG - GET to endpoint: loom/fetch_config/ returned response: <Response [200]>
2021-02-19 23:55:51,487 - instabot version: 0.117.0 (api) - DEBUG - GET to endpoint: scores/bootstrap/users/?surfaces=["autocomplete_user_list","coefficient_besties_list_ranking","coefficient_rank_recipient_user_suggestion","coefficient_ios_section_test_bootstrap_ranking","coefficient_direct_recipients_ranking_variant_2"] returned response: <Response [200]>
2021-02-19 23:55:51,989 - instabot version: 0.117.0 (api) - DEBUG - GET to endpoint: business/eligibility/get_monetization_products_eligibility_data/?product_types=branded_content returned response: <Response [200]>
2021-02-19 23:55:52,258 - instabot version: 0.117.0 (api) - DEBUG - GET to endpoint: business/branded_content/should_require_professional_account/ returned response: <Response [200]>
2021-02-19 23:55:52,508 - instabot version: 0.117.0 (api) - DEBUG - GET to endpoint: linked_accounts/get_linkage_status/ returned response: <Response [200]>
2021-02-19 23:55:52,778 - instabot version: 0.117.0 (api) - DEBUG - GET to endpoint: locations/request_country/ returned response: <Response [200]>
2021-02-19 23:55:53,066 - instabot version: 0.117.0 (api) - DEBUG - GET to endpoint: qp/get_cooldowns/?signed_body=signed_body=4b9c516a5410a3bc128e09c6104a7f042146b9c2023870560c63a43a7f66781c.4&ig_sig_key_version=4&ig_sig_key_version=4 returned response: <Response [200]>
2021-02-19 23:55:53,342 - instabot version: 0.117.0 (api) - DEBUG - GET to endpoint: users/arlink_download_info/?version_override=2.2.1 returned response: <Response [200]>
2021-02-19 23:55:53,689 - instabot version: 0.117.0 (api) - DEBUG - GET to endpoint: users/41049736996/info/ returned response: <Response [200]>
2021-02-19 23:55:54,247 - instabot version: 0.117.0 (api) - DEBUG - GET to endpoint: direct_v2/get_presence/ returned response: <Response [200]>
2021-02-19 23:55:54,675 - instabot version: 0.117.0 (api) - DEBUG - GET to endpoint: direct_v2/inbox/?visual_message_return_type=unseen&thread_message_limit=10&persistentBadging=true&limit=20 returned response: <Response [200]>
2021-02-19 23:55:55,012 - instabot version: 0.117.0 (api) - DEBUG - GET to endpoint: direct_v2/inbox/?visual_message_return_type=unseen&persistentBadging=true&limit=0 returned response: <Response [200]>
2021-02-19 23:55:55,451 - instabot version: 0.117.0 (api) - DEBUG - GET to endpoint: discover/topical_explore/?is_prefetch=true&omit_cover_media=true&use_sectional_payload=true&timezone_offset=0&session_id=7514ee5b-4533-46ca-874d-f99cdc328dbd&include_fixed_destinations=true returned response: <Response [200]>
2021-02-19 23:55:56,258 - instabot version: 0.117.0 (api) - DEBUG - POST to endpoint: notifications/badge/ returned response: <Response [200]>
2021-02-19 23:55:56,698 - instabot version: 0.117.0 (api) - DEBUG - POST to endpoint: qp/batch_fetch/ returned response: <Response [200]>
2021-02-19 23:55:56,700 - instabot version: 0.117.0 (bot_checkpoint) - DEBUG - Loading Checkpoint file from: /home/pi/Desktop/CarBot/PyCode/config/miata.hunter.checkpoint
2021-02-19 23:55:57,633 - instabot version: 0.117.0 (bot_checkpoint) - DEBUG - Saving Checkpoint file to: /home/pi/Desktop/CarBot/PyCode/config/miata.hunter.checkpoint
2021-02-19 23:55:57,634 - instabot version: 0.117.0 (bot) - INFO - Total requests: 71
