2020-08-26 15:24:14,952 - instabot version: 0.117.0 (bot) - INFO - Instabot version: 0.117.0 Started
2020-08-26 15:24:14,953 - instabot version: 0.117.0 (bot) - DEBUG - Bot imported from /usr/local/lib/python3.7/dist-packages/instabot/bot/bot.py
2020-08-26 15:24:14,954 - instabot version: 0.117.0 (api_login) - DEBUG - Loading uuids
2020-08-26 15:24:14,954 - instabot version: 0.117.0 (api_login) - INFO - Recovery from /home/pi/Desktop/CarBot/PyCode/config/Swedish_Steel_Bot_uuid_and_cookie.json: COOKIE False - UUIDs True - TIMING, DEVICE and ...
- user-agent=Instagram 117.0.0.28.123 Android (28/9.0; 420dpi; 1080x1920; OnePlus; ONEPLUS A3003; OnePlus3; qcom; en_US; 180322800)
- phone_id=fa8b8c74-91b5-48fe-91ec-b16a97dd62d1
- uuid=0d5a3802-7f50-4f2c-847f-f9e23eb1f435
- client_session_id=20ac67aa-923f-4ec5-b3ef-92d2c55d46ba
- device_id=android-ce8f4586c9287142
2020-08-26 15:24:14,955 - instabot version: 0.117.0 (api_login) - INFO - Not yet logged in starting: PRE-LOGIN FLOW!
2020-08-26 15:24:15,106 - instabot version: 0.117.0 (api) - DEBUG - POST to endpoint: accounts/get_prefill_candidates/ returned response: <Response [200]>
2020-08-26 15:24:15,248 - instabot version: 0.117.0 (api) - DEBUG - POST to endpoint: qe/sync/ returned response: <Response [200]>
2020-08-26 15:24:15,389 - instabot version: 0.117.0 (api) - DEBUG - POST to endpoint: launcher/sync/ returned response: <Response [200]>
2020-08-26 15:24:15,525 - instabot version: 0.117.0 (api) - DEBUG - POST to endpoint: accounts/contact_point_prefill/ returned response: <Response [200]>
2020-08-26 15:24:17,181 - instabot version: 0.117.0 (api) - DEBUG - POST to endpoint: accounts/login/ returned response: <Response [200]>
2020-08-26 15:24:17,182 - instabot version: 0.117.0 (api) - INFO - Logged-in successfully as 'Swedish_Steel_Bot'!
2020-08-26 15:24:17,183 - instabot version: 0.117.0 (api_login) - INFO - LOGIN FLOW! Just logged-in: True
2020-08-26 15:24:17,366 - instabot version: 0.117.0 (api) - DEBUG - POST to endpoint: qe/sync/ returned response: <Response [200]>
2020-08-26 15:24:17,512 - instabot version: 0.117.0 (api) - DEBUG - POST to endpoint: launcher/sync/ returned response: <Response [200]>
2020-08-26 15:24:17,649 - instabot version: 0.117.0 (api) - DEBUG - GET to endpoint: zr/token/result/?device_id=android-ce8f4586c9287142&token_hash=&custom_device_id=android-ce8f4586c9287142&fetch_reason=token_expired returned response: <Response [200]>
2020-08-26 15:24:17,791 - instabot version: 0.117.0 (api) - DEBUG - GET to endpoint: multiple_accounts/get_account_family/ returned response: <Response [200]>
2020-08-26 15:24:18,001 - instabot version: 0.117.0 (api) - DEBUG - POST to endpoint: qe/sync/ returned response: <Response [200]>
2020-08-26 15:24:18,244 - instabot version: 0.117.0 (api) - DEBUG - GET to endpoint: igtv/browse_feed/?prefetch=1 returned response: <Response [200]>
2020-08-26 15:24:18,383 - instabot version: 0.117.0 (api) - DEBUG - POST to endpoint: creatives/ar_class/ returned response: <Response [200]>
2020-08-26 15:24:18,819 - instabot version: 0.117.0 (api) - DEBUG - POST to endpoint: feed/reels_tray/ returned response: <Response [200]>
2020-08-26 15:24:19,583 - instabot version: 0.117.0 (api) - DEBUG - POST to endpoint: feed/timeline/ returned response: <Response [200]>
2020-08-26 15:24:19,756 - instabot version: 0.117.0 (api) - DEBUG - GET to endpoint: media/blocked/ returned response: <Response [200]>
2020-08-26 15:24:20,154 - instabot version: 0.117.0 (api) - DEBUG - GET to endpoint: news/inbox/ returned response: <Response [200]>
2020-08-26 15:24:20,304 - instabot version: 0.117.0 (api) - DEBUG - GET to endpoint: loom/fetch_config/ returned response: <Response [200]>
2020-08-26 15:24:20,540 - instabot version: 0.117.0 (api) - DEBUG - GET to endpoint: scores/bootstrap/users/?surfaces=["autocomplete_user_list","coefficient_besties_list_ranking","coefficient_rank_recipient_user_suggestion","coefficient_ios_section_test_bootstrap_ranking","coefficient_direct_recipients_ranking_variant_2"] returned response: <Response [200]>
2020-08-26 15:24:20,745 - instabot version: 0.117.0 (api) - DEBUG - GET to endpoint: business/eligibility/get_monetization_products_eligibility_data/?product_types=branded_content returned response: <Response [200]>
2020-08-26 15:24:20,906 - instabot version: 0.117.0 (api) - DEBUG - GET to endpoint: business/branded_content/should_require_professional_account/ returned response: <Response [200]>
2020-08-26 15:24:21,064 - instabot version: 0.117.0 (api) - DEBUG - GET to endpoint: linked_accounts/get_linkage_status/ returned response: <Response [200]>
2020-08-26 15:24:21,211 - instabot version: 0.117.0 (api) - DEBUG - GET to endpoint: locations/request_country/ returned response: <Response [200]>
2020-08-26 15:24:21,358 - instabot version: 0.117.0 (api) - DEBUG - GET to endpoint: qp/get_cooldowns/?signed_body=signed_body=4b9c516a5410a3bc128e09c6104a7f042146b9c2023870560c63a43a7f66781c.4&ig_sig_key_version=4&ig_sig_key_version=4 returned response: <Response [200]>
2020-08-26 15:24:21,533 - instabot version: 0.117.0 (api) - DEBUG - GET to endpoint: users/arlink_download_info/?version_override=2.2.1 returned response: <Response [200]>
2020-08-26 15:24:21,896 - instabot version: 0.117.0 (api) - DEBUG - GET to endpoint: users/40503496731/info/ returned response: <Response [200]>
2020-08-26 15:24:22,048 - instabot version: 0.117.0 (api) - DEBUG - GET to endpoint: direct_v2/get_presence/ returned response: <Response [200]>
2020-08-26 15:24:22,218 - instabot version: 0.117.0 (api) - DEBUG - GET to endpoint: direct_v2/inbox/?visual_message_return_type=unseen&thread_message_limit=10&persistentBadging=true&limit=20 returned response: <Response [200]>
2020-08-26 15:24:22,418 - instabot version: 0.117.0 (api) - DEBUG - GET to endpoint: direct_v2/inbox/?visual_message_return_type=unseen&persistentBadging=true&limit=0 returned response: <Response [200]>
2020-08-26 15:24:22,698 - instabot version: 0.117.0 (api) - DEBUG - GET to endpoint: discover/topical_explore/?is_prefetch=true&omit_cover_media=true&use_sectional_payload=true&timezone_offset=0&session_id=20ac67aa-923f-4ec5-b3ef-92d2c55d46ba&include_fixed_destinations=true returned response: <Response [200]>
2020-08-26 15:24:22,856 - instabot version: 0.117.0 (api) - DEBUG - POST to endpoint: notifications/badge/ returned response: <Response [200]>
2020-08-26 15:24:23,087 - instabot version: 0.117.0 (api) - DEBUG - POST to endpoint: qp/batch_fetch/ returned response: <Response [200]>
2020-08-26 15:24:23,089 - instabot version: 0.117.0 (bot_checkpoint) - DEBUG - Loading Checkpoint file from: /home/pi/Desktop/CarBot/PyCode/config/Swedish_Steel_Bot.checkpoint
2020-08-26 15:26:18,781 - instabot version: 0.117.0 (api) - DEBUG - POST to endpoint: media/configure/? returned response: <Response [200]>
2020-08-26 15:26:18,931 - instabot version: 0.117.0 (api) - DEBUG - POST to endpoint: qe/expose/ returned response: <Response [200]>
2020-08-26 15:26:18,931 - instabot version: 0.117.0 (bot_photo) - INFO - Photo '/home/pi/Desktop/CarBot/00D0D_9Jrou7M44x9_0CI0t2_600x450.jpg' is uploaded.
2020-08-26 15:26:49,615 - instabot version: 0.117.0 (api) - DEBUG - POST to endpoint: media/configure/? returned response: <Response [200]>
2020-08-26 15:26:49,799 - instabot version: 0.117.0 (api) - DEBUG - POST to endpoint: qe/expose/ returned response: <Response [200]>
2020-08-26 15:26:49,799 - instabot version: 0.117.0 (bot_photo) - INFO - Photo '/home/pi/Desktop/CarBot/00808_khx0cNYqZna_0lM0t2_600x450.jpg' is uploaded.
2020-08-26 15:27:15,761 - instabot version: 0.117.0 (api) - DEBUG - POST to endpoint: media/configure/? returned response: <Response [200]>
2020-08-26 15:27:15,940 - instabot version: 0.117.0 (api) - DEBUG - POST to endpoint: qe/expose/ returned response: <Response [200]>
2020-08-26 15:27:15,940 - instabot version: 0.117.0 (bot_photo) - INFO - Photo '/home/pi/Desktop/CarBot/00v0v_apRBadHc9uN_0CI0t2_600x450.jpg' is uploaded.
2020-08-26 15:27:59,579 - instabot version: 0.117.0 (api) - DEBUG - POST to endpoint: media/configure/? returned response: <Response [200]>
2020-08-26 15:27:59,753 - instabot version: 0.117.0 (api) - DEBUG - POST to endpoint: qe/expose/ returned response: <Response [200]>
2020-08-26 15:27:59,754 - instabot version: 0.117.0 (bot_photo) - INFO - Photo '/home/pi/Desktop/CarBot/00808_khx0cNYqZna_0lM0t2_600x450.jpg' is uploaded.
2020-08-26 15:28:25,876 - instabot version: 0.117.0 (api) - DEBUG - POST to endpoint: media/configure/? returned response: <Response [200]>
2020-08-26 15:28:26,055 - instabot version: 0.117.0 (api) - DEBUG - POST to endpoint: qe/expose/ returned response: <Response [200]>
2020-08-26 15:28:26,055 - instabot version: 0.117.0 (bot_photo) - INFO - Photo '/home/pi/Desktop/CarBot/00v0v_apRBadHc9uN_0CI0t2_600x450.jpg' is uploaded.
2020-08-26 15:29:07,207 - instabot version: 0.117.0 (api) - DEBUG - POST to endpoint: media/configure/? returned response: <Response [200]>
2020-08-26 15:29:07,684 - instabot version: 0.117.0 (api) - DEBUG - POST to endpoint: qe/expose/ returned response: <Response [200]>
2020-08-26 15:29:07,685 - instabot version: 0.117.0 (bot_photo) - INFO - Photo '/home/pi/Desktop/CarBot/00F0F_9z1RKimRJLy_0a408I_600x450.jpg' is uploaded.
2020-08-26 15:29:34,313 - instabot version: 0.117.0 (api) - DEBUG - POST to endpoint: media/configure/? returned response: <Response [200]>
2020-08-26 15:29:34,499 - instabot version: 0.117.0 (api) - DEBUG - POST to endpoint: qe/expose/ returned response: <Response [200]>
2020-08-26 15:29:34,500 - instabot version: 0.117.0 (bot_photo) - INFO - Photo '/home/pi/Desktop/CarBot/00F0F_9z1RKimRJLy_0a408I_600x450 (1).jpg' is uploaded.
