2020-08-23 21:27:58,772 - instabot version: 0.117.0 (bot) - INFO - Instabot version: 0.117.0 Started
2020-08-23 21:27:58,772 - instabot version: 0.117.0 (bot) - DEBUG - Bot imported from /usr/local/lib/python3.7/dist-packages/instabot/bot/bot.py
2020-08-23 21:27:58,773 - instabot version: 0.117.0 (api_login) - INFO - Not yet logged in starting: PRE-LOGIN FLOW!
2020-08-23 21:27:58,950 - instabot version: 0.117.0 (api) - DEBUG - POST to endpoint: accounts/get_prefill_candidates/ returned response: <Response [200]>
2020-08-23 21:27:59,099 - instabot version: 0.117.0 (api) - DEBUG - POST to endpoint: qe/sync/ returned response: <Response [200]>
2020-08-23 21:27:59,253 - instabot version: 0.117.0 (api) - DEBUG - POST to endpoint: launcher/sync/ returned response: <Response [200]>
2020-08-23 21:27:59,415 - instabot version: 0.117.0 (api) - DEBUG - POST to endpoint: accounts/contact_point_prefill/ returned response: <Response [200]>
2020-08-23 21:28:01,183 - instabot version: 0.117.0 (api) - DEBUG - POST to endpoint: accounts/login/ returned response: <Response [200]>
2020-08-23 21:28:01,184 - instabot version: 0.117.0 (api) - INFO - Logged-in successfully as 'Classic_Bimmer_Bot'!
2020-08-23 21:28:01,184 - instabot version: 0.117.0 (api_login) - INFO - LOGIN FLOW! Just logged-in: True
2020-08-23 21:28:01,504 - instabot version: 0.117.0 (api) - DEBUG - POST to endpoint: qe/sync/ returned response: <Response [200]>
2020-08-23 21:28:01,719 - instabot version: 0.117.0 (api) - DEBUG - POST to endpoint: launcher/sync/ returned response: <Response [200]>
2020-08-23 21:28:01,909 - instabot version: 0.117.0 (api) - DEBUG - GET to endpoint: zr/token/result/?device_id=android-16a098091faa435c&token_hash=&custom_device_id=android-16a098091faa435c&fetch_reason=token_expired returned response: <Response [200]>
2020-08-23 21:28:02,119 - instabot version: 0.117.0 (api) - DEBUG - GET to endpoint: multiple_accounts/get_account_family/ returned response: <Response [200]>
2020-08-23 21:28:02,320 - instabot version: 0.117.0 (api) - DEBUG - POST to endpoint: qe/sync/ returned response: <Response [200]>
2020-08-23 21:28:02,644 - instabot version: 0.117.0 (api) - DEBUG - GET to endpoint: igtv/browse_feed/?prefetch=1 returned response: <Response [200]>
2020-08-23 21:28:02,808 - instabot version: 0.117.0 (api) - DEBUG - POST to endpoint: creatives/ar_class/ returned response: <Response [200]>
2020-08-23 21:28:03,092 - instabot version: 0.117.0 (api) - DEBUG - POST to endpoint: feed/reels_tray/ returned response: <Response [200]>
2020-08-23 21:28:05,540 - instabot version: 0.117.0 (api) - DEBUG - POST to endpoint: feed/timeline/ returned response: <Response [200]>
2020-08-23 21:28:05,788 - instabot version: 0.117.0 (api) - DEBUG - GET to endpoint: media/blocked/ returned response: <Response [200]>
2020-08-23 21:28:06,309 - instabot version: 0.117.0 (api) - DEBUG - GET to endpoint: news/inbox/ returned response: <Response [200]>
2020-08-23 21:28:06,593 - instabot version: 0.117.0 (api) - DEBUG - GET to endpoint: loom/fetch_config/ returned response: <Response [200]>
2020-08-23 21:28:06,965 - instabot version: 0.117.0 (api) - DEBUG - GET to endpoint: scores/bootstrap/users/?surfaces=["autocomplete_user_list","coefficient_besties_list_ranking","coefficient_rank_recipient_user_suggestion","coefficient_ios_section_test_bootstrap_ranking","coefficient_direct_recipients_ranking_variant_2"] returned response: <Response [200]>
2020-08-23 21:28:07,161 - instabot version: 0.117.0 (api) - DEBUG - GET to endpoint: business/eligibility/get_monetization_products_eligibility_data/?product_types=branded_content returned response: <Response [200]>
2020-08-23 21:28:07,366 - instabot version: 0.117.0 (api) - DEBUG - GET to endpoint: business/branded_content/should_require_professional_account/ returned response: <Response [200]>
2020-08-23 21:28:07,616 - instabot version: 0.117.0 (api) - DEBUG - GET to endpoint: linked_accounts/get_linkage_status/ returned response: <Response [200]>
2020-08-23 21:28:07,835 - instabot version: 0.117.0 (api) - DEBUG - GET to endpoint: locations/request_country/ returned response: <Response [200]>
2020-08-23 21:28:08,038 - instabot version: 0.117.0 (api) - DEBUG - GET to endpoint: qp/get_cooldowns/?signed_body=signed_body=4b9c516a5410a3bc128e09c6104a7f042146b9c2023870560c63a43a7f66781c.4&ig_sig_key_version=4&ig_sig_key_version=4 returned response: <Response [200]>
2020-08-23 21:28:08,267 - instabot version: 0.117.0 (api) - DEBUG - GET to endpoint: users/arlink_download_info/?version_override=2.2.1 returned response: <Response [200]>
2020-08-23 21:28:08,844 - instabot version: 0.117.0 (api) - DEBUG - GET to endpoint: users/40430669694/info/ returned response: <Response [200]>
2020-08-23 21:28:09,070 - instabot version: 0.117.0 (api) - DEBUG - GET to endpoint: direct_v2/get_presence/ returned response: <Response [200]>
2020-08-23 21:28:09,308 - instabot version: 0.117.0 (api) - DEBUG - GET to endpoint: direct_v2/inbox/?visual_message_return_type=unseen&thread_message_limit=10&persistentBadging=true&limit=20 returned response: <Response [200]>
2020-08-23 21:28:09,538 - instabot version: 0.117.0 (api) - DEBUG - GET to endpoint: direct_v2/inbox/?visual_message_return_type=unseen&persistentBadging=true&limit=0 returned response: <Response [200]>
2020-08-23 21:28:10,531 - instabot version: 0.117.0 (api) - DEBUG - GET to endpoint: discover/topical_explore/?is_prefetch=true&omit_cover_media=true&use_sectional_payload=true&timezone_offset=0&session_id=b4e9715d-b8f5-4004-b9d0-71bf95890b7a&include_fixed_destinations=true returned response: <Response [200]>
2020-08-23 21:28:10,759 - instabot version: 0.117.0 (api) - DEBUG - POST to endpoint: notifications/badge/ returned response: <Response [200]>
2020-08-23 21:28:11,010 - instabot version: 0.117.0 (api) - DEBUG - POST to endpoint: qp/batch_fetch/ returned response: <Response [200]>
2020-08-23 21:28:11,011 - instabot version: 0.117.0 (bot_checkpoint) - DEBUG - Loading Checkpoint file from: /home/pi/Desktop/CarBot/PyCode/config/Classic_Bimmer_Bot.checkpoint
2020-08-23 21:28:58,496 - instabot version: 0.117.0 (api) - DEBUG - POST to endpoint: media/configure/? returned response: <Response [200]>
2020-08-23 21:28:58,718 - instabot version: 0.117.0 (api) - DEBUG - POST to endpoint: qe/expose/ returned response: <Response [200]>
2020-08-23 21:28:58,719 - instabot version: 0.117.0 (bot_photo) - INFO - Photo '/home/pi/Desktop/CarBot/00P0P_j9OQvfKSKnA_600x450.jpg' is uploaded.
2020-08-23 21:29:27,630 - instabot version: 0.117.0 (api) - DEBUG - POST to endpoint: media/configure/? returned response: <Response [200]>
2020-08-23 21:29:27,843 - instabot version: 0.117.0 (api) - DEBUG - POST to endpoint: qe/expose/ returned response: <Response [200]>
2020-08-23 21:29:27,843 - instabot version: 0.117.0 (bot_photo) - INFO - Photo '/home/pi/Desktop/CarBot/00V0V_l8DrcU2EXy4_0CI0t2_600x450.jpg' is uploaded.
2020-08-23 21:30:11,795 - instabot version: 0.117.0 (api) - DEBUG - POST to endpoint: media/configure/? returned response: <Response [200]>
2020-08-23 21:30:12,028 - instabot version: 0.117.0 (api) - DEBUG - POST to endpoint: qe/expose/ returned response: <Response [200]>
2020-08-23 21:30:12,029 - instabot version: 0.117.0 (bot_photo) - INFO - Photo '/home/pi/Desktop/CarBot/01717_MzDHbJx39A_0CI0t2_600x450.jpg' is uploaded.
2020-08-23 21:30:51,667 - instabot version: 0.117.0 (api) - DEBUG - POST to endpoint: media/configure/? returned response: <Response [200]>
2020-08-23 21:30:51,862 - instabot version: 0.117.0 (api) - DEBUG - POST to endpoint: qe/expose/ returned response: <Response [200]>
2020-08-23 21:30:51,863 - instabot version: 0.117.0 (bot_photo) - INFO - Photo '/home/pi/Desktop/CarBot/00q0q_h77jh8SV2Vl_0CI0t2_600x450.jpg' is uploaded.
2020-08-23 21:31:19,955 - instabot version: 0.117.0 (api) - DEBUG - POST to endpoint: media/configure/? returned response: <Response [200]>
2020-08-23 21:31:20,184 - instabot version: 0.117.0 (api) - DEBUG - POST to endpoint: qe/expose/ returned response: <Response [200]>
2020-08-23 21:31:20,184 - instabot version: 0.117.0 (bot_photo) - INFO - Photo '/home/pi/Desktop/CarBot/00x0x_8xIUEFsR0eH_0CI0lM_600x450.jpg' is uploaded.
2020-08-23 21:31:45,919 - instabot version: 0.117.0 (api) - DEBUG - POST to endpoint: media/configure/? returned response: <Response [200]>
2020-08-23 21:31:46,152 - instabot version: 0.117.0 (api) - DEBUG - POST to endpoint: qe/expose/ returned response: <Response [200]>
2020-08-23 21:31:46,153 - instabot version: 0.117.0 (bot_photo) - INFO - Photo '/home/pi/Desktop/CarBot/01515_aHFltVK7AqG_0CI0t2_600x450.jpg' is uploaded.
2020-08-23 21:32:12,559 - instabot version: 0.117.0 (api) - DEBUG - POST to endpoint: media/configure/? returned response: <Response [200]>
2020-08-23 21:32:12,780 - instabot version: 0.117.0 (api) - DEBUG - POST to endpoint: qe/expose/ returned response: <Response [200]>
2020-08-23 21:32:12,781 - instabot version: 0.117.0 (bot_photo) - INFO - Photo '/home/pi/Desktop/CarBot/00w0w_kU5cNEseyW2_0CI0t2_600x450.jpg' is uploaded.
2020-08-23 21:32:47,521 - instabot version: 0.117.0 (api) - DEBUG - POST to endpoint: media/configure/? returned response: <Response [200]>
2020-08-23 21:32:47,715 - instabot version: 0.117.0 (api) - DEBUG - POST to endpoint: qe/expose/ returned response: <Response [200]>
2020-08-23 21:32:47,716 - instabot version: 0.117.0 (bot_photo) - INFO - Photo '/home/pi/Desktop/CarBot/00101_2ML9Pc6nhHp_0CI0lM_600x450.jpg' is uploaded.
2020-08-23 21:33:19,287 - instabot version: 0.117.0 (api) - DEBUG - POST to endpoint: media/configure/? returned response: <Response [200]>
2020-08-23 21:33:19,512 - instabot version: 0.117.0 (api) - DEBUG - POST to endpoint: qe/expose/ returned response: <Response [200]>
2020-08-23 21:33:19,513 - instabot version: 0.117.0 (bot_photo) - INFO - Photo '/home/pi/Desktop/CarBot/00f0f_gIfxJ3d2mDu_0CI0t2_600x450.jpg' is uploaded.
2020-08-23 21:33:54,704 - instabot version: 0.117.0 (api) - DEBUG - POST to endpoint: media/configure/? returned response: <Response [200]>
2020-08-23 21:33:54,908 - instabot version: 0.117.0 (api) - DEBUG - POST to endpoint: qe/expose/ returned response: <Response [200]>
2020-08-23 21:33:54,908 - instabot version: 0.117.0 (bot_photo) - INFO - Photo '/home/pi/Desktop/CarBot/00x0x_k7R0rX6RaPP_0CI0lM_600x450.jpg' is uploaded.
2020-08-23 21:34:22,713 - instabot version: 0.117.0 (api) - DEBUG - POST to endpoint: media/configure/? returned response: <Response [200]>
2020-08-23 21:34:22,931 - instabot version: 0.117.0 (api) - DEBUG - POST to endpoint: qe/expose/ returned response: <Response [200]>
2020-08-23 21:34:22,932 - instabot version: 0.117.0 (bot_photo) - INFO - Photo '/home/pi/Desktop/CarBot/00D0D_1AptCjg7etC_0CI0t2_600x450.jpg' is uploaded.
2020-08-23 21:34:51,645 - instabot version: 0.117.0 (api) - DEBUG - POST to endpoint: media/configure/? returned response: <Response [200]>
2020-08-23 21:34:51,869 - instabot version: 0.117.0 (api) - DEBUG - POST to endpoint: qe/expose/ returned response: <Response [200]>
2020-08-23 21:34:51,870 - instabot version: 0.117.0 (bot_photo) - INFO - Photo '/home/pi/Desktop/CarBot/00e0e_gTGe0eDwmw5_0aT07g_600x450.jpg' is uploaded.
2020-08-23 21:35:18,338 - instabot version: 0.117.0 (api) - DEBUG - POST to endpoint: media/configure/? returned response: <Response [200]>
2020-08-23 21:35:18,552 - instabot version: 0.117.0 (api) - DEBUG - POST to endpoint: qe/expose/ returned response: <Response [200]>
2020-08-23 21:35:18,553 - instabot version: 0.117.0 (bot_photo) - INFO - Photo '/home/pi/Desktop/CarBot/01111_hTjyIoaJJnO_0CI0t2_600x450.jpg' is uploaded.
2020-08-23 21:35:46,459 - instabot version: 0.117.0 (api) - DEBUG - POST to endpoint: media/configure/? returned response: <Response [200]>
2020-08-23 21:35:46,672 - instabot version: 0.117.0 (api) - DEBUG - POST to endpoint: qe/expose/ returned response: <Response [200]>
2020-08-23 21:35:46,674 - instabot version: 0.117.0 (bot_photo) - INFO - Photo '/home/pi/Desktop/CarBot/00b0b_f45FamsLM9g_0ak07K_600x450.jpg' is uploaded.
2020-08-23 21:36:13,519 - instabot version: 0.117.0 (api) - DEBUG - POST to endpoint: media/configure/? returned response: <Response [200]>
2020-08-23 21:36:13,742 - instabot version: 0.117.0 (api) - DEBUG - POST to endpoint: qe/expose/ returned response: <Response [200]>
2020-08-23 21:36:13,743 - instabot version: 0.117.0 (bot_photo) - INFO - Photo '/home/pi/Desktop/CarBot/01414_iVGOkbnxsOK_0x20oM_600x450.jpg' is uploaded.
2020-08-23 21:36:42,907 - instabot version: 0.117.0 (api) - DEBUG - POST to endpoint: media/configure/? returned response: <Response [200]>
2020-08-23 21:36:43,423 - instabot version: 0.117.0 (api) - DEBUG - POST to endpoint: qe/expose/ returned response: <Response [200]>
2020-08-23 21:36:43,425 - instabot version: 0.117.0 (bot_photo) - INFO - Photo '/home/pi/Desktop/CarBot/00a0a_dqej7IkxtIF_0CI0t2_600x450.jpg' is uploaded.
2020-08-23 21:37:16,324 - instabot version: 0.117.0 (api) - DEBUG - POST to endpoint: media/configure/? returned response: <Response [200]>
2020-08-23 21:37:16,566 - instabot version: 0.117.0 (api) - DEBUG - POST to endpoint: qe/expose/ returned response: <Response [200]>
2020-08-23 21:37:16,567 - instabot version: 0.117.0 (bot_photo) - INFO - Photo '/home/pi/Desktop/CarBot/00x0x_8xIUEFsR0eH_0CI0lM_600x450.jpg' is uploaded.
2020-08-23 21:37:43,609 - instabot version: 0.117.0 (api) - DEBUG - POST to endpoint: media/configure/? returned response: <Response [200]>
2020-08-23 21:37:44,083 - instabot version: 0.117.0 (api) - DEBUG - POST to endpoint: qe/expose/ returned response: <Response [200]>
2020-08-23 21:37:44,084 - instabot version: 0.117.0 (bot_photo) - INFO - Photo '/home/pi/Desktop/CarBot/00707_22NVSFlKjQN_0CI0t2_600x450.jpg' is uploaded.
2020-08-23 21:38:39,182 - instabot version: 0.117.0 (api) - DEBUG - POST to endpoint: media/configure/? returned response: <Response [200]>
2020-08-23 21:38:39,396 - instabot version: 0.117.0 (api) - DEBUG - POST to endpoint: qe/expose/ returned response: <Response [200]>
2020-08-23 21:38:39,397 - instabot version: 0.117.0 (bot_photo) - INFO - Photo '/home/pi/Desktop/CarBot/00E0E_4Dn5JfP6jNm_0CI0pO_600x450.jpg' is uploaded.
2020-08-23 21:39:25,808 - instabot version: 0.117.0 (api) - DEBUG - POST to endpoint: media/configure/? returned response: <Response [200]>
2020-08-23 21:39:26,089 - instabot version: 0.117.0 (api) - DEBUG - POST to endpoint: qe/expose/ returned response: <Response [200]>
2020-08-23 21:39:26,090 - instabot version: 0.117.0 (bot_photo) - INFO - Photo '/home/pi/Desktop/CarBot/00E0E_4Dn5JfP6jNm_0CI0pO_600x450.jpg' is uploaded.
2020-08-23 21:40:06,662 - instabot version: 0.117.0 (api) - DEBUG - POST to endpoint: media/configure/? returned response: <Response [200]>
2020-08-23 21:40:06,910 - instabot version: 0.117.0 (api) - DEBUG - POST to endpoint: qe/expose/ returned response: <Response [200]>
2020-08-23 21:40:06,911 - instabot version: 0.117.0 (bot_photo) - INFO - Photo '/home/pi/Desktop/CarBot/00g0g_g6MhNBSQgXp_0CI0lM_600x450.jpg' is uploaded.
2020-08-23 21:40:48,926 - instabot version: 0.117.0 (api) - DEBUG - POST to endpoint: media/configure/? returned response: <Response [200]>
2020-08-23 21:40:49,140 - instabot version: 0.117.0 (api) - DEBUG - POST to endpoint: qe/expose/ returned response: <Response [200]>
2020-08-23 21:40:49,142 - instabot version: 0.117.0 (bot_photo) - INFO - Photo '/home/pi/Desktop/CarBot/00q0q_aNixxVUFdRc_0CI0lM_600x450.jpg' is uploaded.
2020-08-23 21:41:56,659 - instabot version: 0.117.0 (api) - DEBUG - POST to endpoint: media/configure/? returned response: <Response [200]>
2020-08-23 21:41:56,896 - instabot version: 0.117.0 (api) - DEBUG - POST to endpoint: qe/expose/ returned response: <Response [200]>
2020-08-23 21:41:56,897 - instabot version: 0.117.0 (bot_photo) - INFO - Photo '/home/pi/Desktop/CarBot/00m0m_3qppc3uHBKp_0kE0bC_600x450.jpg' is uploaded.
2020-08-23 21:43:11,294 - instabot version: 0.117.0 (api) - DEBUG - POST to endpoint: media/configure/? returned response: <Response [200]>
2020-08-23 21:43:11,501 - instabot version: 0.117.0 (api) - DEBUG - POST to endpoint: qe/expose/ returned response: <Response [200]>
2020-08-23 21:43:11,501 - instabot version: 0.117.0 (bot_photo) - INFO - Photo '/home/pi/Desktop/CarBot/00v0v_ifJuKHDjq6a_0CI0t2_600x450.jpg' is uploaded.
2020-08-23 21:43:37,624 - instabot version: 0.117.0 (api) - DEBUG - POST to endpoint: media/configure/? returned response: <Response [200]>
2020-08-23 21:43:37,848 - instabot version: 0.117.0 (api) - DEBUG - POST to endpoint: qe/expose/ returned response: <Response [200]>
2020-08-23 21:43:37,848 - instabot version: 0.117.0 (bot_photo) - INFO - Photo '/home/pi/Desktop/CarBot/00F0F_gejQvSnmkkG_0CI0t2_600x450.jpg' is uploaded.
2020-08-23 21:44:34,440 - instabot version: 0.117.0 (api) - DEBUG - POST to endpoint: media/configure/? returned response: <Response [200]>
2020-08-23 21:44:34,645 - instabot version: 0.117.0 (api) - DEBUG - POST to endpoint: qe/expose/ returned response: <Response [200]>
2020-08-23 21:44:34,645 - instabot version: 0.117.0 (bot_photo) - INFO - Photo '/home/pi/Desktop/CarBot/00n0n_ccvz8MAi43C_0CI0sX_600x450.jpg' is uploaded.
2020-08-23 21:45:06,416 - instabot version: 0.117.0 (api) - DEBUG - POST to endpoint: media/configure/? returned response: <Response [200]>
2020-08-23 21:45:06,627 - instabot version: 0.117.0 (api) - DEBUG - POST to endpoint: qe/expose/ returned response: <Response [200]>
2020-08-23 21:45:06,628 - instabot version: 0.117.0 (bot_photo) - INFO - Photo '/home/pi/Desktop/CarBot/00K0K_hpneHAOZ3W3_0CI0ij_600x450.jpg' is uploaded.
2020-08-23 21:46:09,521 - instabot version: 0.117.0 (api) - DEBUG - POST to endpoint: media/configure/? returned response: <Response [200]>
2020-08-23 21:46:09,719 - instabot version: 0.117.0 (api) - DEBUG - POST to endpoint: qe/expose/ returned response: <Response [200]>
2020-08-23 21:46:09,720 - instabot version: 0.117.0 (bot_photo) - INFO - Photo '/home/pi/Desktop/CarBot/00r0r_5GbHtDm9Y29_0c60e1_600x450.jpg' is uploaded.
2020-08-23 21:47:26,657 - instabot version: 0.117.0 (api) - DEBUG - POST to endpoint: media/configure/? returned response: <Response [500]>
2020-08-23 21:47:26,658 - instabot version: 0.117.0 (api) - DEBUG - Responsecode indicates error; response content: b'{"message": "Unknown Server Error.", "status": "fail"}'
2020-08-23 21:47:26,659 - instabot version: 0.117.0 (api) - ERROR - Request returns 500 error!
2020-08-23 21:47:45,596 - instabot version: 0.117.0 (api) - DEBUG - POST to endpoint: media/configure/? returned response: <Response [200]>
2020-08-23 21:47:45,799 - instabot version: 0.117.0 (api) - DEBUG - POST to endpoint: qe/expose/ returned response: <Response [200]>
2020-08-23 21:47:45,800 - instabot version: 0.117.0 (bot_photo) - INFO - Photo '/home/pi/Desktop/CarBot/00S0S_7kBaAX2KO5q_0CI0t2_600x450.jpg' is uploaded.
2020-08-23 21:48:48,757 - instabot version: 0.117.0 (api) - DEBUG - POST to endpoint: media/configure/? returned response: <Response [200]>
2020-08-23 21:48:48,953 - instabot version: 0.117.0 (api) - DEBUG - POST to endpoint: qe/expose/ returned response: <Response [200]>
2020-08-23 21:48:48,954 - instabot version: 0.117.0 (bot_photo) - INFO - Photo '/home/pi/Desktop/CarBot/00k0k_k7CWpAXjX1x_0ak07K_600x450.jpg' is uploaded.
2020-08-23 21:49:38,800 - instabot version: 0.117.0 (api) - DEBUG - POST to endpoint: media/configure/? returned response: <Response [200]>
2020-08-23 21:49:38,967 - instabot version: 0.117.0 (api) - DEBUG - POST to endpoint: qe/expose/ returned response: <Response [200]>
2020-08-23 21:49:38,968 - instabot version: 0.117.0 (bot_photo) - INFO - Photo '/home/pi/Desktop/CarBot/00D0D_jrbAkgxEMDr_09G0cU_600x450.jpg' is uploaded.
2020-08-23 21:50:12,366 - instabot version: 0.117.0 (api) - DEBUG - POST to endpoint: media/configure/? returned response: <Response [200]>
2020-08-23 21:50:12,579 - instabot version: 0.117.0 (api) - DEBUG - POST to endpoint: qe/expose/ returned response: <Response [200]>
2020-08-23 21:50:12,580 - instabot version: 0.117.0 (bot_photo) - INFO - Photo '/home/pi/Desktop/CarBot/01010_4cpk3a8BE6L_0CI0sU_600x450.jpg' is uploaded.
2020-08-23 21:51:35,066 - instabot version: 0.117.0 (api) - DEBUG - POST to endpoint: media/configure/? returned response: <Response [200]>
2020-08-23 21:51:35,321 - instabot version: 0.117.0 (api) - DEBUG - POST to endpoint: qe/expose/ returned response: <Response [200]>
2020-08-23 21:51:35,322 - instabot version: 0.117.0 (bot_photo) - INFO - Photo '/home/pi/Desktop/CarBot/00909_dUnoe7AqUXf_0CI0t2_600x450.jpg' is uploaded.
2020-08-23 21:52:03,247 - instabot version: 0.117.0 (api) - DEBUG - POST to endpoint: media/configure/? returned response: <Response [200]>
2020-08-23 21:52:03,469 - instabot version: 0.117.0 (api) - DEBUG - POST to endpoint: qe/expose/ returned response: <Response [200]>
2020-08-23 21:52:03,470 - instabot version: 0.117.0 (bot_photo) - INFO - Photo '/home/pi/Desktop/CarBot/01212_fNLYe4kW9uo_0CI0pN_600x450.jpg' is uploaded.
2020-08-23 21:53:06,429 - instabot version: 0.117.0 (api) - DEBUG - POST to endpoint: media/configure/? returned response: <Response [200]>
2020-08-23 21:53:06,665 - instabot version: 0.117.0 (api) - DEBUG - POST to endpoint: qe/expose/ returned response: <Response [200]>
2020-08-23 21:53:06,666 - instabot version: 0.117.0 (bot_photo) - INFO - Photo '/home/pi/Desktop/CarBot/00404_cDAs4NLDvsv_0CI0t2_600x450.jpg' is uploaded.
2020-08-23 21:53:36,019 - instabot version: 0.117.0 (api) - DEBUG - POST to endpoint: media/configure/? returned response: <Response [200]>
2020-08-23 21:53:36,244 - instabot version: 0.117.0 (api) - DEBUG - POST to endpoint: qe/expose/ returned response: <Response [200]>
2020-08-23 21:53:36,244 - instabot version: 0.117.0 (bot_photo) - INFO - Photo '/home/pi/Desktop/CarBot/00o0o_7F4ceaBdC8E_0CI0t2_600x450.jpg' is uploaded.
2020-08-23 21:55:12,317 - instabot version: 0.117.0 (api) - DEBUG - POST to endpoint: media/configure/? returned response: <Response [200]>
2020-08-23 21:55:12,582 - instabot version: 0.117.0 (api) - DEBUG - POST to endpoint: qe/expose/ returned response: <Response [200]>
2020-08-23 21:55:12,582 - instabot version: 0.117.0 (bot_photo) - INFO - Photo '/home/pi/Desktop/CarBot/00202_2cReWVVTvkr_0CI0sV_600x450.jpg' is uploaded.
2020-08-23 21:55:55,564 - instabot version: 0.117.0 (api) - DEBUG - POST to endpoint: media/configure/? returned response: <Response [200]>
2020-08-23 21:55:55,768 - instabot version: 0.117.0 (api) - DEBUG - POST to endpoint: qe/expose/ returned response: <Response [200]>
2020-08-23 21:55:55,769 - instabot version: 0.117.0 (bot_photo) - INFO - Photo '/home/pi/Desktop/CarBot/00D0D_l3MabP4K4Q1_0CI0t2_600x450.jpg' is uploaded.
2020-08-23 21:56:49,485 - instabot version: 0.117.0 (api) - DEBUG - POST to endpoint: media/configure/? returned response: <Response [200]>
2020-08-23 21:56:49,698 - instabot version: 0.117.0 (api) - DEBUG - POST to endpoint: qe/expose/ returned response: <Response [200]>
2020-08-23 21:56:49,699 - instabot version: 0.117.0 (bot_photo) - INFO - Photo '/home/pi/Desktop/CarBot/00i0i_iJhN68ylvbN_0CI0t2_600x450.jpg' is uploaded.
2020-08-23 21:57:16,998 - instabot version: 0.117.0 (api) - DEBUG - POST to endpoint: media/configure/? returned response: <Response [200]>
2020-08-23 21:57:17,204 - instabot version: 0.117.0 (api) - DEBUG - POST to endpoint: qe/expose/ returned response: <Response [200]>
2020-08-23 21:57:17,205 - instabot version: 0.117.0 (bot_photo) - INFO - Photo '/home/pi/Desktop/CarBot/00404_3pL3zTNZ4zX_0CI0t2_600x450.jpg' is uploaded.
2020-08-23 21:57:59,717 - instabot version: 0.117.0 (bot_checkpoint) - DEBUG - Saving Checkpoint file to: /home/pi/Desktop/CarBot/PyCode/config/Classic_Bimmer_Bot.checkpoint
2020-08-23 21:57:59,718 - instabot version: 0.117.0 (bot) - INFO - Total requests: 112
