root - INFO - Datetime limit: 09/18/2020, 08:30:03
root - INFO - Setting up the instagram and twitter accounts
instabot version: 0.117.0 - INFO - Instabot version: 0.117.0 Started
instabot version: 0.117.0 - DEBUG - Bot imported from /usr/local/lib/python3.7/dist-packages/instabot/bot/bot.py
instabot version: 0.117.0 - DEBUG - Loading uuids
instabot version: 0.117.0 - INFO - Recovery from /home/pi/config/barely_driven_uuid_and_cookie.json: COOKIE False - UUIDs True - TIMING, DEVICE and ...
- user-agent=Instagram 117.0.0.28.123 Android (28/9.0; 420dpi; 1080x1920; OnePlus; ONEPLUS A3003; OnePlus3; qcom; en_US; 180322800)
- phone_id=6776543f-d7eb-420a-89f6-a0b1f0277b49
- uuid=afca3967-35ad-45df-bba9-040f029d02c5
- client_session_id=47b252c2-7dba-4a9f-8ad4-09048316b3e2
- device_id=android-ada94cc04528f2b6
instabot version: 0.117.0 - INFO - Not yet logged in starting: PRE-LOGIN FLOW!
instabot version: 0.117.0 - DEBUG - POST to endpoint: accounts/get_prefill_candidates/ returned response: <Response [200]>
instabot version: 0.117.0 - DEBUG - POST to endpoint: qe/sync/ returned response: <Response [200]>
instabot version: 0.117.0 - DEBUG - POST to endpoint: launcher/sync/ returned response: <Response [200]>
instabot version: 0.117.0 - DEBUG - POST to endpoint: accounts/contact_point_prefill/ returned response: <Response [200]>
instabot version: 0.117.0 - DEBUG - POST to endpoint: accounts/login/ returned response: <Response [200]>
instabot version: 0.117.0 - INFO - Logged-in successfully as 'barely_driven'!
instabot version: 0.117.0 - INFO - LOGIN FLOW! Just logged-in: True
instabot version: 0.117.0 - DEBUG - POST to endpoint: qe/sync/ returned response: <Response [200]>
instabot version: 0.117.0 - DEBUG - POST to endpoint: launcher/sync/ returned response: <Response [200]>
instabot version: 0.117.0 - DEBUG - GET to endpoint: zr/token/result/?device_id=android-ada94cc04528f2b6&token_hash=&custom_device_id=android-ada94cc04528f2b6&fetch_reason=token_expired returned response: <Response [200]>
instabot version: 0.117.0 - DEBUG - GET to endpoint: multiple_accounts/get_account_family/ returned response: <Response [200]>
instabot version: 0.117.0 - DEBUG - POST to endpoint: qe/sync/ returned response: <Response [200]>
instabot version: 0.117.0 - DEBUG - GET to endpoint: igtv/browse_feed/?prefetch=1 returned response: <Response [200]>
instabot version: 0.117.0 - DEBUG - POST to endpoint: creatives/ar_class/ returned response: <Response [200]>
instabot version: 0.117.0 - DEBUG - POST to endpoint: feed/reels_tray/ returned response: <Response [200]>
instabot version: 0.117.0 - DEBUG - POST to endpoint: feed/timeline/ returned response: <Response [200]>
instabot version: 0.117.0 - DEBUG - GET to endpoint: media/blocked/ returned response: <Response [200]>
instabot version: 0.117.0 - DEBUG - GET to endpoint: news/inbox/ returned response: <Response [200]>
instabot version: 0.117.0 - DEBUG - GET to endpoint: loom/fetch_config/ returned response: <Response [200]>
instabot version: 0.117.0 - DEBUG - GET to endpoint: scores/bootstrap/users/?surfaces=["autocomplete_user_list","coefficient_besties_list_ranking","coefficient_rank_recipient_user_suggestion","coefficient_ios_section_test_bootstrap_ranking","coefficient_direct_recipients_ranking_variant_2"] returned response: <Response [200]>
instabot version: 0.117.0 - DEBUG - GET to endpoint: business/eligibility/get_monetization_products_eligibility_data/?product_types=branded_content returned response: <Response [200]>
instabot version: 0.117.0 - DEBUG - GET to endpoint: business/branded_content/should_require_professional_account/ returned response: <Response [200]>
instabot version: 0.117.0 - DEBUG - GET to endpoint: linked_accounts/get_linkage_status/ returned response: <Response [200]>
instabot version: 0.117.0 - DEBUG - GET to endpoint: locations/request_country/ returned response: <Response [200]>
instabot version: 0.117.0 - DEBUG - GET to endpoint: qp/get_cooldowns/?signed_body=signed_body=4b9c516a5410a3bc128e09c6104a7f042146b9c2023870560c63a43a7f66781c.4&ig_sig_key_version=4&ig_sig_key_version=4 returned response: <Response [200]>
instabot version: 0.117.0 - DEBUG - GET to endpoint: users/arlink_download_info/?version_override=2.2.1 returned response: <Response [200]>
instabot version: 0.117.0 - DEBUG - GET to endpoint: users/40439054007/info/ returned response: <Response [200]>
instabot version: 0.117.0 - DEBUG - GET to endpoint: direct_v2/get_presence/ returned response: <Response [200]>
instabot version: 0.117.0 - DEBUG - GET to endpoint: direct_v2/inbox/?visual_message_return_type=unseen&thread_message_limit=10&persistentBadging=true&limit=20 returned response: <Response [200]>
instabot version: 0.117.0 - DEBUG - GET to endpoint: direct_v2/inbox/?visual_message_return_type=unseen&persistentBadging=true&limit=0 returned response: <Response [200]>
instabot version: 0.117.0 - DEBUG - GET to endpoint: discover/topical_explore/?is_prefetch=true&omit_cover_media=true&use_sectional_payload=true&timezone_offset=0&session_id=47b252c2-7dba-4a9f-8ad4-09048316b3e2&include_fixed_destinations=true returned response: <Response [200]>
instabot version: 0.117.0 - DEBUG - POST to endpoint: notifications/badge/ returned response: <Response [200]>
instabot version: 0.117.0 - DEBUG - POST to endpoint: qp/batch_fetch/ returned response: <Response [200]>
instabot version: 0.117.0 - DEBUG - Loading Checkpoint file from: /home/pi/config/barely_driven.checkpoint
root - INFO - found result!
root - INFO - https://images.craigslist.org/01313_jLRKYwuvuLj_0CI0t2_600x450.jpg
instabot version: 0.117.0 - DEBUG - POST to endpoint: media/configure/? returned response: <Response [200]>
instabot version: 0.117.0 - DEBUG - POST to endpoint: qe/expose/ returned response: <Response [200]>
instabot version: 0.117.0 - INFO - Photo '/home/pi/Desktop/CarBot/PyCode/01313_jLRKYwuvuLj_0CI0t2_600x450.jpg' is uploaded.
root - INFO - found result!
root - INFO - https://images.craigslist.org/00s0s_gzRzz9Rgihy_0CI0t2_600x450.jpg
instabot version: 0.117.0 - DEBUG - POST to endpoint: media/configure/? returned response: <Response [200]>
instabot version: 0.117.0 - DEBUG - POST to endpoint: qe/expose/ returned response: <Response [200]>
instabot version: 0.117.0 - INFO - Photo '/home/pi/Desktop/CarBot/PyCode/00s0s_gzRzz9Rgihy_0CI0t2_600x450.jpg' is uploaded.
root - INFO - found result!
root - INFO - https://images.craigslist.org/01111_euQAnZdTapk_0CI0t2_600x450.jpg
instabot version: 0.117.0 - DEBUG - POST to endpoint: media/configure/? returned response: <Response [200]>
instabot version: 0.117.0 - DEBUG - POST to endpoint: qe/expose/ returned response: <Response [200]>
instabot version: 0.117.0 - INFO - Photo '/home/pi/Desktop/CarBot/PyCode/01111_euQAnZdTapk_0CI0t2_600x450.jpg' is uploaded.
root - INFO - found result!
root - INFO - https://images.craigslist.org/00P0P_5VX36ZkYudP_0CI0t2_600x450.jpg
instabot version: 0.117.0 - DEBUG - POST to endpoint: media/configure/? returned response: <Response [200]>
instabot version: 0.117.0 - DEBUG - POST to endpoint: qe/expose/ returned response: <Response [200]>
instabot version: 0.117.0 - INFO - Photo '/home/pi/Desktop/CarBot/PyCode/00P0P_5VX36ZkYudP_0CI0t2_600x450.jpg' is uploaded.
root - INFO - found result!
root - INFO - https://images.craigslist.org/00707_DG1kAYjz4_0Fy0va_600x450.jpg
instabot version: 0.117.0 - DEBUG - POST to endpoint: media/configure/? returned response: <Response [200]>
instabot version: 0.117.0 - DEBUG - POST to endpoint: qe/expose/ returned response: <Response [200]>
instabot version: 0.117.0 - INFO - Photo '/home/pi/Desktop/CarBot/PyCode/00707_DG1kAYjz4_0Fy0va_600x450.jpg' is uploaded.
root - INFO - found result!
root - INFO - https://images.craigslist.org/00R0R_5agTtgjNmKL_0su0t2_600x450.jpg
instabot version: 0.117.0 - DEBUG - POST to endpoint: media/configure/? returned response: <Response [200]>
instabot version: 0.117.0 - DEBUG - POST to endpoint: qe/expose/ returned response: <Response [200]>
instabot version: 0.117.0 - INFO - Photo '/home/pi/Desktop/CarBot/PyCode/00R0R_5agTtgjNmKL_0su0t2_600x450.jpg' is uploaded.
root - INFO - found result!
root - INFO - https://images.craigslist.org/00H0H_dqNNmzmPu9v_0ak07K_600x450.jpg
instabot version: 0.117.0 - DEBUG - POST to endpoint: media/configure/? returned response: <Response [200]>
instabot version: 0.117.0 - DEBUG - POST to endpoint: qe/expose/ returned response: <Response [200]>
instabot version: 0.117.0 - INFO - Photo '/home/pi/Desktop/CarBot/PyCode/00H0H_dqNNmzmPu9v_0ak07K_600x450.jpg' is uploaded.
root - INFO - found result!
root - INFO - https://images.craigslist.org/00d0d_8vbuC1p4u5Q_0CI0t2_600x450.jpg
instabot version: 0.117.0 - DEBUG - POST to endpoint: media/configure/? returned response: <Response [200]>
instabot version: 0.117.0 - DEBUG - POST to endpoint: qe/expose/ returned response: <Response [200]>
instabot version: 0.117.0 - INFO - Photo '/home/pi/Desktop/CarBot/PyCode/00d0d_8vbuC1p4u5Q_0CI0t2_600x450.jpg' is uploaded.
root - INFO - found result!
root - INFO - https://images.craigslist.org/01010_bmxGL25oWvm_0kE0bC_600x450.jpg
instabot version: 0.117.0 - DEBUG - POST to endpoint: media/configure/? returned response: <Response [200]>
instabot version: 0.117.0 - DEBUG - POST to endpoint: qe/expose/ returned response: <Response [200]>
instabot version: 0.117.0 - INFO - Photo '/home/pi/Desktop/CarBot/PyCode/01010_bmxGL25oWvm_0kE0bC_600x450.jpg' is uploaded.
root - INFO - found result!
root - INFO - https://images.craigslist.org/00d0d_jzpoUcZz1G1_0CI0t2_600x450.jpg
instabot version: 0.117.0 - DEBUG - POST to endpoint: media/configure/? returned response: <Response [200]>
instabot version: 0.117.0 - DEBUG - POST to endpoint: qe/expose/ returned response: <Response [200]>
instabot version: 0.117.0 - INFO - Photo '/home/pi/Desktop/CarBot/PyCode/00d0d_jzpoUcZz1G1_0CI0t2_600x450.jpg' is uploaded.
root - INFO - found result!
root - INFO - https://images.craigslist.org/01717_803fXEVdUKv_0CI0t2_600x450.jpg
instabot version: 0.117.0 - DEBUG - POST to endpoint: media/configure/? returned response: <Response [200]>
instabot version: 0.117.0 - DEBUG - POST to endpoint: qe/expose/ returned response: <Response [200]>
instabot version: 0.117.0 - INFO - Photo '/home/pi/Desktop/CarBot/PyCode/01717_803fXEVdUKv_0CI0t2_600x450.jpg' is uploaded.
root - INFO - found result!
root - INFO - https://images.craigslist.org/00d0d_8vbuC1p4u5Q_0CI0t2_600x450.jpg
instabot version: 0.117.0 - DEBUG - POST to endpoint: media/configure/? returned response: <Response [200]>
instabot version: 0.117.0 - DEBUG - POST to endpoint: qe/expose/ returned response: <Response [200]>
instabot version: 0.117.0 - INFO - Photo '/home/pi/Desktop/CarBot/PyCode/00d0d_8vbuC1p4u5Q_0CI0t2_600x450.jpg' is uploaded.
root - INFO - found result!
root - INFO - https://images.craigslist.org/01010_bmxGL25oWvm_0kE0bC_600x450.jpg
instabot version: 0.117.0 - DEBUG - POST to endpoint: media/configure/? returned response: <Response [200]>
instabot version: 0.117.0 - DEBUG - POST to endpoint: qe/expose/ returned response: <Response [200]>
instabot version: 0.117.0 - INFO - Photo '/home/pi/Desktop/CarBot/PyCode/01010_bmxGL25oWvm_0kE0bC_600x450.jpg' is uploaded.
root - INFO - found result!
root - INFO - https://images.craigslist.org/00w0w_1IKHXOWyCFh_09G04H_600x450.jpg
instabot version: 0.117.0 - DEBUG - POST to endpoint: media/configure/? returned response: <Response [200]>
instabot version: 0.117.0 - DEBUG - POST to endpoint: qe/expose/ returned response: <Response [200]>
instabot version: 0.117.0 - INFO - Photo '/home/pi/Desktop/CarBot/PyCode/00w0w_1IKHXOWyCFh_09G04H_600x450.jpg' is uploaded.
root - INFO - found result!
root - INFO - https://images.craigslist.org/00t0t_k5p35P95gCP_0CI0t2_600x450.jpg
instabot version: 0.117.0 - DEBUG - POST to endpoint: media/configure/? returned response: <Response [200]>
instabot version: 0.117.0 - DEBUG - POST to endpoint: qe/expose/ returned response: <Response [200]>
instabot version: 0.117.0 - INFO - Photo '/home/pi/Desktop/CarBot/PyCode/00t0t_k5p35P95gCP_0CI0t2_600x450.jpg' is uploaded.
root - INFO - found result!
root - INFO - https://images.craigslist.org/00a0a_2hPWl8FbSCq_0CI0t2_600x450.jpg
instabot version: 0.117.0 - DEBUG - POST to endpoint: media/configure/? returned response: <Response [200]>
instabot version: 0.117.0 - DEBUG - POST to endpoint: qe/expose/ returned response: <Response [200]>
instabot version: 0.117.0 - INFO - Photo '/home/pi/Desktop/CarBot/PyCode/00a0a_2hPWl8FbSCq_0CI0t2_600x450.jpg' is uploaded.
root - INFO - found result!
root - INFO - https://images.craigslist.org/00V0V_jyFdegWya1W_0CI0t2_600x450.jpg
instabot version: 0.117.0 - DEBUG - POST to endpoint: media/configure/? returned response: <Response [200]>
instabot version: 0.117.0 - DEBUG - POST to endpoint: qe/expose/ returned response: <Response [200]>
instabot version: 0.117.0 - INFO - Photo '/home/pi/Desktop/CarBot/PyCode/00V0V_jyFdegWya1W_0CI0t2_600x450.jpg' is uploaded.
root - INFO - found result!
root - INFO - https://images.craigslist.org/00v0v_6EhkILxKY8q_0ak07K_600x450.jpg
instabot version: 0.117.0 - DEBUG - POST to endpoint: media/configure/? returned response: <Response [200]>
instabot version: 0.117.0 - DEBUG - POST to endpoint: qe/expose/ returned response: <Response [200]>
instabot version: 0.117.0 - INFO - Photo '/home/pi/Desktop/CarBot/PyCode/00v0v_6EhkILxKY8q_0ak07K_600x450.jpg' is uploaded.
root - INFO - found result!
root - INFO - https://images.craigslist.org/00T0T_7eIdx1H6p6k_0CI0t2_600x450.jpg
instabot version: 0.117.0 - DEBUG - POST to endpoint: media/configure/? returned response: <Response [200]>
instabot version: 0.117.0 - DEBUG - POST to endpoint: qe/expose/ returned response: <Response [200]>
instabot version: 0.117.0 - INFO - Photo '/home/pi/Desktop/CarBot/PyCode/00T0T_7eIdx1H6p6k_0CI0t2_600x450.jpg' is uploaded.
root - INFO - found result!
root - INFO - https://images.craigslist.org/00U0U_1i7MGnu54VV_0CI0t2_600x450.jpg
instabot version: 0.117.0 - DEBUG - POST to endpoint: media/configure/? returned response: <Response [200]>
instabot version: 0.117.0 - DEBUG - POST to endpoint: qe/expose/ returned response: <Response [200]>
instabot version: 0.117.0 - INFO - Photo '/home/pi/Desktop/CarBot/PyCode/00U0U_1i7MGnu54VV_0CI0t2_600x450.jpg' is uploaded.
root - INFO - found result!
root - INFO - https://images.craigslist.org/00B0B_g5rNvNtGXfO_0CI0t2_600x450.jpg
instabot version: 0.117.0 - DEBUG - POST to endpoint: media/configure/? returned response: <Response [200]>
instabot version: 0.117.0 - DEBUG - POST to endpoint: qe/expose/ returned response: <Response [200]>
instabot version: 0.117.0 - INFO - Photo '/home/pi/Desktop/CarBot/PyCode/00B0B_g5rNvNtGXfO_0CI0t2_600x450.jpg' is uploaded.
root - INFO - found result!
root - INFO - https://images.craigslist.org/00Y0Y_1xWDS6nQK0N_0CI0t2_600x450.jpg
instabot version: 0.117.0 - DEBUG - POST to endpoint: media/configure/? returned response: <Response [200]>
instabot version: 0.117.0 - DEBUG - POST to endpoint: qe/expose/ returned response: <Response [200]>
instabot version: 0.117.0 - INFO - Photo '/home/pi/Desktop/CarBot/PyCode/00Y0Y_1xWDS6nQK0N_0CI0t2_600x450.jpg' is uploaded.
root - INFO - found result!
root - INFO - https://images.craigslist.org/00606_jiXfWBMrRDo_0CI0t2_600x450.jpg
instabot version: 0.117.0 - DEBUG - POST to endpoint: media/configure/? returned response: <Response [200]>
instabot version: 0.117.0 - DEBUG - POST to endpoint: qe/expose/ returned response: <Response [200]>
instabot version: 0.117.0 - INFO - Photo '/home/pi/Desktop/CarBot/PyCode/00606_jiXfWBMrRDo_0CI0t2_600x450.jpg' is uploaded.
root - INFO - found result!
root - INFO - https://images.craigslist.org/00U0U_4cwZsRF2aKR_0CI0t2_600x450.jpg
instabot version: 0.117.0 - DEBUG - POST to endpoint: media/configure/? returned response: <Response [200]>
instabot version: 0.117.0 - DEBUG - POST to endpoint: qe/expose/ returned response: <Response [200]>
instabot version: 0.117.0 - INFO - Photo '/home/pi/Desktop/CarBot/PyCode/00U0U_4cwZsRF2aKR_0CI0t2_600x450.jpg' is uploaded.
root - INFO - found result!
root - INFO - https://images.craigslist.org/00r0r_gTWVdMK4YnG_0ak07K_600x450.jpg
instabot version: 0.117.0 - DEBUG - POST to endpoint: media/configure/? returned response: <Response [200]>
instabot version: 0.117.0 - DEBUG - POST to endpoint: qe/expose/ returned response: <Response [200]>
instabot version: 0.117.0 - INFO - Photo '/home/pi/Desktop/CarBot/PyCode/00r0r_gTWVdMK4YnG_0ak07K_600x450.jpg' is uploaded.
root - INFO - found result!
root - INFO - https://images.craigslist.org/00707_6tNXcuE1epy_0CI0t2_600x450.jpg
instabot version: 0.117.0 - DEBUG - POST to endpoint: media/configure/? returned response: <Response [200]>
instabot version: 0.117.0 - DEBUG - POST to endpoint: qe/expose/ returned response: <Response [200]>
instabot version: 0.117.0 - INFO - Photo '/home/pi/Desktop/CarBot/PyCode/00707_6tNXcuE1epy_0CI0t2_600x450.jpg' is uploaded.
root - INFO - found result!
root - INFO - https://images.craigslist.org/00z0z_gOVW0qNs1Zs_0CI0t2_600x450.jpg
instabot version: 0.117.0 - DEBUG - POST to endpoint: media/configure/? returned response: <Response [200]>
instabot version: 0.117.0 - DEBUG - POST to endpoint: qe/expose/ returned response: <Response [200]>
instabot version: 0.117.0 - INFO - Photo '/home/pi/Desktop/CarBot/PyCode/00z0z_gOVW0qNs1Zs_0CI0t2_600x450.jpg' is uploaded.
root - INFO - found result!
root - INFO - https://images.craigslist.org/00a0a_jtooTEft2cB_0CI0t2_600x450.jpg
instabot version: 0.117.0 - DEBUG - POST to endpoint: media/configure/? returned response: <Response [200]>
instabot version: 0.117.0 - DEBUG - POST to endpoint: qe/expose/ returned response: <Response [200]>
instabot version: 0.117.0 - INFO - Photo '/home/pi/Desktop/CarBot/PyCode/00a0a_jtooTEft2cB_0CI0t2_600x450.jpg' is uploaded.
root - INFO - found result!
root - INFO - https://images.craigslist.org/00q0q_azXzfDs5mGB_0CI0t2_600x450.jpg
instabot version: 0.117.0 - DEBUG - POST to endpoint: media/configure/? returned response: <Response [200]>
instabot version: 0.117.0 - DEBUG - POST to endpoint: qe/expose/ returned response: <Response [200]>
instabot version: 0.117.0 - INFO - Photo '/home/pi/Desktop/CarBot/PyCode/00q0q_azXzfDs5mGB_0CI0t2_600x450.jpg' is uploaded.
root - INFO - found result!
root - INFO - https://images.craigslist.org/00U0U_6oD12l7wlJU_0CI0t2_600x450.jpg
instabot version: 0.117.0 - DEBUG - POST to endpoint: media/configure/? returned response: <Response [200]>
instabot version: 0.117.0 - DEBUG - POST to endpoint: qe/expose/ returned response: <Response [200]>
instabot version: 0.117.0 - INFO - Photo '/home/pi/Desktop/CarBot/PyCode/00U0U_6oD12l7wlJU_0CI0t2_600x450.jpg' is uploaded.
root - INFO - found result!
root - INFO - https://images.craigslist.org/00A0A_kv1IlZ2WO8b_0t20CI_600x450.jpg
instabot version: 0.117.0 - DEBUG - POST to endpoint: media/configure/? returned response: <Response [200]>
instabot version: 0.117.0 - DEBUG - POST to endpoint: qe/expose/ returned response: <Response [200]>
instabot version: 0.117.0 - INFO - Photo '/home/pi/Desktop/CarBot/PyCode/00A0A_kv1IlZ2WO8b_0t20CI_600x450.jpg' is uploaded.
root - INFO - found result!
root - INFO - https://images.craigslist.org/00f0f_gZueGBNsaKQ_0CI0t2_600x450.jpg
instabot version: 0.117.0 - DEBUG - POST to endpoint: media/configure/? returned response: <Response [200]>
instabot version: 0.117.0 - DEBUG - POST to endpoint: qe/expose/ returned response: <Response [200]>
instabot version: 0.117.0 - INFO - Photo '/home/pi/Desktop/CarBot/PyCode/00f0f_gZueGBNsaKQ_0CI0t2_600x450.jpg' is uploaded.
root - INFO - found result!
root - INFO - https://images.craigslist.org/00F0F_cPOH6wZAK0w_0CI0ik_600x450.jpg
instabot version: 0.117.0 - DEBUG - POST to endpoint: media/configure/? returned response: <Response [200]>
instabot version: 0.117.0 - DEBUG - POST to endpoint: qe/expose/ returned response: <Response [200]>
instabot version: 0.117.0 - INFO - Photo '/home/pi/Desktop/CarBot/PyCode/00F0F_cPOH6wZAK0w_0CI0ik_600x450.jpg' is uploaded.
root - INFO - found result!
root - INFO - https://images.craigslist.org/00000_h7CubY7wCOK_1560Ok_600x450.jpg
instabot version: 0.117.0 - DEBUG - POST to endpoint: media/configure/? returned response: <Response [200]>
instabot version: 0.117.0 - DEBUG - POST to endpoint: qe/expose/ returned response: <Response [200]>
instabot version: 0.117.0 - INFO - Photo '/home/pi/Desktop/CarBot/PyCode/00000_h7CubY7wCOK_1560Ok_600x450.jpg' is uploaded.
python-craiglist - WARNING - 'hybrid' is not a valid option for auto_fuel_type
python-craiglist - WARNING - 'electric' is not a valid option for auto_fuel_type
python-craiglist - WARNING - 'other' is not a valid option for auto_fuel_type
root - INFO - found result!
root - INFO - https://images.craigslist.org/01212_cIWKpv0M0qF_0oM0iA_600x450.jpg
instabot version: 0.117.0 - DEBUG - POST to endpoint: media/configure/? returned response: <Response [200]>
instabot version: 0.117.0 - DEBUG - POST to endpoint: qe/expose/ returned response: <Response [200]>
instabot version: 0.117.0 - INFO - Photo '/home/pi/Desktop/CarBot/PyCode/01212_cIWKpv0M0qF_0oM0iA_600x450.jpg' is uploaded.
root - INFO - found result!
root - INFO - https://images.craigslist.org/00Z0Z_bBKI5IrMGjY_0CI0t2_600x450.jpg
instabot version: 0.117.0 - DEBUG - POST to endpoint: media/configure/? returned response: <Response [200]>
instabot version: 0.117.0 - DEBUG - POST to endpoint: qe/expose/ returned response: <Response [200]>
instabot version: 0.117.0 - INFO - Photo '/home/pi/Desktop/CarBot/PyCode/00Z0Z_bBKI5IrMGjY_0CI0t2_600x450.jpg' is uploaded.
root - INFO - found result!
root - INFO - https://images.craigslist.org/00S0S_7FFz1kDK9wd_0cU09G_600x450.jpg
instabot version: 0.117.0 - DEBUG - POST to endpoint: media/configure/? returned response: <Response [200]>
instabot version: 0.117.0 - DEBUG - POST to endpoint: qe/expose/ returned response: <Response [200]>
instabot version: 0.117.0 - INFO - Photo '/home/pi/Desktop/CarBot/PyCode/00S0S_7FFz1kDK9wd_0cU09G_600x450.jpg' is uploaded.
root - INFO - found result!
root - INFO - https://images.craigslist.org/00S0S_7w7jpOTo8l1_0CI0t2_600x450.jpg
instabot version: 0.117.0 - DEBUG - POST to endpoint: media/configure/? returned response: <Response [200]>
instabot version: 0.117.0 - DEBUG - POST to endpoint: qe/expose/ returned response: <Response [200]>
instabot version: 0.117.0 - INFO - Photo '/home/pi/Desktop/CarBot/PyCode/00S0S_7w7jpOTo8l1_0CI0t2_600x450.jpg' is uploaded.
instabot version: 0.117.0 - DEBUG - Saving Checkpoint file to: /home/pi/config/barely_driven.checkpoint
instabot version: 0.117.0 - INFO - Total requests: 3921
