root - INFO - Datetime limit: 10/21/2020, 16:10:03
root - INFO - Setting up the instagram and twitter accounts
instabot version: 0.117.0 - INFO - Instabot version: 0.117.0 Started
instabot version: 0.117.0 - DEBUG - Bot imported from /usr/local/lib/python3.7/dist-packages/instabot/bot/bot.py
instabot version: 0.117.0 - DEBUG - Loading uuids
instabot version: 0.117.0 - INFO - Recovery from /home/pi/config/barely_driven_uuid_and_cookie.json: COOKIE False - UUIDs True - TIMING, DEVICE and ...
- user-agent=Instagram 117.0.0.28.123 Android (28/9.0; 420dpi; 1080x1920; OnePlus; ONEPLUS A3003; OnePlus3; qcom; en_US; 180322800)
- phone_id=6776543f-d7eb-420a-89f6-a0b1f0277b49
- uuid=afca3967-35ad-45df-bba9-040f029d02c5
- client_session_id=47b252c2-7dba-4a9f-8ad4-09048316b3e2
- device_id=android-ada94cc04528f2b6
instabot version: 0.117.0 - INFO - Not yet logged in starting: PRE-LOGIN FLOW!
instabot version: 0.117.0 - DEBUG - POST to endpoint: accounts/get_prefill_candidates/ returned response: <Response [200]>
instabot version: 0.117.0 - DEBUG - POST to endpoint: qe/sync/ returned response: <Response [200]>
instabot version: 0.117.0 - DEBUG - POST to endpoint: launcher/sync/ returned response: <Response [200]>
instabot version: 0.117.0 - DEBUG - POST to endpoint: accounts/contact_point_prefill/ returned response: <Response [200]>
instabot version: 0.117.0 - DEBUG - POST to endpoint: accounts/login/ returned response: <Response [200]>
instabot version: 0.117.0 - INFO - Logged-in successfully as 'barely_driven'!
instabot version: 0.117.0 - INFO - LOGIN FLOW! Just logged-in: True
instabot version: 0.117.0 - DEBUG - POST to endpoint: qe/sync/ returned response: <Response [200]>
instabot version: 0.117.0 - DEBUG - POST to endpoint: launcher/sync/ returned response: <Response [200]>
instabot version: 0.117.0 - DEBUG - GET to endpoint: zr/token/result/?device_id=android-ada94cc04528f2b6&token_hash=&custom_device_id=android-ada94cc04528f2b6&fetch_reason=token_expired returned response: <Response [200]>
instabot version: 0.117.0 - DEBUG - GET to endpoint: multiple_accounts/get_account_family/ returned response: <Response [200]>
instabot version: 0.117.0 - DEBUG - POST to endpoint: qe/sync/ returned response: <Response [200]>
instabot version: 0.117.0 - DEBUG - GET to endpoint: igtv/browse_feed/?prefetch=1 returned response: <Response [200]>
instabot version: 0.117.0 - DEBUG - POST to endpoint: creatives/ar_class/ returned response: <Response [200]>
instabot version: 0.117.0 - DEBUG - POST to endpoint: feed/reels_tray/ returned response: <Response [200]>
instabot version: 0.117.0 - DEBUG - POST to endpoint: feed/timeline/ returned response: <Response [200]>
instabot version: 0.117.0 - DEBUG - GET to endpoint: media/blocked/ returned response: <Response [200]>
instabot version: 0.117.0 - DEBUG - GET to endpoint: news/inbox/ returned response: <Response [200]>
instabot version: 0.117.0 - DEBUG - GET to endpoint: loom/fetch_config/ returned response: <Response [200]>
instabot version: 0.117.0 - DEBUG - GET to endpoint: scores/bootstrap/users/?surfaces=["autocomplete_user_list","coefficient_besties_list_ranking","coefficient_rank_recipient_user_suggestion","coefficient_ios_section_test_bootstrap_ranking","coefficient_direct_recipients_ranking_variant_2"] returned response: <Response [200]>
instabot version: 0.117.0 - DEBUG - GET to endpoint: business/eligibility/get_monetization_products_eligibility_data/?product_types=branded_content returned response: <Response [200]>
instabot version: 0.117.0 - DEBUG - GET to endpoint: business/branded_content/should_require_professional_account/ returned response: <Response [200]>
instabot version: 0.117.0 - DEBUG - GET to endpoint: linked_accounts/get_linkage_status/ returned response: <Response [200]>
instabot version: 0.117.0 - DEBUG - GET to endpoint: locations/request_country/ returned response: <Response [200]>
instabot version: 0.117.0 - DEBUG - GET to endpoint: qp/get_cooldowns/?signed_body=signed_body=4b9c516a5410a3bc128e09c6104a7f042146b9c2023870560c63a43a7f66781c.4&ig_sig_key_version=4&ig_sig_key_version=4 returned response: <Response [200]>
instabot version: 0.117.0 - DEBUG - GET to endpoint: users/arlink_download_info/?version_override=2.2.1 returned response: <Response [200]>
instabot version: 0.117.0 - DEBUG - GET to endpoint: users/40439054007/info/ returned response: <Response [200]>
instabot version: 0.117.0 - DEBUG - GET to endpoint: direct_v2/get_presence/ returned response: <Response [200]>
instabot version: 0.117.0 - DEBUG - GET to endpoint: direct_v2/inbox/?visual_message_return_type=unseen&thread_message_limit=10&persistentBadging=true&limit=20 returned response: <Response [200]>
instabot version: 0.117.0 - DEBUG - GET to endpoint: direct_v2/inbox/?visual_message_return_type=unseen&persistentBadging=true&limit=0 returned response: <Response [200]>
instabot version: 0.117.0 - DEBUG - GET to endpoint: discover/topical_explore/?is_prefetch=true&omit_cover_media=true&use_sectional_payload=true&timezone_offset=0&session_id=47b252c2-7dba-4a9f-8ad4-09048316b3e2&include_fixed_destinations=true returned response: <Response [200]>
instabot version: 0.117.0 - DEBUG - POST to endpoint: notifications/badge/ returned response: <Response [200]>
instabot version: 0.117.0 - DEBUG - POST to endpoint: qp/batch_fetch/ returned response: <Response [200]>
instabot version: 0.117.0 - DEBUG - Loading Checkpoint file from: /home/pi/config/barely_driven.checkpoint
root - INFO - found result!
root - INFO - https://images.craigslist.org/00O0O_1Wd1YGiqiXC_0CI0t2_600x450.jpg
instabot version: 0.117.0 - DEBUG - POST to endpoint: media/configure/? returned response: <Response [200]>
instabot version: 0.117.0 - DEBUG - POST to endpoint: qe/expose/ returned response: <Response [200]>
instabot version: 0.117.0 - INFO - Photo '/home/pi/Desktop/CarBot/PyCode/00O0O_1Wd1YGiqiXC_0CI0t2_600x450.jpg' is uploaded.
root - INFO - found result!
root - INFO - https://images.craigslist.org/00e0e_fbUwZ5ugPSd_0CI0t2_600x450.jpg
instabot version: 0.117.0 - DEBUG - POST to endpoint: media/configure/? returned response: <Response [200]>
instabot version: 0.117.0 - DEBUG - POST to endpoint: qe/expose/ returned response: <Response [200]>
instabot version: 0.117.0 - INFO - Photo '/home/pi/Desktop/CarBot/PyCode/00e0e_fbUwZ5ugPSd_0CI0t2_600x450.jpg' is uploaded.
root - INFO - found result!
root - INFO - https://images.craigslist.org/00p0p_ct2Cb1QY4Pr_0ww0kw_600x450.jpg
instabot version: 0.117.0 - DEBUG - POST to endpoint: media/configure/? returned response: <Response [200]>
instabot version: 0.117.0 - DEBUG - POST to endpoint: qe/expose/ returned response: <Response [200]>
instabot version: 0.117.0 - INFO - Photo '/home/pi/Desktop/CarBot/PyCode/00p0p_ct2Cb1QY4Pr_0ww0kw_600x450.jpg' is uploaded.
root - INFO - found result!
root - INFO - https://images.craigslist.org/00202_eKwaJiLeUQw_0CI0t2_600x450.jpg
instabot version: 0.117.0 - DEBUG - POST to endpoint: media/configure/? returned response: <Response [200]>
instabot version: 0.117.0 - DEBUG - POST to endpoint: qe/expose/ returned response: <Response [200]>
instabot version: 0.117.0 - INFO - Photo '/home/pi/Desktop/CarBot/PyCode/00202_eKwaJiLeUQw_0CI0t2_600x450.jpg' is uploaded.
root - INFO - found result!
root - INFO - https://images.craigslist.org/00I0I_cim42D8Bm8z_1320MM_600x450.jpg
instabot version: 0.117.0 - DEBUG - POST to endpoint: media/configure/? returned response: <Response [200]>
instabot version: 0.117.0 - DEBUG - POST to endpoint: qe/expose/ returned response: <Response [200]>
instabot version: 0.117.0 - INFO - Photo '/home/pi/Desktop/CarBot/PyCode/00I0I_cim42D8Bm8z_1320MM_600x450.jpg' is uploaded.
root - INFO - found result!
root - INFO - https://images.craigslist.org/00T0T_kdAhHEHh43O_0hq0bC_600x450.jpg
instabot version: 0.117.0 - DEBUG - POST to endpoint: media/configure/? returned response: <Response [200]>
instabot version: 0.117.0 - DEBUG - POST to endpoint: qe/expose/ returned response: <Response [200]>
instabot version: 0.117.0 - INFO - Photo '/home/pi/Desktop/CarBot/PyCode/00T0T_kdAhHEHh43O_0hq0bC_600x450.jpg' is uploaded.
root - INFO - found result!
root - INFO - https://images.craigslist.org/00X0X_pQI3Gd0ORF_0CI0t2_600x450.jpg
instabot version: 0.117.0 - DEBUG - POST to endpoint: media/configure/? returned response: <Response [200]>
instabot version: 0.117.0 - DEBUG - POST to endpoint: qe/expose/ returned response: <Response [200]>
instabot version: 0.117.0 - INFO - Photo '/home/pi/Desktop/CarBot/PyCode/00X0X_pQI3Gd0ORF_0CI0t2_600x450.jpg' is uploaded.
root - INFO - found result!
root - INFO - https://images.craigslist.org/00505_8HQE4WqJURm_0CI0t2_600x450.jpg
instabot version: 0.117.0 - DEBUG - POST to endpoint: media/configure/? returned response: <Response [200]>
instabot version: 0.117.0 - DEBUG - POST to endpoint: qe/expose/ returned response: <Response [200]>
instabot version: 0.117.0 - INFO - Photo '/home/pi/Desktop/CarBot/PyCode/00505_8HQE4WqJURm_0CI0t2_600x450.jpg' is uploaded.
root - INFO - found result!
root - INFO - https://images.craigslist.org/00909_cMdD4EEosqb_0CI0t2_600x450.jpg
instabot version: 0.117.0 - DEBUG - POST to endpoint: media/configure/? returned response: <Response [200]>
instabot version: 0.117.0 - DEBUG - POST to endpoint: qe/expose/ returned response: <Response [200]>
instabot version: 0.117.0 - INFO - Photo '/home/pi/Desktop/CarBot/PyCode/00909_cMdD4EEosqb_0CI0t2_600x450.jpg' is uploaded.
root - INFO - found result!
root - INFO - https://images.craigslist.org/00909_cMdD4EEosqb_0CI0t2_600x450.jpg
instabot version: 0.117.0 - DEBUG - POST to endpoint: media/configure/? returned response: <Response [200]>
instabot version: 0.117.0 - DEBUG - POST to endpoint: qe/expose/ returned response: <Response [200]>
instabot version: 0.117.0 - INFO - Photo '/home/pi/Desktop/CarBot/PyCode/00909_cMdD4EEosqb_0CI0t2_600x450.jpg' is uploaded.
root - INFO - found result!
root - INFO - https://images.craigslist.org/01313_4NeSBjmytKB_0t20CI_600x450.jpg
instabot version: 0.117.0 - DEBUG - POST to endpoint: media/configure/? returned response: <Response [200]>
instabot version: 0.117.0 - DEBUG - POST to endpoint: qe/expose/ returned response: <Response [200]>
instabot version: 0.117.0 - INFO - Photo '/home/pi/Desktop/CarBot/PyCode/01313_4NeSBjmytKB_0t20CI_600x450.jpg' is uploaded.
root - INFO - found result!
root - INFO - https://images.craigslist.org/00T0T_aqt2ZFWipiJ_0CI0t2_600x450.jpg
instabot version: 0.117.0 - DEBUG - POST to endpoint: media/configure/? returned response: <Response [200]>
instabot version: 0.117.0 - DEBUG - POST to endpoint: qe/expose/ returned response: <Response [200]>
instabot version: 0.117.0 - INFO - Photo '/home/pi/Desktop/CarBot/PyCode/00T0T_aqt2ZFWipiJ_0CI0t2_600x450.jpg' is uploaded.
root - INFO - found result!
root - INFO - https://images.craigslist.org/00M0M_gFl7bA9vtwG_0CI0t2_600x450.jpg
instabot version: 0.117.0 - DEBUG - POST to endpoint: media/configure/? returned response: <Response [200]>
instabot version: 0.117.0 - DEBUG - POST to endpoint: qe/expose/ returned response: <Response [200]>
instabot version: 0.117.0 - INFO - Photo '/home/pi/Desktop/CarBot/PyCode/00M0M_gFl7bA9vtwG_0CI0t2_600x450.jpg' is uploaded.
root - INFO - found result!
root - INFO - https://images.craigslist.org/00J0J_7txlJsGgcGM_0CI0t2_600x450.jpg
instabot version: 0.117.0 - DEBUG - POST to endpoint: media/configure/? returned response: <Response [200]>
instabot version: 0.117.0 - DEBUG - POST to endpoint: qe/expose/ returned response: <Response [200]>
instabot version: 0.117.0 - INFO - Photo '/home/pi/Desktop/CarBot/PyCode/00J0J_7txlJsGgcGM_0CI0t2_600x450.jpg' is uploaded.
root - INFO - found result!
root - INFO - https://images.craigslist.org/00n0n_cfx0lZnRYrR_0CI0t2_600x450.jpg
instabot version: 0.117.0 - DEBUG - POST to endpoint: media/configure/? returned response: <Response [200]>
instabot version: 0.117.0 - DEBUG - POST to endpoint: qe/expose/ returned response: <Response [200]>
instabot version: 0.117.0 - INFO - Photo '/home/pi/Desktop/CarBot/PyCode/00n0n_cfx0lZnRYrR_0CI0t2_600x450.jpg' is uploaded.
root - INFO - found result!
root - INFO - https://images.craigslist.org/00P0P_lkmZ4YQ3n23_0CI0t2_600x450.jpg
instabot version: 0.117.0 - DEBUG - POST to endpoint: media/configure/? returned response: <Response [200]>
instabot version: 0.117.0 - DEBUG - POST to endpoint: qe/expose/ returned response: <Response [200]>
instabot version: 0.117.0 - INFO - Photo '/home/pi/Desktop/CarBot/PyCode/00P0P_lkmZ4YQ3n23_0CI0t2_600x450.jpg' is uploaded.
root - INFO - found result!
root - INFO - https://images.craigslist.org/00R0R_2l0Te5zHnnN_0t20t2_600x450.jpg
instabot version: 0.117.0 - DEBUG - POST to endpoint: media/configure/? returned response: <Response [200]>
instabot version: 0.117.0 - DEBUG - POST to endpoint: qe/expose/ returned response: <Response [200]>
instabot version: 0.117.0 - INFO - Photo '/home/pi/Desktop/CarBot/PyCode/00R0R_2l0Te5zHnnN_0t20t2_600x450.jpg' is uploaded.
root - INFO - found result!
root - INFO - https://images.craigslist.org/00o0o_68YpDQLbVOk_0x20iA_600x450.jpg
instabot version: 0.117.0 - DEBUG - POST to endpoint: media/configure/? returned response: <Response [200]>
instabot version: 0.117.0 - DEBUG - POST to endpoint: qe/expose/ returned response: <Response [200]>
instabot version: 0.117.0 - INFO - Photo '/home/pi/Desktop/CarBot/PyCode/00o0o_68YpDQLbVOk_0x20iA_600x450.jpg' is uploaded.
root - INFO - found result!
root - INFO - https://images.craigslist.org/00L0L_2oHAe3qBBum_0t20CI_600x450.jpg
instabot version: 0.117.0 - DEBUG - POST to endpoint: media/configure/? returned response: <Response [200]>
instabot version: 0.117.0 - DEBUG - POST to endpoint: qe/expose/ returned response: <Response [200]>
instabot version: 0.117.0 - INFO - Photo '/home/pi/Desktop/CarBot/PyCode/00L0L_2oHAe3qBBum_0t20CI_600x450.jpg' is uploaded.
root - INFO - found result!
root - INFO - https://images.craigslist.org/00z0z_hPchfAPitq4_0wg0oc_600x450.jpg
instabot version: 0.117.0 - DEBUG - POST to endpoint: media/configure/? returned response: <Response [200]>
instabot version: 0.117.0 - DEBUG - POST to endpoint: qe/expose/ returned response: <Response [200]>
instabot version: 0.117.0 - INFO - Photo '/home/pi/Desktop/CarBot/PyCode/00z0z_hPchfAPitq4_0wg0oc_600x450.jpg' is uploaded.
root - INFO - found result!
root - INFO - https://images.craigslist.org/00Z0Z_7tmgxLSIFaN_600x450.jpg
instabot version: 0.117.0 - DEBUG - POST to endpoint: media/configure/? returned response: <Response [200]>
instabot version: 0.117.0 - DEBUG - POST to endpoint: qe/expose/ returned response: <Response [200]>
instabot version: 0.117.0 - INFO - Photo '/home/pi/Desktop/CarBot/PyCode/00Z0Z_7tmgxLSIFaN_600x450.jpg' is uploaded.
root - INFO - found result!
root - INFO - https://images.craigslist.org/00U0U_aR9qCBVFFgp_0CI0t2_600x450.jpg
instabot version: 0.117.0 - DEBUG - POST to endpoint: media/configure/? returned response: <Response [200]>
instabot version: 0.117.0 - DEBUG - POST to endpoint: qe/expose/ returned response: <Response [200]>
instabot version: 0.117.0 - INFO - Photo '/home/pi/Desktop/CarBot/PyCode/00U0U_aR9qCBVFFgp_0CI0t2_600x450.jpg' is uploaded.
root - INFO - found result!
root - INFO - https://images.craigslist.org/00808_3frMwm2AmcM_0c60lw_600x450.jpg
instabot version: 0.117.0 - DEBUG - POST to endpoint: media/configure/? returned response: <Response [200]>
instabot version: 0.117.0 - DEBUG - POST to endpoint: qe/expose/ returned response: <Response [200]>
instabot version: 0.117.0 - INFO - Photo '/home/pi/Desktop/CarBot/PyCode/00808_3frMwm2AmcM_0c60lw_600x450.jpg' is uploaded.
root - INFO - found result!
root - INFO - https://images.craigslist.org/00W0W_bThvMZjyC8y_0CI0t2_600x450.jpg
instabot version: 0.117.0 - DEBUG - POST to endpoint: media/configure/? returned response: <Response [200]>
instabot version: 0.117.0 - DEBUG - POST to endpoint: qe/expose/ returned response: <Response [200]>
instabot version: 0.117.0 - INFO - Photo '/home/pi/Desktop/CarBot/PyCode/00W0W_bThvMZjyC8y_0CI0t2_600x450.jpg' is uploaded.
root - INFO - found result!
root - INFO - https://images.craigslist.org/00Y0Y_4u8BrD7Qn50_0CI0lT_600x450.jpg
instabot version: 0.117.0 - DEBUG - POST to endpoint: media/configure/? returned response: <Response [200]>
instabot version: 0.117.0 - DEBUG - POST to endpoint: qe/expose/ returned response: <Response [200]>
instabot version: 0.117.0 - INFO - Photo '/home/pi/Desktop/CarBot/PyCode/00Y0Y_4u8BrD7Qn50_0CI0lT_600x450.jpg' is uploaded.
root - INFO - found result!
root - INFO - https://images.craigslist.org/00o0o_gH7zCcT7En1_0CI0t2_600x450.jpg
instabot version: 0.117.0 - DEBUG - POST to endpoint: media/configure/? returned response: <Response [200]>
instabot version: 0.117.0 - DEBUG - POST to endpoint: qe/expose/ returned response: <Response [200]>
instabot version: 0.117.0 - INFO - Photo '/home/pi/Desktop/CarBot/PyCode/00o0o_gH7zCcT7En1_0CI0t2_600x450.jpg' is uploaded.
root - INFO - found result!
root - INFO - https://images.craigslist.org/00f0f_fA3EPonXIVv_600x450.jpg
instabot version: 0.117.0 - DEBUG - POST to endpoint: media/configure/? returned response: <Response [200]>
instabot version: 0.117.0 - DEBUG - POST to endpoint: qe/expose/ returned response: <Response [200]>
instabot version: 0.117.0 - INFO - Photo '/home/pi/Desktop/CarBot/PyCode/00f0f_fA3EPonXIVv_600x450.jpg' is uploaded.
root - INFO - found result!
root - INFO - https://images.craigslist.org/00J0J_aP9wSKEY2V4_600x450.jpg
instabot version: 0.117.0 - DEBUG - POST to endpoint: media/configure/? returned response: <Response [200]>
instabot version: 0.117.0 - DEBUG - POST to endpoint: qe/expose/ returned response: <Response [200]>
instabot version: 0.117.0 - INFO - Photo '/home/pi/Desktop/CarBot/PyCode/00J0J_aP9wSKEY2V4_600x450.jpg' is uploaded.
root - INFO - found result!
root - INFO - https://images.craigslist.org/01010_9NE4fLtJ56Z_0CI0lM_600x450.jpg
instabot version: 0.117.0 - DEBUG - POST to endpoint: media/configure/? returned response: <Response [200]>
instabot version: 0.117.0 - DEBUG - POST to endpoint: qe/expose/ returned response: <Response [200]>
instabot version: 0.117.0 - INFO - Photo '/home/pi/Desktop/CarBot/PyCode/01010_9NE4fLtJ56Z_0CI0lM_600x450.jpg' is uploaded.
root - INFO - found result!
root - INFO - https://images.craigslist.org/00h0h_iUEHoe5ruyI_0CI0t2_600x450.jpg
instabot version: 0.117.0 - DEBUG - POST to endpoint: media/configure/? returned response: <Response [200]>
instabot version: 0.117.0 - DEBUG - POST to endpoint: qe/expose/ returned response: <Response [200]>
instabot version: 0.117.0 - INFO - Photo '/home/pi/Desktop/CarBot/PyCode/00h0h_iUEHoe5ruyI_0CI0t2_600x450.jpg' is uploaded.
python-craiglist - WARNING - 'hybrid' is not a valid option for auto_fuel_type
python-craiglist - WARNING - 'electric' is not a valid option for auto_fuel_type
python-craiglist - WARNING - 'other' is not a valid option for auto_fuel_type
root - INFO - found result!
root - INFO - https://images.craigslist.org/00a0a_g0918UUTGf6_0kE0fu_600x450.jpg
instabot version: 0.117.0 - DEBUG - POST to endpoint: media/configure/? returned response: <Response [200]>
instabot version: 0.117.0 - DEBUG - POST to endpoint: qe/expose/ returned response: <Response [200]>
instabot version: 0.117.0 - INFO - Photo '/home/pi/Desktop/CarBot/PyCode/00a0a_g0918UUTGf6_0kE0fu_600x450.jpg' is uploaded.
root - INFO - found result!
root - INFO - https://images.craigslist.org/00q0q_1Ho2xRcBRyE_0CI0pO_600x450.jpg
instabot version: 0.117.0 - DEBUG - POST to endpoint: media/configure/? returned response: <Response [200]>
instabot version: 0.117.0 - DEBUG - POST to endpoint: qe/expose/ returned response: <Response [200]>
instabot version: 0.117.0 - INFO - Photo '/home/pi/Desktop/CarBot/PyCode/00q0q_1Ho2xRcBRyE_0CI0pO_600x450.jpg' is uploaded.
root - INFO - found result!
root - INFO - https://images.craigslist.org/00n0n_MOg7imTlmt_0CI0t2_600x450.jpg
instabot version: 0.117.0 - DEBUG - POST to endpoint: media/configure/? returned response: <Response [200]>
instabot version: 0.117.0 - DEBUG - POST to endpoint: qe/expose/ returned response: <Response [200]>
instabot version: 0.117.0 - INFO - Photo '/home/pi/Desktop/CarBot/PyCode/00n0n_MOg7imTlmt_0CI0t2_600x450.jpg' is uploaded.
instabot version: 0.117.0 - DEBUG - Saving Checkpoint file to: /home/pi/config/barely_driven.checkpoint
instabot version: 0.117.0 - INFO - Total requests: 10044
