root - INFO - Datetime limit: 03/23/2021, 08:30:03
root - INFO - Setting up the instagram and twitter accounts
instabot version: 0.117.0 - INFO - Instabot version: 0.117.0 Started
instabot version: 0.117.0 - DEBUG - Bot imported from /usr/local/lib/python3.7/dist-packages/instabot/bot/bot.py
instabot version: 0.117.0 - DEBUG - Loading uuids
instabot version: 0.117.0 - INFO - Recovery from /home/pi/config/barely_driven_uuid_and_cookie.json: COOKIE False - UUIDs True - TIMING, DEVICE and ...
- user-agent=Instagram 117.0.0.28.123 Android (28/9.0; 420dpi; 1080x1920; OnePlus; ONEPLUS A3003; OnePlus3; qcom; en_US; 180322800)
- phone_id=6776543f-d7eb-420a-89f6-a0b1f0277b49
- uuid=afca3967-35ad-45df-bba9-040f029d02c5
- client_session_id=47b252c2-7dba-4a9f-8ad4-09048316b3e2
- device_id=android-ada94cc04528f2b6
instabot version: 0.117.0 - INFO - Not yet logged in starting: PRE-LOGIN FLOW!
instabot version: 0.117.0 - DEBUG - POST to endpoint: accounts/get_prefill_candidates/ returned response: <Response [200]>
instabot version: 0.117.0 - DEBUG - POST to endpoint: qe/sync/ returned response: <Response [200]>
instabot version: 0.117.0 - DEBUG - POST to endpoint: launcher/sync/ returned response: <Response [200]>
instabot version: 0.117.0 - DEBUG - POST to endpoint: accounts/contact_point_prefill/ returned response: <Response [200]>
instabot version: 0.117.0 - DEBUG - POST to endpoint: accounts/login/ returned response: <Response [429]>
instabot version: 0.117.0 - DEBUG - Responsecode indicates error; response content: b'{"message":"Please wait a few minutes before you try again.","status":"fail"}'
instabot version: 0.117.0 - ERROR - Request returns 429 error!
instabot version: 0.117.0 - WARNING - That means 'too many requests'. I'll go to sleep for 5 minutes.
instabot version: 0.117.0 - DEBUG - POST to endpoint: accounts/login/ returned response: <Response [400]>
instabot version: 0.117.0 - DEBUG - Responsecode indicates error; response content: b'{"message":"","status":"fail"}'
instabot version: 0.117.0 - ERROR - Request returns 400 error!
instabot version: 0.117.0 - INFO - Instagram's error message: 
instabot version: 0.117.0 - INFO - Instagram's error message: {}
instabot version: 0.117.0 - ERROR - Failed to login go to instagram and change your password
instabot version: 0.117.0 - INFO - Username or password is incorrect.
