root - INFO - Datetime limit: 04/10/2021, 16:10:03
root - INFO - Setting up the instagram and twitter accounts
instabot version: 0.117.0 - INFO - Instabot version: 0.117.0 Started
instabot version: 0.117.0 - DEBUG - Bot imported from /usr/local/lib/python3.7/dist-packages/instabot/bot/bot.py
instabot version: 0.117.0 - DEBUG - Loading uuids
instabot version: 0.117.0 - INFO - Recovery from /home/pi/config/barely_driven_uuid_and_cookie.json: COOKIE False - UUIDs True - TIMING, DEVICE and ...
- user-agent=Instagram 117.0.0.28.123 Android (28/9.0; 420dpi; 1080x1920; OnePlus; ONEPLUS A3003; OnePlus3; qcom; en_US; 180322800)
- phone_id=6776543f-d7eb-420a-89f6-a0b1f0277b49
- uuid=afca3967-35ad-45df-bba9-040f029d02c5
- client_session_id=47b252c2-7dba-4a9f-8ad4-09048316b3e2
- device_id=android-ada94cc04528f2b6
instabot version: 0.117.0 - INFO - Not yet logged in starting: PRE-LOGIN FLOW!
instabot version: 0.117.0 - DEBUG - POST to endpoint: accounts/get_prefill_candidates/ returned response: <Response [200]>
instabot version: 0.117.0 - DEBUG - POST to endpoint: qe/sync/ returned response: <Response [200]>
instabot version: 0.117.0 - DEBUG - POST to endpoint: launcher/sync/ returned response: <Response [200]>
instabot version: 0.117.0 - DEBUG - POST to endpoint: accounts/contact_point_prefill/ returned response: <Response [200]>
instabot version: 0.117.0 - DEBUG - POST to endpoint: accounts/login/ returned response: <Response [200]>
instabot version: 0.117.0 - INFO - Logged-in successfully as 'barely_driven'!
instabot version: 0.117.0 - INFO - LOGIN FLOW! Just logged-in: True
instabot version: 0.117.0 - DEBUG - POST to endpoint: qe/sync/ returned response: <Response [200]>
instabot version: 0.117.0 - DEBUG - POST to endpoint: launcher/sync/ returned response: <Response [200]>
instabot version: 0.117.0 - DEBUG - GET to endpoint: zr/token/result/?device_id=android-ada94cc04528f2b6&token_hash=&custom_device_id=android-ada94cc04528f2b6&fetch_reason=token_expired returned response: <Response [200]>
instabot version: 0.117.0 - DEBUG - GET to endpoint: multiple_accounts/get_account_family/ returned response: <Response [200]>
instabot version: 0.117.0 - DEBUG - POST to endpoint: qe/sync/ returned response: <Response [200]>
instabot version: 0.117.0 - DEBUG - GET to endpoint: igtv/browse_feed/?prefetch=1 returned response: <Response [200]>
instabot version: 0.117.0 - DEBUG - POST to endpoint: creatives/ar_class/ returned response: <Response [200]>
instabot version: 0.117.0 - DEBUG - POST to endpoint: feed/reels_tray/ returned response: <Response [200]>
instabot version: 0.117.0 - DEBUG - POST to endpoint: feed/timeline/ returned response: <Response [200]>
instabot version: 0.117.0 - DEBUG - GET to endpoint: media/blocked/ returned response: <Response [200]>
instabot version: 0.117.0 - DEBUG - GET to endpoint: news/inbox/ returned response: <Response [200]>
instabot version: 0.117.0 - DEBUG - GET to endpoint: loom/fetch_config/ returned response: <Response [200]>
instabot version: 0.117.0 - DEBUG - GET to endpoint: scores/bootstrap/users/?surfaces=["autocomplete_user_list","coefficient_besties_list_ranking","coefficient_rank_recipient_user_suggestion","coefficient_ios_section_test_bootstrap_ranking","coefficient_direct_recipients_ranking_variant_2"] returned response: <Response [200]>
instabot version: 0.117.0 - DEBUG - GET to endpoint: business/eligibility/get_monetization_products_eligibility_data/?product_types=branded_content returned response: <Response [200]>
instabot version: 0.117.0 - DEBUG - GET to endpoint: business/branded_content/should_require_professional_account/ returned response: <Response [200]>
instabot version: 0.117.0 - DEBUG - GET to endpoint: linked_accounts/get_linkage_status/ returned response: <Response [200]>
instabot version: 0.117.0 - DEBUG - GET to endpoint: locations/request_country/ returned response: <Response [200]>
instabot version: 0.117.0 - DEBUG - GET to endpoint: qp/get_cooldowns/?signed_body=signed_body=4b9c516a5410a3bc128e09c6104a7f042146b9c2023870560c63a43a7f66781c.4&ig_sig_key_version=4&ig_sig_key_version=4 returned response: <Response [200]>
instabot version: 0.117.0 - DEBUG - GET to endpoint: users/arlink_download_info/?version_override=2.2.1 returned response: <Response [200]>
instabot version: 0.117.0 - DEBUG - GET to endpoint: users/40439054007/info/ returned response: <Response [200]>
instabot version: 0.117.0 - DEBUG - GET to endpoint: direct_v2/get_presence/ returned response: <Response [200]>
instabot version: 0.117.0 - DEBUG - GET to endpoint: direct_v2/inbox/?visual_message_return_type=unseen&thread_message_limit=10&persistentBadging=true&limit=20 returned response: <Response [200]>
instabot version: 0.117.0 - DEBUG - GET to endpoint: direct_v2/inbox/?visual_message_return_type=unseen&persistentBadging=true&limit=0 returned response: <Response [200]>
instabot version: 0.117.0 - DEBUG - GET to endpoint: discover/topical_explore/?is_prefetch=true&omit_cover_media=true&use_sectional_payload=true&timezone_offset=0&session_id=47b252c2-7dba-4a9f-8ad4-09048316b3e2&include_fixed_destinations=true returned response: <Response [200]>
instabot version: 0.117.0 - DEBUG - POST to endpoint: notifications/badge/ returned response: <Response [200]>
instabot version: 0.117.0 - DEBUG - POST to endpoint: qp/batch_fetch/ returned response: <Response [200]>
instabot version: 0.117.0 - DEBUG - Loading Checkpoint file from: /home/pi/config/barely_driven.checkpoint
root - INFO - found result!
root - INFO - https://images.craigslist.org/00v0v_BJLizsKmfHz_0CI0t2_600x450.jpg
instabot version: 0.117.0 - DEBUG - POST to endpoint: media/configure/? returned response: <Response [200]>
instabot version: 0.117.0 - DEBUG - POST to endpoint: qe/expose/ returned response: <Response [200]>
instabot version: 0.117.0 - INFO - Photo '/home/pi/Desktop/CarBot/PyCode/00v0v_BJLizsKmfHz_0CI0t2_600x450.jpg' is uploaded.
root - INFO - found result!
root - INFO - https://images.craigslist.org/00W0W_a6prcgBLKkJz_0CI0t2_600x450.jpg
instabot version: 0.117.0 - DEBUG - POST to endpoint: media/configure/? returned response: <Response [200]>
instabot version: 0.117.0 - DEBUG - POST to endpoint: qe/expose/ returned response: <Response [200]>
instabot version: 0.117.0 - INFO - Photo '/home/pi/Desktop/CarBot/PyCode/00W0W_a6prcgBLKkJz_0CI0t2_600x450.jpg' is uploaded.
root - INFO - found result!
root - INFO - https://images.craigslist.org/00a0a_hHsQfsAEmv5z_0t20CI_600x450.jpg
instabot version: 0.117.0 - DEBUG - POST to endpoint: media/configure/? returned response: <Response [200]>
instabot version: 0.117.0 - DEBUG - POST to endpoint: qe/expose/ returned response: <Response [200]>
instabot version: 0.117.0 - INFO - Photo '/home/pi/Desktop/CarBot/PyCode/00a0a_hHsQfsAEmv5z_0t20CI_600x450.jpg' is uploaded.
root - INFO - found result!
root - INFO - https://images.craigslist.org/00e0e_G4HPH6BHuFz_0mV0dL_600x450.jpg
instabot version: 0.117.0 - DEBUG - POST to endpoint: media/configure/? returned response: <Response [200]>
instabot version: 0.117.0 - DEBUG - POST to endpoint: qe/expose/ returned response: <Response [200]>
instabot version: 0.117.0 - INFO - Photo '/home/pi/Desktop/CarBot/PyCode/00e0e_G4HPH6BHuFz_0mV0dL_600x450.jpg' is uploaded.
root - INFO - found result!
root - INFO - https://images.craigslist.org/00u0u_jPRUp90wyWdz_0t20CI_600x450.jpg
instabot version: 0.117.0 - DEBUG - POST to endpoint: media/configure/? returned response: <Response [200]>
instabot version: 0.117.0 - DEBUG - POST to endpoint: qe/expose/ returned response: <Response [200]>
instabot version: 0.117.0 - INFO - Photo '/home/pi/Desktop/CarBot/PyCode/00u0u_jPRUp90wyWdz_0t20CI_600x450.jpg' is uploaded.
root - INFO - found result!
root - INFO - https://images.craigslist.org/00q0q_gXLkHqAxbcHz_0jm0aT_600x450.jpg
instabot version: 0.117.0 - DEBUG - POST to endpoint: media/configure/? returned response: <Response [200]>
instabot version: 0.117.0 - DEBUG - POST to endpoint: qe/expose/ returned response: <Response [200]>
instabot version: 0.117.0 - INFO - Photo '/home/pi/Desktop/CarBot/PyCode/00q0q_gXLkHqAxbcHz_0jm0aT_600x450.jpg' is uploaded.
root - INFO - found result!
root - INFO - https://images.craigslist.org/00G0G_1Qa2KEL1DHwz_04Q06s_600x450.jpg
instabot version: 0.117.0 - DEBUG - POST to endpoint: media/configure/? returned response: <Response [200]>
instabot version: 0.117.0 - DEBUG - POST to endpoint: qe/expose/ returned response: <Response [200]>
instabot version: 0.117.0 - INFO - Photo '/home/pi/Desktop/CarBot/PyCode/00G0G_1Qa2KEL1DHwz_04Q06s_600x450.jpg' is uploaded.
root - INFO - found result!
root - INFO - https://images.craigslist.org/00u0u_jPRUp90wyWdz_0t20CI_600x450.jpg
instabot version: 0.117.0 - DEBUG - POST to endpoint: media/configure/? returned response: <Response [200]>
instabot version: 0.117.0 - DEBUG - POST to endpoint: qe/expose/ returned response: <Response [200]>
instabot version: 0.117.0 - INFO - Photo '/home/pi/Desktop/CarBot/PyCode/00u0u_jPRUp90wyWdz_0t20CI_600x450.jpg' is uploaded.
root - INFO - found result!
root - INFO - https://images.craigslist.org/00I0I_fPxzTfuZEdTz_0eL0b4_600x450.jpg
instabot version: 0.117.0 - DEBUG - POST to endpoint: media/configure/? returned response: <Response [200]>
instabot version: 0.117.0 - DEBUG - POST to endpoint: qe/expose/ returned response: <Response [200]>
instabot version: 0.117.0 - INFO - Photo '/home/pi/Desktop/CarBot/PyCode/00I0I_fPxzTfuZEdTz_0eL0b4_600x450.jpg' is uploaded.
root - INFO - found result!
root - INFO - https://images.craigslist.org/00u0u_jPRUp90wyWdz_0t20CI_600x450.jpg
instabot version: 0.117.0 - DEBUG - POST to endpoint: media/configure/? returned response: <Response [200]>
instabot version: 0.117.0 - DEBUG - POST to endpoint: qe/expose/ returned response: <Response [200]>
instabot version: 0.117.0 - INFO - Photo '/home/pi/Desktop/CarBot/PyCode/00u0u_jPRUp90wyWdz_0t20CI_600x450.jpg' is uploaded.
root - INFO - found result!
root - INFO - https://images.craigslist.org/00q0q_gXLkHqAxbcHz_0jm0aT_600x450.jpg
instabot version: 0.117.0 - DEBUG - POST to endpoint: media/configure/? returned response: <Response [200]>
instabot version: 0.117.0 - DEBUG - POST to endpoint: qe/expose/ returned response: <Response [200]>
instabot version: 0.117.0 - INFO - Photo '/home/pi/Desktop/CarBot/PyCode/00q0q_gXLkHqAxbcHz_0jm0aT_600x450.jpg' is uploaded.
root - INFO - found result!
root - INFO - https://images.craigslist.org/00u0u_lPorUoa0kvWz_0zW0t2_600x450.jpg
instabot version: 0.117.0 - DEBUG - POST to endpoint: media/configure/? returned response: <Response [200]>
instabot version: 0.117.0 - DEBUG - POST to endpoint: qe/expose/ returned response: <Response [200]>
instabot version: 0.117.0 - INFO - Photo '/home/pi/Desktop/CarBot/PyCode/00u0u_lPorUoa0kvWz_0zW0t2_600x450.jpg' is uploaded.
root - INFO - found result!
root - INFO - https://images.craigslist.org/00o0o_ft2um19qXx6z_0CI0t2_600x450.jpg
instabot version: 0.117.0 - DEBUG - POST to endpoint: media/configure/? returned response: <Response [200]>
instabot version: 0.117.0 - DEBUG - POST to endpoint: qe/expose/ returned response: <Response [200]>
instabot version: 0.117.0 - INFO - Photo '/home/pi/Desktop/CarBot/PyCode/00o0o_ft2um19qXx6z_0CI0t2_600x450.jpg' is uploaded.
root - INFO - found result!
root - INFO - https://images.craigslist.org/01414_erxndvS6nekz_09G07g_600x450.jpg
instabot version: 0.117.0 - DEBUG - POST to endpoint: media/configure/? returned response: <Response [200]>
instabot version: 0.117.0 - DEBUG - POST to endpoint: qe/expose/ returned response: <Response [200]>
instabot version: 0.117.0 - INFO - Photo '/home/pi/Desktop/CarBot/PyCode/01414_erxndvS6nekz_09G07g_600x450.jpg' is uploaded.
root - INFO - found result!
root - INFO - https://images.craigslist.org/00g0g_bGWK2a0SpiAz_0CI0t2_600x450.jpg
instabot version: 0.117.0 - DEBUG - POST to endpoint: media/configure/? returned response: <Response [200]>
instabot version: 0.117.0 - DEBUG - POST to endpoint: qe/expose/ returned response: <Response [200]>
instabot version: 0.117.0 - INFO - Photo '/home/pi/Desktop/CarBot/PyCode/00g0g_bGWK2a0SpiAz_0CI0t2_600x450.jpg' is uploaded.
root - INFO - found result!
root - INFO - https://images.craigslist.org/00c0c_7t52OEJ6lp0z_0CI0lM_600x450.jpg
instabot version: 0.117.0 - DEBUG - POST to endpoint: media/configure/? returned response: <Response [200]>
instabot version: 0.117.0 - DEBUG - POST to endpoint: qe/expose/ returned response: <Response [200]>
instabot version: 0.117.0 - INFO - Photo '/home/pi/Desktop/CarBot/PyCode/00c0c_7t52OEJ6lp0z_0CI0lM_600x450.jpg' is uploaded.
root - INFO - found result!
root - INFO - https://images.craigslist.org/00z0z_aZmvct1AlUZz_0lM0CI_600x450.jpg
instabot version: 0.117.0 - DEBUG - POST to endpoint: media/configure/? returned response: <Response [200]>
instabot version: 0.117.0 - DEBUG - POST to endpoint: qe/expose/ returned response: <Response [200]>
instabot version: 0.117.0 - INFO - Photo '/home/pi/Desktop/CarBot/PyCode/00z0z_aZmvct1AlUZz_0lM0CI_600x450.jpg' is uploaded.
root - INFO - found result!
root - INFO - https://images.craigslist.org/00F0F_dx36fFM6klwz_0n70t2_600x450.jpg
instabot version: 0.117.0 - DEBUG - POST to endpoint: media/configure/? returned response: <Response [200]>
instabot version: 0.117.0 - DEBUG - POST to endpoint: qe/expose/ returned response: <Response [200]>
instabot version: 0.117.0 - INFO - Photo '/home/pi/Desktop/CarBot/PyCode/00F0F_dx36fFM6klwz_0n70t2_600x450.jpg' is uploaded.
root - INFO - found result!
root - INFO - https://images.craigslist.org/00B0B_gKXouJCHzLPz_05n042_600x450.jpg
instabot version: 0.117.0 - DEBUG - POST to endpoint: media/configure/? returned response: <Response [200]>
instabot version: 0.117.0 - DEBUG - POST to endpoint: qe/expose/ returned response: <Response [200]>
instabot version: 0.117.0 - INFO - Photo '/home/pi/Desktop/CarBot/PyCode/00B0B_gKXouJCHzLPz_05n042_600x450.jpg' is uploaded.
root - INFO - found result!
root - INFO - https://images.craigslist.org/00L0L_jv2URba3R3Uz_1560Ok_600x450.jpg
instabot version: 0.117.0 - DEBUG - POST to endpoint: media/configure/? returned response: <Response [200]>
instabot version: 0.117.0 - DEBUG - POST to endpoint: qe/expose/ returned response: <Response [200]>
instabot version: 0.117.0 - INFO - Photo '/home/pi/Desktop/CarBot/PyCode/00L0L_jv2URba3R3Uz_1560Ok_600x450.jpg' is uploaded.
root - INFO - found result!
root - INFO - https://images.craigslist.org/01616_k7rjNKseZd1z_0hT0CI_600x450.jpg
instabot version: 0.117.0 - DEBUG - POST to endpoint: media/configure/? returned response: <Response [200]>
instabot version: 0.117.0 - DEBUG - POST to endpoint: qe/expose/ returned response: <Response [200]>
instabot version: 0.117.0 - INFO - Photo '/home/pi/Desktop/CarBot/PyCode/01616_k7rjNKseZd1z_0hT0CI_600x450.jpg' is uploaded.
root - INFO - found result!
root - INFO - https://images.craigslist.org/00J0J_awHSEAxGAUwz_0CI0t2_600x450.jpg
instabot version: 0.117.0 - DEBUG - POST to endpoint: media/configure/? returned response: <Response [200]>
instabot version: 0.117.0 - DEBUG - POST to endpoint: qe/expose/ returned response: <Response [200]>
instabot version: 0.117.0 - INFO - Photo '/home/pi/Desktop/CarBot/PyCode/00J0J_awHSEAxGAUwz_0CI0t2_600x450.jpg' is uploaded.
root - INFO - found result!
root - INFO - https://images.craigslist.org/00S0S_8L609x7iuOfz_0CI0t2_600x450.jpg
instabot version: 0.117.0 - DEBUG - POST to endpoint: media/configure/? returned response: <Response [200]>
instabot version: 0.117.0 - DEBUG - POST to endpoint: qe/expose/ returned response: <Response [200]>
instabot version: 0.117.0 - INFO - Photo '/home/pi/Desktop/CarBot/PyCode/00S0S_8L609x7iuOfz_0CI0t2_600x450.jpg' is uploaded.
root - INFO - found result!
root - INFO - https://images.craigslist.org/00N0N_4SbYIZDOlPMz_0CI0t2_600x450.jpg
instabot version: 0.117.0 - DEBUG - POST to endpoint: media/configure/? returned response: <Response [200]>
instabot version: 0.117.0 - DEBUG - POST to endpoint: qe/expose/ returned response: <Response [200]>
instabot version: 0.117.0 - INFO - Photo '/home/pi/Desktop/CarBot/PyCode/00N0N_4SbYIZDOlPMz_0CI0t2_600x450.jpg' is uploaded.
root - INFO - found result!
root - INFO - https://images.craigslist.org/00a0a_3EGnBL0LLYDz_0x20oF_600x450.jpg
instabot version: 0.117.0 - DEBUG - POST to endpoint: media/configure/? returned response: <Response [200]>
instabot version: 0.117.0 - DEBUG - POST to endpoint: qe/expose/ returned response: <Response [200]>
instabot version: 0.117.0 - INFO - Photo '/home/pi/Desktop/CarBot/PyCode/00a0a_3EGnBL0LLYDz_0x20oF_600x450.jpg' is uploaded.
root - INFO - found result!
root - INFO - https://images.craigslist.org/00z0z_6H9Z6LYWVehz_0CI0t2_600x450.jpg
instabot version: 0.117.0 - DEBUG - POST to endpoint: media/configure/? returned response: <Response [200]>
instabot version: 0.117.0 - DEBUG - POST to endpoint: qe/expose/ returned response: <Response [200]>
instabot version: 0.117.0 - INFO - Photo '/home/pi/Desktop/CarBot/PyCode/00z0z_6H9Z6LYWVehz_0CI0t2_600x450.jpg' is uploaded.
root - INFO - found result!
root - INFO - https://images.craigslist.org/00101_aTz5KoCEKf3z_07K0ak_600x450.jpg
instabot version: 0.117.0 - DEBUG - POST to endpoint: media/configure/? returned response: <Response [200]>
instabot version: 0.117.0 - DEBUG - POST to endpoint: qe/expose/ returned response: <Response [200]>
instabot version: 0.117.0 - INFO - Photo '/home/pi/Desktop/CarBot/PyCode/00101_aTz5KoCEKf3z_07K0ak_600x450.jpg' is uploaded.
root - INFO - found result!
root - INFO - https://images.craigslist.org/00p0p_jem9bGhn7BCz_0CI0t2_600x450.jpg
instabot version: 0.117.0 - DEBUG - POST to endpoint: media/configure/? returned response: <Response [200]>
instabot version: 0.117.0 - DEBUG - POST to endpoint: qe/expose/ returned response: <Response [200]>
instabot version: 0.117.0 - INFO - Photo '/home/pi/Desktop/CarBot/PyCode/00p0p_jem9bGhn7BCz_0CI0t2_600x450.jpg' is uploaded.
python-craiglist - WARNING - 'hybrid' is not a valid option for auto_fuel_type
python-craiglist - WARNING - 'electric' is not a valid option for auto_fuel_type
python-craiglist - WARNING - 'other' is not a valid option for auto_fuel_type
root - INFO - found result!
root - INFO - https://images.craigslist.org/00q0q_a2NTQLVRy0gz_0CI0t2_600x450.jpg
instabot version: 0.117.0 - DEBUG - POST to endpoint: media/configure/? returned response: <Response [200]>
instabot version: 0.117.0 - DEBUG - POST to endpoint: qe/expose/ returned response: <Response [200]>
instabot version: 0.117.0 - INFO - Photo '/home/pi/Desktop/CarBot/PyCode/00q0q_a2NTQLVRy0gz_0CI0t2_600x450.jpg' is uploaded.
root - INFO - found result!
root - INFO - https://images.craigslist.org/01717_1Ivx2kTPCkjz_0CI0t2_600x450.jpg
instabot version: 0.117.0 - DEBUG - POST to endpoint: media/configure/? returned response: <Response [200]>
instabot version: 0.117.0 - DEBUG - POST to endpoint: qe/expose/ returned response: <Response [200]>
instabot version: 0.117.0 - INFO - Photo '/home/pi/Desktop/CarBot/PyCode/01717_1Ivx2kTPCkjz_0CI0t2_600x450.jpg' is uploaded.
root - INFO - found result!
root - INFO - https://images.craigslist.org/00m0m_dY59yFCvkb6z_0CI0t2_600x450.jpg
instabot version: 0.117.0 - DEBUG - POST to endpoint: media/configure/? returned response: <Response [200]>
instabot version: 0.117.0 - DEBUG - POST to endpoint: qe/expose/ returned response: <Response [200]>
instabot version: 0.117.0 - INFO - Photo '/home/pi/Desktop/CarBot/PyCode/00m0m_dY59yFCvkb6z_0CI0t2_600x450.jpg' is uploaded.
root - INFO - found result!
root - INFO - https://images.craigslist.org/01414_9psUw7GE7Jfz_0CI0t2_600x450.jpg
instabot version: 0.117.0 - DEBUG - POST to endpoint: media/configure/? returned response: <Response [200]>
instabot version: 0.117.0 - DEBUG - POST to endpoint: qe/expose/ returned response: <Response [200]>
instabot version: 0.117.0 - INFO - Photo '/home/pi/Desktop/CarBot/PyCode/01414_9psUw7GE7Jfz_0CI0t2_600x450.jpg' is uploaded.
root - INFO - found result!
root - INFO - https://images.craigslist.org/00l0l_kXPIppfV96Nz_0CI0t2_600x450.jpg
instabot version: 0.117.0 - DEBUG - POST to endpoint: media/configure/? returned response: <Response [200]>
instabot version: 0.117.0 - DEBUG - POST to endpoint: qe/expose/ returned response: <Response [200]>
instabot version: 0.117.0 - INFO - Photo '/home/pi/Desktop/CarBot/PyCode/00l0l_kXPIppfV96Nz_0CI0t2_600x450.jpg' is uploaded.
root - INFO - found result!
root - INFO - https://images.craigslist.org/00909_9ivzg7cr69lz_0aT0ew_600x450.jpg
instabot version: 0.117.0 - DEBUG - POST to endpoint: media/configure/? returned response: <Response [200]>
instabot version: 0.117.0 - DEBUG - POST to endpoint: qe/expose/ returned response: <Response [200]>
instabot version: 0.117.0 - INFO - Photo '/home/pi/Desktop/CarBot/PyCode/00909_9ivzg7cr69lz_0aT0ew_600x450.jpg' is uploaded.
instabot version: 0.117.0 - DEBUG - Saving Checkpoint file to: /home/pi/config/barely_driven.checkpoint
instabot version: 0.117.0 - INFO - Total requests: 23457
